Return-Path: <b.a.t.m.a.n-bounces@lists.open-mesh.org>
X-Original-To: lists+b.a.t.m.a.n@lfdr.de
Delivered-To: lists+b.a.t.m.a.n@lfdr.de
Received: from diktynna.open-mesh.org (diktynna.open-mesh.org [IPv6:2a01:4f8:241:fc1:136:243:236:17])
	by mail.lfdr.de (Postfix) with ESMTPS id B11156564AC
	for <lists+b.a.t.m.a.n@lfdr.de>; Mon, 26 Dec 2022 19:50:16 +0100 (CET)
Received: from diktynna.open-mesh.org (localhost [IPv6:::1])
	by diktynna.open-mesh.org (Postfix) with ESMTP id 819A7846D8;
	Mon, 26 Dec 2022 19:50:15 +0100 (CET)
Received: from dvalin.narfation.org (dvalin.narfation.org [213.160.73.56])
	by diktynna.open-mesh.org (Postfix) with ESMTPS id 5302D802BF
	for <b.a.t.m.a.n@lists.open-mesh.org>; Mon, 26 Dec 2022 19:50:04 +0100 (CET)
ARC-Message-Signature: i=1; a=rsa-sha256; c=relaxed/relaxed; d=open-mesh.org;
	s=20121; t=1672080604;
	h=from:from:reply-to:subject:subject:date:date:message-id:message-id:
	 to:to:cc:cc:mime-version:mime-version:content-type:content-type:
	 in-reply-to:in-reply-to:references:references:dkim-signature;
	bh=+jPvXqKwC9AkGSlOVNjs+n1uXRTnEFsf54aMCqRvxyo=;
	b=0LZX3JeVEVmE+cobR0ehATCOohMIecnOq5JwP7yKHi1swzB/Ff6rIESk7G5ScNoHaF4nTd
	wiI8obKAMY+e8JmSf+tT0344WraL2Fe1s7ly69TvNVKYovrbwpR54AIh+QS3WR1a+m/CMT
	9lD+htbRzyAmpovu1HmVcS4X5qPQjF8=
ARC-Authentication-Results: i=1;
	diktynna.open-mesh.org;
	dkim=pass header.d=narfation.org header.s=20121 header.b=bdVdEGzG;
	dmarc=pass (policy=none) header.from=narfation.org;
	spf=pass (diktynna.open-mesh.org: domain of sven@narfation.org designates 213.160.73.56 as permitted sender) smtp.mailfrom=sven@narfation.org
ARC-Seal: i=1; s=20121; d=open-mesh.org; t=1672080604; a=rsa-sha256;
	cv=none;
	b=rFB7c1IM8dPeA8YE103JEUDcaoufMbHg6FzRhkFtYU8sFZ/+SUijtQ7PSW+R2E3kTuZMTA
	w4iHuUuscUhIjuTrf/hHA75xzr5WDAw2My1OLRRlcl8wPH10/fH536QYIwGZsIELUav+v+
	Fy5AY2xEhoanuBjbYAuw1h3vMCfCxAM=
DKIM-Signature: v=1; a=rsa-sha256; c=relaxed/relaxed; d=narfation.org;
	s=20121; t=1672080603;
	h=from:from:reply-to:subject:subject:date:date:message-id:message-id:
	 to:to:cc:cc:mime-version:mime-version:content-type:content-type:
	 in-reply-to:in-reply-to:references:references;
	bh=+jPvXqKwC9AkGSlOVNjs+n1uXRTnEFsf54aMCqRvxyo=;
	b=bdVdEGzGycI8vJzzNKsPxL7xCK1Ql4S/FE5gGaazYWQIwLpKDzcp9VXpBgK7MkSssU5ogd
	ZCuHruY97+mFIqpIcnNxyKsvj3tuJ1V22je9J4pv6Lq1UrVhQV9z8351Ia/zqKgCYYyPwh
	vRVUoDRy8XZW/BjIVB9jsgOrplNG7aA=
From: Sven Eckelmann <sven@narfation.org>
To: b.a.t.m.a.n@lists.open-mesh.org
Cc: Linus =?ISO-8859-1?Q?L=FCssing?= <linus.luessing@c0d3.blue>
Subject: Re: [PATCH v2 5/5] batman-adv: mcast: shrink tracker packet after scrubbing
Date: Mon, 26 Dec 2022 19:50:01 +0100
Message-ID: <3339854.5fSG56mABF@sven-l14>
In-Reply-To: <20221226161554.9657-6-linus.luessing@c0d3.blue>
References: <20221226161554.9657-1-linus.luessing@c0d3.blue> <20221226161554.9657-6-linus.luessing@c0d3.blue>
MIME-Version: 1.0
Content-Type: multipart/signed; boundary="nextPart5988489.MhkbZ0Pkbq"; micalg="pgp-sha512"; protocol="application/pgp-signature"
X-MailFrom: sven@narfation.org
X-Mailman-Rule-Hits: max-size
X-Mailman-Rule-Misses: dmarc-mitigation; no-senders; approved; emergency; loop; banned-address; member-moderation; header-match-b.a.t.m.a.n.lists.open-mesh.org-0; header-match-b.a.t.m.a.n.lists.open-mesh.org-1; nonmember-moderation; administrivia; implicit-dest; max-recipients; news-moderation; no-subject; suspicious-header
Message-ID-Hash: 2G5GTWUTG5Q7LAI2SHAH4OPEDUSVQITN
X-Message-ID-Hash: 2G5GTWUTG5Q7LAI2SHAH4OPEDUSVQITN
X-Mailman-Approved-At: Mon, 26 Dec 2022 18:50:14 +0100
X-Mailman-Version: 3.2.1
Precedence: list
Reply-To: The list for a Better Approach To Mobile Ad-hoc Networking <b.a.t.m.a.n@lists.open-mesh.org>
List-Id: The list for a Better Approach To Mobile Ad-hoc Networking <b.a.t.m.a.n.lists.open-mesh.org>
Archived-At: <https://lists.open-mesh.org/mailman3/hyperkitty/list/b.a.t.m.a.n@lists.open-mesh.org/message/2G5GTWUTG5Q7LAI2SHAH4OPEDUSVQITN/>
List-Archive: <https://lists.open-mesh.org/mailman3/hyperkitty/list/b.a.t.m.a.n@lists.open-mesh.org/>
List-Help: <mailto:b.a.t.m.a.n-request@lists.open-mesh.org?subject=help>
List-Post: <mailto:b.a.t.m.a.n@lists.open-mesh.org>
List-Subscribe: <mailto:b.a.t.m.a.n-join@lists.open-mesh.org>
List-Unsubscribe: <mailto:b.a.t.m.a.n-leave@lists.open-mesh.org>

--nextPart5988489.MhkbZ0Pkbq
Content-Transfer-Encoding: quoted-printable
Content-Type: text/plain; charset="UTF-8"; protected-headers="v1"
From: Sven Eckelmann <sven@narfation.org>
To: b.a.t.m.a.n@lists.open-mesh.org
Cc: Linus =?ISO-8859-1?Q?L=FCssing?= <linus.luessing@c0d3.blue>
Date: Mon, 26 Dec 2022 19:50:01 +0100
Message-ID: <3339854.5fSG56mABF@sven-l14>
In-Reply-To: <20221226161554.9657-6-linus.luessing@c0d3.blue>
MIME-Version: 1.0

On Monday, 26 December 2022 17:15:54 CET Linus L=C3=BCssing wrote:
> Remove all zero MAC address entries (00:00:00:00:00:00) from a multicast
> packet's tracker TVLV before transmitting it and update all headers
> accordingly. This way, instead of keeping the multicast packet at a
> constant size throughout its journey through the mesh, it will become
> more lightweight, smaller with every interested receiver on the way and
> on each splitting intersection. Which can save some valuable bandwidth.
>=20
> Signed-off-by: Linus L=C3=BCssing <linus.luessing@c0d3.blue>
> ---
>  net/batman-adv/multicast_forw.c | 207 ++++++++++++++++++++++++++++++++
>  1 file changed, 207 insertions(+)

Name of failed tests
=3D=3D=3D=3D=3D=3D=3D=3D=3D=3D=3D=3D=3D=3D=3D=3D=3D=3D=3D=3D

ecsv/pu
=2D------

 * checkpatch ./net/batman-adv/multicast_forw.c
 * headers
 * kerneldoc ./net/batman-adv/multicast_forw.c
 * sparse linux-4.10 cfg: BLA=3Dn DAT=3Dn DEBUG=3Dn TRACING=3Dy NC=3Dn MCAS=
T=3Dn BATMAN_V=3Dn
 * sparse linux-4.10 cfg: BLA=3Dn DAT=3Dn DEBUG=3Dy TRACING=3Dn NC=3Dn MCAS=
T=3Dn BATMAN_V=3Dy
 * sparse linux-4.10 cfg: BLA=3Dn DAT=3Dy DEBUG=3Dn TRACING=3Dn NC=3Dn MCAS=
T=3Dy BATMAN_V=3Dn
 * sparse linux-4.10 cfg: BLA=3Dy DAT=3Dy DEBUG=3Dy TRACING=3Dy NC=3Dn MCAS=
T=3Dn BATMAN_V=3Dy
 * sparse linux-4.11 cfg: BLA=3Dn DAT=3Dn DEBUG=3Dy TRACING=3Dy NC=3Dy MCAS=
T=3Dy BATMAN_V=3Dn
 * sparse linux-4.11 cfg: BLA=3Dn DAT=3Dy DEBUG=3Dn TRACING=3Dn NC=3Dn MCAS=
T=3Dn BATMAN_V=3Dy
 * sparse linux-4.11 cfg: BLA=3Dn DAT=3Dy DEBUG=3Dn TRACING=3Dy NC=3Dy MCAS=
T=3Dn BATMAN_V=3Dy
 * sparse linux-4.11 cfg: BLA=3Dn DAT=3Dy DEBUG=3Dy TRACING=3Dn NC=3Dy MCAS=
T=3Dy BATMAN_V=3Dy
 * sparse linux-4.11 cfg: BLA=3Dy DAT=3Dn DEBUG=3Dn TRACING=3Dn NC=3Dy MCAS=
T=3Dn BATMAN_V=3Dn
 * sparse linux-4.11 cfg: BLA=3Dy DAT=3Dy DEBUG=3Dn TRACING=3Dn NC=3Dy MCAS=
T=3Dy BATMAN_V=3Dy
 * sparse linux-4.13 cfg: BLA=3Dy DAT=3Dn DEBUG=3Dn TRACING=3Dn NC=3Dy MCAS=
T=3Dy BATMAN_V=3Dy
 * sparse linux-4.13 cfg: BLA=3Dy DAT=3Dy DEBUG=3Dn TRACING=3Dy NC=3Dy MCAS=
T=3Dn BATMAN_V=3Dy
 * sparse linux-4.14 cfg: BLA=3Dn DAT=3Dn DEBUG=3Dn TRACING=3Dy NC=3Dy MCAS=
T=3Dy BATMAN_V=3Dy
 * sparse linux-4.14 cfg: BLA=3Dn DAT=3Dy DEBUG=3Dy TRACING=3Dy NC=3Dn MCAS=
T=3Dn BATMAN_V=3Dn
 * sparse linux-4.14 cfg: BLA=3Dy DAT=3Dn DEBUG=3Dy TRACING=3Dn NC=3Dn MCAS=
T=3Dn BATMAN_V=3Dn
 * sparse linux-4.14 cfg: BLA=3Dy DAT=3Dn DEBUG=3Dy TRACING=3Dn NC=3Dy MCAS=
T=3Dn BATMAN_V=3Dn
 * sparse linux-4.14 cfg: BLA=3Dy DAT=3Dn DEBUG=3Dy TRACING=3Dy NC=3Dy MCAS=
T=3Dy BATMAN_V=3Dy
 * sparse linux-4.14 cfg: BLA=3Dy DAT=3Dy DEBUG=3Dy TRACING=3Dn NC=3Dy MCAS=
T=3Dy BATMAN_V=3Dy
 * sparse linux-4.15 cfg: BLA=3Dn DAT=3Dy DEBUG=3Dn TRACING=3Dn NC=3Dn MCAS=
T=3Dy BATMAN_V=3Dy
 * sparse linux-4.15 cfg: BLA=3Dn DAT=3Dy DEBUG=3Dy TRACING=3Dy NC=3Dy MCAS=
T=3Dn BATMAN_V=3Dy
 * sparse linux-4.15 cfg: BLA=3Dy DAT=3Dn DEBUG=3Dn TRACING=3Dy NC=3Dn MCAS=
T=3Dy BATMAN_V=3Dy
 * sparse linux-4.16 cfg: BLA=3Dn DAT=3Dn DEBUG=3Dy TRACING=3Dy NC=3Dy MCAS=
T=3Dy BATMAN_V=3Dn
 * sparse linux-4.16 cfg: BLA=3Dy DAT=3Dn DEBUG=3Dy TRACING=3Dn NC=3Dy MCAS=
T=3Dy BATMAN_V=3Dy
 * sparse linux-4.16 cfg: BLA=3Dy DAT=3Dn DEBUG=3Dy TRACING=3Dy NC=3Dn MCAS=
T=3Dy BATMAN_V=3Dy
 * sparse linux-4.16 cfg: BLA=3Dy DAT=3Dy DEBUG=3Dy TRACING=3Dy NC=3Dn MCAS=
T=3Dn BATMAN_V=3Dn
 * sparse linux-4.17 cfg: BLA=3Dn DAT=3Dy DEBUG=3Dn TRACING=3Dy NC=3Dy MCAS=
T=3Dn BATMAN_V=3Dn
 * sparse linux-4.17 cfg: BLA=3Dy DAT=3Dn DEBUG=3Dn TRACING=3Dn NC=3Dn MCAS=
T=3Dy BATMAN_V=3Dn
 * sparse linux-4.17 cfg: BLA=3Dy DAT=3Dn DEBUG=3Dy TRACING=3Dn NC=3Dy MCAS=
T=3Dy BATMAN_V=3Dy
 * sparse linux-4.17 cfg: BLA=3Dy DAT=3Dy DEBUG=3Dy TRACING=3Dy NC=3Dn MCAS=
T=3Dn BATMAN_V=3Dy
 * sparse linux-4.18 cfg: BLA=3Dn DAT=3Dy DEBUG=3Dn TRACING=3Dy NC=3Dy MCAS=
T=3Dy BATMAN_V=3Dn
 * sparse linux-4.18 cfg: BLA=3Dy DAT=3Dn DEBUG=3Dn TRACING=3Dn NC=3Dy MCAS=
T=3Dn BATMAN_V=3Dy
 * sparse linux-4.18 cfg: BLA=3Dy DAT=3Dn DEBUG=3Dn TRACING=3Dy NC=3Dn MCAS=
T=3Dn BATMAN_V=3Dn
 * sparse linux-4.18 cfg: BLA=3Dy DAT=3Dy DEBUG=3Dn TRACING=3Dn NC=3Dn MCAS=
T=3Dy BATMAN_V=3Dy
 * sparse linux-4.18 cfg: BLA=3Dy DAT=3Dy DEBUG=3Dn TRACING=3Dn NC=3Dy MCAS=
T=3Dn BATMAN_V=3Dn
 * sparse linux-4.18 cfg: BLA=3Dy DAT=3Dy DEBUG=3Dy TRACING=3Dn NC=3Dn MCAS=
T=3Dy BATMAN_V=3Dy
 * sparse linux-4.19 cfg: BLA=3Dn DAT=3Dn DEBUG=3Dy TRACING=3Dy NC=3Dn MCAS=
T=3Dn BATMAN_V=3Dn
 * sparse linux-4.19 cfg: BLA=3Dn DAT=3Dy DEBUG=3Dn TRACING=3Dn NC=3Dn MCAS=
T=3Dy BATMAN_V=3Dn
 * sparse linux-4.19 cfg: BLA=3Dy DAT=3Dy DEBUG=3Dn TRACING=3Dy NC=3Dy MCAS=
T=3Dy BATMAN_V=3Dy
 * sparse linux-4.19.269 cfg: BLA=3Dn DAT=3Dn DEBUG=3Dn TRACING=3Dn NC=3Dn =
MCAST=3Dn BATMAN_V=3Dn
 * sparse linux-4.19.269 cfg: BLA=3Dn DAT=3Dn DEBUG=3Dy TRACING=3Dn NC=3Dn =
MCAST=3Dn BATMAN_V=3Dy
 * sparse linux-4.19.269 cfg: BLA=3Dy DAT=3Dn DEBUG=3Dn TRACING=3Dn NC=3Dn =
MCAST=3Dn BATMAN_V=3Dn
 * sparse linux-4.19.269 cfg: BLA=3Dy DAT=3Dy DEBUG=3Dy TRACING=3Dn NC=3Dy =
MCAST=3Dn BATMAN_V=3Dn
 * sparse linux-4.20 cfg: BLA=3Dn DAT=3Dy DEBUG=3Dn TRACING=3Dy NC=3Dy MCAS=
T=3Dy BATMAN_V=3Dy
 * sparse linux-4.20 cfg: BLA=3Dn DAT=3Dy DEBUG=3Dy TRACING=3Dn NC=3Dn MCAS=
T=3Dy BATMAN_V=3Dy
 * sparse linux-4.20 cfg: BLA=3Dy DAT=3Dy DEBUG=3Dy TRACING=3Dy NC=3Dn MCAS=
T=3Dy BATMAN_V=3Dn
 * sparse linux-4.9 cfg: BLA=3Dn DAT=3Dn DEBUG=3Dn TRACING=3Dy NC=3Dy MCAST=
=3Dn BATMAN_V=3Dy
 * sparse linux-4.9 cfg: BLA=3Dy DAT=3Dn DEBUG=3Dn TRACING=3Dy NC=3Dy MCAST=
=3Dn BATMAN_V=3Dy
 * sparse linux-4.9 cfg: BLA=3Dy DAT=3Dy DEBUG=3Dy TRACING=3Dy NC=3Dy MCAST=
=3Dn BATMAN_V=3Dn
 * sparse linux-4.9.336 cfg: BLA=3Dn DAT=3Dn DEBUG=3Dn TRACING=3Dy NC=3Dy M=
CAST=3Dy BATMAN_V=3Dn
 * sparse linux-4.9.336 cfg: BLA=3Dn DAT=3Dy DEBUG=3Dn TRACING=3Dy NC=3Dy M=
CAST=3Dn BATMAN_V=3Dy
 * sparse linux-5.0 cfg: BLA=3Dn DAT=3Dn DEBUG=3Dn TRACING=3Dn NC=3Dy MCAST=
=3Dy BATMAN_V=3Dy
 * sparse linux-5.0 cfg: BLA=3Dn DAT=3Dn DEBUG=3Dy TRACING=3Dn NC=3Dn MCAST=
=3Dn BATMAN_V=3Dn
 * sparse linux-5.0 cfg: BLA=3Dn DAT=3Dn DEBUG=3Dy TRACING=3Dn NC=3Dn MCAST=
=3Dy BATMAN_V=3Dy
 * sparse linux-5.0 cfg: BLA=3Dy DAT=3Dy DEBUG=3Dn TRACING=3Dn NC=3Dn MCAST=
=3Dy BATMAN_V=3Dn
 * sparse linux-5.1 cfg: BLA=3Dn DAT=3Dn DEBUG=3Dn TRACING=3Dn NC=3Dn MCAST=
=3Dy BATMAN_V=3Dy
 * sparse linux-5.10 cfg: BLA=3Dn DAT=3Dy DEBUG=3Dn TRACING=3Dy NC=3Dy MCAS=
T=3Dy BATMAN_V=3Dn
 * sparse linux-5.10 cfg: BLA=3Dy DAT=3Dn DEBUG=3Dn TRACING=3Dy NC=3Dn MCAS=
T=3Dn BATMAN_V=3Dy
 * sparse linux-5.10 cfg: BLA=3Dy DAT=3Dn DEBUG=3Dy TRACING=3Dy NC=3Dn MCAS=
T=3Dy BATMAN_V=3Dy
 * sparse linux-5.10 cfg: BLA=3Dy DAT=3Dy DEBUG=3Dn TRACING=3Dy NC=3Dn MCAS=
T=3Dn BATMAN_V=3Dn
 * sparse linux-5.10 cfg: BLA=3Dy DAT=3Dy DEBUG=3Dy TRACING=3Dn NC=3Dy MCAS=
T=3Dy BATMAN_V=3Dy
 * sparse linux-5.10.159 cfg: BLA=3Dn DAT=3Dy DEBUG=3Dy TRACING=3Dy NC=3Dy =
MCAST=3Dy BATMAN_V=3Dy
 * sparse linux-5.10.159 cfg: BLA=3Dy DAT=3Dy DEBUG=3Dn TRACING=3Dy NC=3Dy =
MCAST=3Dy BATMAN_V=3Dy
 * sparse linux-5.11 cfg: BLA=3Dn DAT=3Dn DEBUG=3Dn TRACING=3Dn NC=3Dn MCAS=
T=3Dn BATMAN_V=3Dy
 * sparse linux-5.11 cfg: BLA=3Dn DAT=3Dy DEBUG=3Dn TRACING=3Dn NC=3Dn MCAS=
T=3Dy BATMAN_V=3Dy
 * sparse linux-5.11 cfg: BLA=3Dn DAT=3Dy DEBUG=3Dy TRACING=3Dy NC=3Dy MCAS=
T=3Dy BATMAN_V=3Dn
 * sparse linux-5.11 cfg: BLA=3Dy DAT=3Dn DEBUG=3Dn TRACING=3Dn NC=3Dn MCAS=
T=3Dn BATMAN_V=3Dy
 * sparse linux-5.11 cfg: BLA=3Dy DAT=3Dn DEBUG=3Dn TRACING=3Dy NC=3Dy MCAS=
T=3Dn BATMAN_V=3Dn
 * sparse linux-5.11 cfg: BLA=3Dy DAT=3Dn DEBUG=3Dy TRACING=3Dn NC=3Dy MCAS=
T=3Dy BATMAN_V=3Dy
 * sparse linux-5.11 cfg: BLA=3Dy DAT=3Dy DEBUG=3Dn TRACING=3Dy NC=3Dy MCAS=
T=3Dy BATMAN_V=3Dy
 * sparse linux-5.11 cfg: BLA=3Dy DAT=3Dy DEBUG=3Dy TRACING=3Dy NC=3Dy MCAS=
T=3Dy BATMAN_V=3Dn
 * sparse linux-5.12 cfg: BLA=3Dn DAT=3Dy DEBUG=3Dn TRACING=3Dn NC=3Dy MCAS=
T=3Dy BATMAN_V=3Dn
 * sparse linux-5.12 cfg: BLA=3Dy DAT=3Dn DEBUG=3Dn TRACING=3Dy NC=3Dn MCAS=
T=3Dn BATMAN_V=3Dy
 * sparse linux-5.12 cfg: BLA=3Dy DAT=3Dy DEBUG=3Dy TRACING=3Dy NC=3Dy MCAS=
T=3Dn BATMAN_V=3Dy
 * sparse linux-5.13 cfg: BLA=3Dn DAT=3Dn DEBUG=3Dn TRACING=3Dn NC=3Dy MCAS=
T=3Dn BATMAN_V=3Dy
 * sparse linux-5.13 cfg: BLA=3Dn DAT=3Dn DEBUG=3Dn TRACING=3Dy NC=3Dy MCAS=
T=3Dn BATMAN_V=3Dy
 * sparse linux-5.13 cfg: BLA=3Dn DAT=3Dy DEBUG=3Dy TRACING=3Dy NC=3Dn MCAS=
T=3Dn BATMAN_V=3Dy
 * sparse linux-5.14 cfg: BLA=3Dn DAT=3Dy DEBUG=3Dy TRACING=3Dn NC=3Dy MCAS=
T=3Dn BATMAN_V=3Dy
 * sparse linux-5.15 cfg: BLA=3Dn DAT=3Dn DEBUG=3Dn TRACING=3Dn NC=3Dy MCAS=
T=3Dy BATMAN_V=3Dn
 * sparse linux-5.15 cfg: BLA=3Dn DAT=3Dy DEBUG=3Dy TRACING=3Dy NC=3Dy MCAS=
T=3Dy BATMAN_V=3Dn
 * sparse linux-5.15 cfg: BLA=3Dy DAT=3Dn DEBUG=3Dy TRACING=3Dy NC=3Dn MCAS=
T=3Dy BATMAN_V=3Dy
 * sparse linux-5.15.83 cfg: BLA=3Dn DAT=3Dy DEBUG=3Dn TRACING=3Dy NC=3Dy M=
CAST=3Dy BATMAN_V=3Dn
 * sparse linux-5.15.83 cfg: BLA=3Dn DAT=3Dy DEBUG=3Dy TRACING=3Dn NC=3Dy M=
CAST=3Dy BATMAN_V=3Dn
 * sparse linux-5.16 cfg: BLA=3Dn DAT=3Dn DEBUG=3Dn TRACING=3Dy NC=3Dn MCAS=
T=3Dy BATMAN_V=3Dn
 * sparse linux-5.16 cfg: BLA=3Dy DAT=3Dn DEBUG=3Dn TRACING=3Dn NC=3Dn MCAS=
T=3Dn BATMAN_V=3Dn
 * sparse linux-5.16 cfg: BLA=3Dy DAT=3Dn DEBUG=3Dn TRACING=3Dn NC=3Dy MCAS=
T=3Dn BATMAN_V=3Dy
 * sparse linux-5.16 cfg: BLA=3Dy DAT=3Dy DEBUG=3Dy TRACING=3Dy NC=3Dn MCAS=
T=3Dy BATMAN_V=3Dy
 * sparse linux-5.16 cfg: BLA=3Dy DAT=3Dy DEBUG=3Dy TRACING=3Dy NC=3Dy MCAS=
T=3Dy BATMAN_V=3Dn
 * sparse linux-5.17 cfg: BLA=3Dn DAT=3Dn DEBUG=3Dy TRACING=3Dy NC=3Dy MCAS=
T=3Dn BATMAN_V=3Dy
 * sparse linux-5.17 cfg: BLA=3Dy DAT=3Dy DEBUG=3Dy TRACING=3Dn NC=3Dy MCAS=
T=3Dn BATMAN_V=3Dy
 * sparse linux-5.18 cfg: BLA=3Dn DAT=3Dn DEBUG=3Dn TRACING=3Dn NC=3Dn MCAS=
T=3Dn BATMAN_V=3Dn
 * sparse linux-5.18 cfg: BLA=3Dn DAT=3Dy DEBUG=3Dy TRACING=3Dy NC=3Dy MCAS=
T=3Dn BATMAN_V=3Dy
 * sparse linux-5.2 cfg: BLA=3Dn DAT=3Dy DEBUG=3Dn TRACING=3Dn NC=3Dy MCAST=
=3Dn BATMAN_V=3Dy
 * sparse linux-5.2 cfg: BLA=3Dy DAT=3Dn DEBUG=3Dy TRACING=3Dy NC=3Dn MCAST=
=3Dn BATMAN_V=3Dy
 * sparse linux-5.2 cfg: BLA=3Dy DAT=3Dy DEBUG=3Dn TRACING=3Dy NC=3Dn MCAST=
=3Dy BATMAN_V=3Dn
 * sparse linux-5.2 cfg: BLA=3Dy DAT=3Dy DEBUG=3Dn TRACING=3Dy NC=3Dy MCAST=
=3Dn BATMAN_V=3Dn
 * sparse linux-5.3 cfg: BLA=3Dn DAT=3Dn DEBUG=3Dn TRACING=3Dn NC=3Dn MCAST=
=3Dn BATMAN_V=3Dn
 * sparse linux-5.4 cfg: BLA=3Dy DAT=3Dn DEBUG=3Dn TRACING=3Dn NC=3Dn MCAST=
=3Dn BATMAN_V=3Dn
 * sparse linux-5.4 cfg: BLA=3Dy DAT=3Dy DEBUG=3Dy TRACING=3Dn NC=3Dn MCAST=
=3Dy BATMAN_V=3Dy
 * sparse linux-5.4.227 cfg: BLA=3Dn DAT=3Dn DEBUG=3Dy TRACING=3Dn NC=3Dn M=
CAST=3Dn BATMAN_V=3Dy
 * sparse linux-5.4.227 cfg: BLA=3Dn DAT=3Dn DEBUG=3Dy TRACING=3Dn NC=3Dy M=
CAST=3Dy BATMAN_V=3Dy
 * sparse linux-5.5 cfg: BLA=3Dn DAT=3Dn DEBUG=3Dn TRACING=3Dy NC=3Dn MCAST=
=3Dy BATMAN_V=3Dn
 * sparse linux-5.5 cfg: BLA=3Dy DAT=3Dn DEBUG=3Dn TRACING=3Dy NC=3Dn MCAST=
=3Dy BATMAN_V=3Dn
 * sparse linux-5.6 cfg: BLA=3Dy DAT=3Dy DEBUG=3Dn TRACING=3Dy NC=3Dn MCAST=
=3Dy BATMAN_V=3Dn
 * sparse linux-5.7 cfg: BLA=3Dn DAT=3Dn DEBUG=3Dy TRACING=3Dy NC=3Dy MCAST=
=3Dy BATMAN_V=3Dy
 * sparse linux-5.7 cfg: BLA=3Dn DAT=3Dy DEBUG=3Dy TRACING=3Dy NC=3Dn MCAST=
=3Dy BATMAN_V=3Dn
 * sparse linux-5.7 cfg: BLA=3Dy DAT=3Dn DEBUG=3Dn TRACING=3Dy NC=3Dy MCAST=
=3Dn BATMAN_V=3Dy
 * sparse linux-5.8 cfg: BLA=3Dn DAT=3Dn DEBUG=3Dn TRACING=3Dn NC=3Dn MCAST=
=3Dy BATMAN_V=3Dn
 * sparse linux-5.8 cfg: BLA=3Dn DAT=3Dy DEBUG=3Dn TRACING=3Dy NC=3Dn MCAST=
=3Dy BATMAN_V=3Dn
 * sparse linux-5.8 cfg: BLA=3Dn DAT=3Dy DEBUG=3Dy TRACING=3Dn NC=3Dy MCAST=
=3Dn BATMAN_V=3Dn
 * sparse linux-5.8 cfg: BLA=3Dn DAT=3Dy DEBUG=3Dy TRACING=3Dy NC=3Dy MCAST=
=3Dn BATMAN_V=3Dy
 * sparse linux-5.8 cfg: BLA=3Dy DAT=3Dn DEBUG=3Dn TRACING=3Dn NC=3Dn MCAST=
=3Dn BATMAN_V=3Dn
 * sparse linux-5.9 cfg: BLA=3Dy DAT=3Dn DEBUG=3Dn TRACING=3Dn NC=3Dn MCAST=
=3Dy BATMAN_V=3Dy
 * sparse linux-5.9 cfg: BLA=3Dy DAT=3Dn DEBUG=3Dn TRACING=3Dy NC=3Dy MCAST=
=3Dy BATMAN_V=3Dy
 * sparse linux-5.9 cfg: BLA=3Dy DAT=3Dy DEBUG=3Dn TRACING=3Dy NC=3Dn MCAST=
=3Dy BATMAN_V=3Dn
 * sparse linux-5.9 cfg: BLA=3Dy DAT=3Dy DEBUG=3Dy TRACING=3Dn NC=3Dn MCAST=
=3Dn BATMAN_V=3Dy
 * sparse linux-6.0 cfg: BLA=3Dn DAT=3Dn DEBUG=3Dn TRACING=3Dn NC=3Dy MCAST=
=3Dn BATMAN_V=3Dn
 * sparse linux-6.0.13 cfg: BLA=3Dn DAT=3Dn DEBUG=3Dy TRACING=3Dy NC=3Dn MC=
AST=3Dn BATMAN_V=3Dn
 * sparse linux-6.0.13 cfg: BLA=3Dy DAT=3Dn DEBUG=3Dn TRACING=3Dy NC=3Dn MC=
AST=3Dn BATMAN_V=3Dn
 * sparse linux-6.1 cfg: BLA=3Dy DAT=3Dn DEBUG=3Dy TRACING=3Dn NC=3Dy MCAST=
=3Dy BATMAN_V=3Dy
 * sparse linux-6.1 cfg: BLA=3Dy DAT=3Dn DEBUG=3Dy TRACING=3Dy NC=3Dn MCAST=
=3Dn BATMAN_V=3Dn
 * sparse linux-6.1 cfg: BLA=3Dy DAT=3Dy DEBUG=3Dy TRACING=3Dy NC=3Dy MCAST=
=3Dn BATMAN_V=3Dy
 * unused_symbols linux-4.10 cfg: BLA=3Dn DAT=3Dy DEBUG=3Dn TRACING=3Dn NC=
=3Dn MCAST=3Dy BATMAN_V=3Dn
 * unused_symbols linux-4.11 cfg: BLA=3Dn DAT=3Dn DEBUG=3Dy TRACING=3Dy NC=
=3Dy MCAST=3Dy BATMAN_V=3Dn
 * unused_symbols linux-4.11 cfg: BLA=3Dn DAT=3Dy DEBUG=3Dn TRACING=3Dy NC=
=3Dy MCAST=3Dn BATMAN_V=3Dy
 * unused_symbols linux-4.11 cfg: BLA=3Dn DAT=3Dy DEBUG=3Dy TRACING=3Dn NC=
=3Dy MCAST=3Dy BATMAN_V=3Dy
 * unused_symbols linux-4.11 cfg: BLA=3Dy DAT=3Dn DEBUG=3Dn TRACING=3Dn NC=
=3Dy MCAST=3Dn BATMAN_V=3Dn
 * unused_symbols linux-4.11 cfg: BLA=3Dy DAT=3Dy DEBUG=3Dn TRACING=3Dn NC=
=3Dy MCAST=3Dy BATMAN_V=3Dy
 * unused_symbols linux-4.13 cfg: BLA=3Dy DAT=3Dn DEBUG=3Dn TRACING=3Dn NC=
=3Dy MCAST=3Dy BATMAN_V=3Dy
 * unused_symbols linux-4.13 cfg: BLA=3Dy DAT=3Dy DEBUG=3Dn TRACING=3Dy NC=
=3Dy MCAST=3Dn BATMAN_V=3Dy
 * unused_symbols linux-4.14 cfg: BLA=3Dn DAT=3Dn DEBUG=3Dn TRACING=3Dy NC=
=3Dy MCAST=3Dy BATMAN_V=3Dy
 * unused_symbols linux-4.14 cfg: BLA=3Dy DAT=3Dn DEBUG=3Dy TRACING=3Dn NC=
=3Dy MCAST=3Dn BATMAN_V=3Dn
 * unused_symbols linux-4.14 cfg: BLA=3Dy DAT=3Dn DEBUG=3Dy TRACING=3Dy NC=
=3Dy MCAST=3Dy BATMAN_V=3Dy
 * unused_symbols linux-4.14 cfg: BLA=3Dy DAT=3Dy DEBUG=3Dy TRACING=3Dn NC=
=3Dy MCAST=3Dy BATMAN_V=3Dy
 * unused_symbols linux-4.15 cfg: BLA=3Dn DAT=3Dy DEBUG=3Dn TRACING=3Dn NC=
=3Dn MCAST=3Dy BATMAN_V=3Dy
 * unused_symbols linux-4.15 cfg: BLA=3Dn DAT=3Dy DEBUG=3Dy TRACING=3Dy NC=
=3Dy MCAST=3Dn BATMAN_V=3Dy
 * unused_symbols linux-4.15 cfg: BLA=3Dy DAT=3Dn DEBUG=3Dn TRACING=3Dy NC=
=3Dn MCAST=3Dy BATMAN_V=3Dy
 * unused_symbols linux-4.16 cfg: BLA=3Dn DAT=3Dn DEBUG=3Dy TRACING=3Dy NC=
=3Dy MCAST=3Dy BATMAN_V=3Dn
 * unused_symbols linux-4.16 cfg: BLA=3Dy DAT=3Dn DEBUG=3Dy TRACING=3Dn NC=
=3Dy MCAST=3Dy BATMAN_V=3Dy
 * unused_symbols linux-4.16 cfg: BLA=3Dy DAT=3Dn DEBUG=3Dy TRACING=3Dy NC=
=3Dn MCAST=3Dy BATMAN_V=3Dy
 * unused_symbols linux-4.17 cfg: BLA=3Dn DAT=3Dy DEBUG=3Dn TRACING=3Dy NC=
=3Dy MCAST=3Dn BATMAN_V=3Dn
 * unused_symbols linux-4.17 cfg: BLA=3Dy DAT=3Dn DEBUG=3Dn TRACING=3Dn NC=
=3Dn MCAST=3Dy BATMAN_V=3Dn
 * unused_symbols linux-4.17 cfg: BLA=3Dy DAT=3Dn DEBUG=3Dy TRACING=3Dn NC=
=3Dy MCAST=3Dy BATMAN_V=3Dy
 * unused_symbols linux-4.18 cfg: BLA=3Dn DAT=3Dy DEBUG=3Dn TRACING=3Dy NC=
=3Dy MCAST=3Dy BATMAN_V=3Dn
 * unused_symbols linux-4.18 cfg: BLA=3Dy DAT=3Dn DEBUG=3Dn TRACING=3Dn NC=
=3Dy MCAST=3Dn BATMAN_V=3Dy
 * unused_symbols linux-4.18 cfg: BLA=3Dy DAT=3Dy DEBUG=3Dn TRACING=3Dn NC=
=3Dn MCAST=3Dy BATMAN_V=3Dy
 * unused_symbols linux-4.18 cfg: BLA=3Dy DAT=3Dy DEBUG=3Dn TRACING=3Dn NC=
=3Dy MCAST=3Dn BATMAN_V=3Dn
 * unused_symbols linux-4.18 cfg: BLA=3Dy DAT=3Dy DEBUG=3Dy TRACING=3Dn NC=
=3Dn MCAST=3Dy BATMAN_V=3Dy
 * unused_symbols linux-4.19 cfg: BLA=3Dn DAT=3Dy DEBUG=3Dn TRACING=3Dn NC=
=3Dn MCAST=3Dy BATMAN_V=3Dn
 * unused_symbols linux-4.19 cfg: BLA=3Dy DAT=3Dy DEBUG=3Dn TRACING=3Dy NC=
=3Dy MCAST=3Dy BATMAN_V=3Dy
 * unused_symbols linux-4.19.269 cfg: BLA=3Dy DAT=3Dy DEBUG=3Dy TRACING=3Dn=
 NC=3Dy MCAST=3Dn BATMAN_V=3Dn
 * unused_symbols linux-4.20 cfg: BLA=3Dn DAT=3Dy DEBUG=3Dn TRACING=3Dy NC=
=3Dy MCAST=3Dy BATMAN_V=3Dy
 * unused_symbols linux-4.20 cfg: BLA=3Dn DAT=3Dy DEBUG=3Dy TRACING=3Dn NC=
=3Dn MCAST=3Dy BATMAN_V=3Dy
 * unused_symbols linux-4.20 cfg: BLA=3Dy DAT=3Dy DEBUG=3Dy TRACING=3Dy NC=
=3Dn MCAST=3Dy BATMAN_V=3Dn
 * unused_symbols linux-4.9 cfg: BLA=3Dn DAT=3Dn DEBUG=3Dn TRACING=3Dy NC=
=3Dy MCAST=3Dn BATMAN_V=3Dy
 * unused_symbols linux-4.9 cfg: BLA=3Dy DAT=3Dn DEBUG=3Dn TRACING=3Dy NC=
=3Dy MCAST=3Dn BATMAN_V=3Dy
 * unused_symbols linux-4.9 cfg: BLA=3Dy DAT=3Dy DEBUG=3Dy TRACING=3Dy NC=
=3Dy MCAST=3Dn BATMAN_V=3Dn
 * unused_symbols linux-4.9.336 cfg: BLA=3Dn DAT=3Dn DEBUG=3Dn TRACING=3Dy =
NC=3Dy MCAST=3Dy BATMAN_V=3Dn
 * unused_symbols linux-4.9.336 cfg: BLA=3Dn DAT=3Dy DEBUG=3Dn TRACING=3Dy =
NC=3Dy MCAST=3Dn BATMAN_V=3Dy
 * unused_symbols linux-5.0 cfg: BLA=3Dn DAT=3Dn DEBUG=3Dn TRACING=3Dn NC=
=3Dy MCAST=3Dy BATMAN_V=3Dy
 * unused_symbols linux-5.0 cfg: BLA=3Dn DAT=3Dn DEBUG=3Dy TRACING=3Dn NC=
=3Dn MCAST=3Dy BATMAN_V=3Dy
 * unused_symbols linux-5.0 cfg: BLA=3Dy DAT=3Dy DEBUG=3Dn TRACING=3Dn NC=
=3Dn MCAST=3Dy BATMAN_V=3Dn
 * unused_symbols linux-5.1 cfg: BLA=3Dn DAT=3Dn DEBUG=3Dn TRACING=3Dn NC=
=3Dn MCAST=3Dy BATMAN_V=3Dy
 * unused_symbols linux-5.10 cfg: BLA=3Dn DAT=3Dy DEBUG=3Dn TRACING=3Dy NC=
=3Dy MCAST=3Dy BATMAN_V=3Dn
 * unused_symbols linux-5.10 cfg: BLA=3Dy DAT=3Dn DEBUG=3Dy TRACING=3Dy NC=
=3Dn MCAST=3Dy BATMAN_V=3Dy
 * unused_symbols linux-5.10 cfg: BLA=3Dy DAT=3Dy DEBUG=3Dy TRACING=3Dn NC=
=3Dy MCAST=3Dy BATMAN_V=3Dy
 * unused_symbols linux-5.10.159 cfg: BLA=3Dn DAT=3Dy DEBUG=3Dy TRACING=3Dy=
 NC=3Dy MCAST=3Dy BATMAN_V=3Dy
 * unused_symbols linux-5.10.159 cfg: BLA=3Dy DAT=3Dy DEBUG=3Dn TRACING=3Dy=
 NC=3Dy MCAST=3Dy BATMAN_V=3Dy
 * unused_symbols linux-5.11 cfg: BLA=3Dn DAT=3Dy DEBUG=3Dn TRACING=3Dn NC=
=3Dn MCAST=3Dy BATMAN_V=3Dy
 * unused_symbols linux-5.11 cfg: BLA=3Dn DAT=3Dy DEBUG=3Dy TRACING=3Dy NC=
=3Dy MCAST=3Dy BATMAN_V=3Dn
 * unused_symbols linux-5.11 cfg: BLA=3Dy DAT=3Dn DEBUG=3Dn TRACING=3Dy NC=
=3Dy MCAST=3Dn BATMAN_V=3Dn
 * unused_symbols linux-5.11 cfg: BLA=3Dy DAT=3Dn DEBUG=3Dy TRACING=3Dn NC=
=3Dy MCAST=3Dy BATMAN_V=3Dy
 * unused_symbols linux-5.11 cfg: BLA=3Dy DAT=3Dy DEBUG=3Dn TRACING=3Dy NC=
=3Dy MCAST=3Dy BATMAN_V=3Dy
 * unused_symbols linux-5.11 cfg: BLA=3Dy DAT=3Dy DEBUG=3Dy TRACING=3Dy NC=
=3Dy MCAST=3Dy BATMAN_V=3Dn
 * unused_symbols linux-5.12 cfg: BLA=3Dn DAT=3Dy DEBUG=3Dn TRACING=3Dn NC=
=3Dy MCAST=3Dy BATMAN_V=3Dn
 * unused_symbols linux-5.12 cfg: BLA=3Dy DAT=3Dy DEBUG=3Dy TRACING=3Dy NC=
=3Dy MCAST=3Dn BATMAN_V=3Dy
 * unused_symbols linux-5.13 cfg: BLA=3Dn DAT=3Dn DEBUG=3Dn TRACING=3Dn NC=
=3Dy MCAST=3Dn BATMAN_V=3Dy
 * unused_symbols linux-5.13 cfg: BLA=3Dn DAT=3Dn DEBUG=3Dn TRACING=3Dy NC=
=3Dy MCAST=3Dn BATMAN_V=3Dy
 * unused_symbols linux-5.14 cfg: BLA=3Dn DAT=3Dy DEBUG=3Dy TRACING=3Dn NC=
=3Dy MCAST=3Dn BATMAN_V=3Dy
 * unused_symbols linux-5.15 cfg: BLA=3Dn DAT=3Dn DEBUG=3Dn TRACING=3Dn NC=
=3Dy MCAST=3Dy BATMAN_V=3Dn
 * unused_symbols linux-5.15 cfg: BLA=3Dn DAT=3Dy DEBUG=3Dy TRACING=3Dy NC=
=3Dy MCAST=3Dy BATMAN_V=3Dn
 * unused_symbols linux-5.15 cfg: BLA=3Dy DAT=3Dn DEBUG=3Dy TRACING=3Dy NC=
=3Dn MCAST=3Dy BATMAN_V=3Dy
 * unused_symbols linux-5.15.83 cfg: BLA=3Dn DAT=3Dy DEBUG=3Dn TRACING=3Dy =
NC=3Dy MCAST=3Dy BATMAN_V=3Dn
 * unused_symbols linux-5.15.83 cfg: BLA=3Dn DAT=3Dy DEBUG=3Dy TRACING=3Dn =
NC=3Dy MCAST=3Dy BATMAN_V=3Dn
 * unused_symbols linux-5.16 cfg: BLA=3Dn DAT=3Dn DEBUG=3Dn TRACING=3Dy NC=
=3Dn MCAST=3Dy BATMAN_V=3Dn
 * unused_symbols linux-5.16 cfg: BLA=3Dy DAT=3Dn DEBUG=3Dn TRACING=3Dn NC=
=3Dy MCAST=3Dn BATMAN_V=3Dy
 * unused_symbols linux-5.16 cfg: BLA=3Dy DAT=3Dy DEBUG=3Dy TRACING=3Dy NC=
=3Dn MCAST=3Dy BATMAN_V=3Dy
 * unused_symbols linux-5.16 cfg: BLA=3Dy DAT=3Dy DEBUG=3Dy TRACING=3Dy NC=
=3Dy MCAST=3Dy BATMAN_V=3Dn
 * unused_symbols linux-5.17 cfg: BLA=3Dn DAT=3Dn DEBUG=3Dy TRACING=3Dy NC=
=3Dy MCAST=3Dn BATMAN_V=3Dy
 * unused_symbols linux-5.17 cfg: BLA=3Dy DAT=3Dy DEBUG=3Dy TRACING=3Dn NC=
=3Dy MCAST=3Dn BATMAN_V=3Dy
 * unused_symbols linux-5.18 cfg: BLA=3Dn DAT=3Dy DEBUG=3Dy TRACING=3Dy NC=
=3Dy MCAST=3Dn BATMAN_V=3Dy
 * unused_symbols linux-5.2 cfg: BLA=3Dn DAT=3Dy DEBUG=3Dn TRACING=3Dn NC=
=3Dy MCAST=3Dn BATMAN_V=3Dy
 * unused_symbols linux-5.2 cfg: BLA=3Dy DAT=3Dy DEBUG=3Dn TRACING=3Dy NC=
=3Dn MCAST=3Dy BATMAN_V=3Dn
 * unused_symbols linux-5.2 cfg: BLA=3Dy DAT=3Dy DEBUG=3Dn TRACING=3Dy NC=
=3Dy MCAST=3Dn BATMAN_V=3Dn
 * unused_symbols linux-5.4 cfg: BLA=3Dy DAT=3Dy DEBUG=3Dy TRACING=3Dn NC=
=3Dn MCAST=3Dy BATMAN_V=3Dy
 * unused_symbols linux-5.4.227 cfg: BLA=3Dn DAT=3Dn DEBUG=3Dy TRACING=3Dn =
NC=3Dy MCAST=3Dy BATMAN_V=3Dy
 * unused_symbols linux-5.5 cfg: BLA=3Dn DAT=3Dn DEBUG=3Dn TRACING=3Dy NC=
=3Dn MCAST=3Dy BATMAN_V=3Dn
 * unused_symbols linux-5.5 cfg: BLA=3Dy DAT=3Dn DEBUG=3Dn TRACING=3Dy NC=
=3Dn MCAST=3Dy BATMAN_V=3Dn
 * unused_symbols linux-5.6 cfg: BLA=3Dy DAT=3Dy DEBUG=3Dn TRACING=3Dy NC=
=3Dn MCAST=3Dy BATMAN_V=3Dn
 * unused_symbols linux-5.7 cfg: BLA=3Dn DAT=3Dn DEBUG=3Dy TRACING=3Dy NC=
=3Dy MCAST=3Dy BATMAN_V=3Dy
 * unused_symbols linux-5.7 cfg: BLA=3Dn DAT=3Dy DEBUG=3Dy TRACING=3Dy NC=
=3Dn MCAST=3Dy BATMAN_V=3Dn
 * unused_symbols linux-5.7 cfg: BLA=3Dy DAT=3Dn DEBUG=3Dn TRACING=3Dy NC=
=3Dy MCAST=3Dn BATMAN_V=3Dy
 * unused_symbols linux-5.8 cfg: BLA=3Dn DAT=3Dn DEBUG=3Dn TRACING=3Dn NC=
=3Dn MCAST=3Dy BATMAN_V=3Dn
 * unused_symbols linux-5.8 cfg: BLA=3Dn DAT=3Dy DEBUG=3Dn TRACING=3Dy NC=
=3Dn MCAST=3Dy BATMAN_V=3Dn
 * unused_symbols linux-5.8 cfg: BLA=3Dn DAT=3Dy DEBUG=3Dy TRACING=3Dn NC=
=3Dy MCAST=3Dn BATMAN_V=3Dn
 * unused_symbols linux-5.8 cfg: BLA=3Dn DAT=3Dy DEBUG=3Dy TRACING=3Dy NC=
=3Dy MCAST=3Dn BATMAN_V=3Dy
 * unused_symbols linux-5.9 cfg: BLA=3Dy DAT=3Dn DEBUG=3Dn TRACING=3Dn NC=
=3Dn MCAST=3Dy BATMAN_V=3Dy
 * unused_symbols linux-5.9 cfg: BLA=3Dy DAT=3Dn DEBUG=3Dn TRACING=3Dy NC=
=3Dy MCAST=3Dy BATMAN_V=3Dy
 * unused_symbols linux-5.9 cfg: BLA=3Dy DAT=3Dy DEBUG=3Dn TRACING=3Dy NC=
=3Dn MCAST=3Dy BATMAN_V=3Dn
 * unused_symbols linux-6.0 cfg: BLA=3Dn DAT=3Dn DEBUG=3Dn TRACING=3Dn NC=
=3Dy MCAST=3Dn BATMAN_V=3Dn
 * unused_symbols linux-6.1 cfg: BLA=3Dy DAT=3Dn DEBUG=3Dy TRACING=3Dn NC=
=3Dy MCAST=3Dy BATMAN_V=3Dy
 * unused_symbols linux-6.1 cfg: BLA=3Dy DAT=3Dy DEBUG=3Dy TRACING=3Dy NC=
=3Dy MCAST=3Dn BATMAN_V=3Dy


Output of different failed tests
=3D=3D=3D=3D=3D=3D=3D=3D=3D=3D=3D=3D=3D=3D=3D=3D=3D=3D=3D=3D=3D=3D=3D=3D=3D=
=3D=3D=3D=3D=3D=3D=3D

ecsv/pu: checkpatch ./net/batman-adv/multicast_forw.c
=2D----------------------------------------------------

    CHECK: Macro argument reuse 'num_dests' - possible side-effects?
    #24: FILE: ./net/batman-adv/multicast_forw.c:24:
    +#define batadv_mcast_forw_tracker_for_each_dest(dest, num_dests) \
    +   for (; num_dests; num_dests--, (dest) +=3D ETH_ALEN)
   =20
    CHECK: Macro argument reuse 'num_dests' - possible side-effects?
    #27: FILE: ./net/batman-adv/multicast_forw.c:27:
    +#define batadv_mcast_forw_tracker_for_each_dest_rev(dest, num_dests) \
    +   for (; num_dests; num_dests--, (dest) -=3D ETH_ALEN)
   =20
    total: 0 errors, 0 warnings, 2 checks, 979 lines checked

ecsv/pu: headers
=2D---------------

    diff --git a/net/batman-adv/multicast.c b/net/batman-adv/multicast.c
    index 85f4b070..2f07a325 100644
    --- a/net/batman-adv/multicast.c
    +++ b/net/batman-adv/multicast.c
    @@ -26,7 +26,6 @@
     #include <linux/ipv6.h>
     #include <linux/jiffies.h>
     #include <linux/kernel.h>
    -#include <linux/kref.h>
     #include <linux/list.h>
     #include <linux/lockdep.h>
     #include <linux/netdevice.h>
    diff --git a/net/batman-adv/multicast_forw.c b/net/batman-adv/multicast=
_forw.c
    index 068c4d86..e13d42fe 100644
    --- a/net/batman-adv/multicast_forw.c
    +++ b/net/batman-adv/multicast_forw.c
    @@ -6,19 +6,29 @@
    =20
     #include "main.h" // IWYU pragma: keep
    =20
    +#include <linux/bug.h>
    +#include <linux/build_bug.h>
    +#include <linux/byteorder/generic.h>
    +#include <linux/errno.h>
     #include <linux/etherdevice.h>
    +#include <linux/gfp.h>
     #include <linux/if_ether.h>
     #include <linux/if_vlan.h>
     #include <linux/ipv6.h>
    +#include <linux/limits.h>
     #include <linux/netdevice.h>
    +#include <linux/rculist.h>
    +#include <linux/rcupdate.h>
     #include <linux/skbuff.h>
    +#include <linux/stddef.h>
    +#include <linux/string.h>
     #include <linux/types.h>
    +#include <uapi/linux/batadv_packet.h>
    =20
     #include "bridge_loop_avoidance.h"
     #include "originator.h"
     #include "routing.h"
     #include "send.h"
    -#include "soft-interface.h"
     #include "translation-table.h"
    =20
     #define batadv_mcast_forw_tracker_for_each_dest(dest, num_dests) \
    diff --git a/net/batman-adv/routing.c b/net/batman-adv/routing.c
    index 0ecb86b3..eb905740 100644
    --- a/net/batman-adv/routing.c
    +++ b/net/batman-adv/routing.c
    @@ -30,7 +30,6 @@
     #include "fragmentation.h"
     #include "hard-interface.h"
     #include "log.h"
    -#include "multicast.h"
     #include "network-coding.h"
     #include "originator.h"
     #include "send.h"
    diff --git a/net/batman-adv/soft-interface.c b/net/batman-adv/soft-inte=
rface.c
    index b76b85b2..69334ef8 100644
    --- a/net/batman-adv/soft-interface.c
    +++ b/net/batman-adv/soft-interface.c
    @@ -48,7 +48,6 @@
     #include "hard-interface.h"
     #include "multicast.h"
     #include "network-coding.h"
    -#include "originator.h"
     #include "send.h"
     #include "translation-table.h"
    =20
    diff --git a/net/batman-adv/tvlv.h b/net/batman-adv/tvlv.h
    index d1c4e072..743688d1 100644
    --- a/net/batman-adv/tvlv.h
    +++ b/net/batman-adv/tvlv.h
    @@ -9,6 +9,7 @@
    =20
     #include "main.h" // IWYU pragma: keep
    =20
    +#include <linux/skbuff.h>
     #include <linux/types.h>
     #include <uapi/linux/batadv_packet.h>

ecsv/pu: kerneldoc ./net/batman-adv/multicast_forw.c
=2D---------------------------------------------------

    ./net/batman-adv/multicast_forw.c:75: warning: Function parameter or me=
mber 'bat_priv' not described in 'batadv_mcast_forw_push_dest'
    ./net/batman-adv/multicast_forw.c:388: warning: Function parameter or m=
ember 'bat_priv' not described in 'batadv_mcast_forw_push_tvlvs'
    ./net/batman-adv/multicast_forw.c:540: warning: Function parameter or m=
ember 'num_dests_remove' not described in 'batadv_mcast_forw_shrink_align_o=
ffset'
    ./net/batman-adv/multicast_forw.c:540: warning: Excess function paramet=
er 'num_dests_reduce' description in 'batadv_mcast_forw_shrink_align_offset'
    ./net/batman-adv/multicast_forw.c:639: warning: Function parameter or m=
ember 'num_dests_reduce' not described in 'batadv_mcast_forw_shrink_update_=
headers'
    ./net/batman-adv/multicast_forw.c:639: warning: Excess function paramet=
er 'num_dest_reduce' description in 'batadv_mcast_forw_shrink_update_header=
s'

ecsv/pu: sparse linux-4.10 cfg: BLA=3Dn DAT=3Dy DEBUG=3Dn TRACING=3Dn NC=3D=
n MCAST=3Dy BATMAN_V=3Dn
=2D------------------------------------------------------------------------=
=2D-

    /home/build_test/build_env/tmp.Yn6tGCukvG/net/batman-adv/multicast.c:12=
06:1: warning: symbol 'batadv_mcast_forw_mode_by_count' was not declared. S=
hould it be static?
    /home/build_test/build_env/tmp.Yn6tGCukvG/net/batman-adv/multicast_forw=
=2Ec:614:9: warning: statement expected after label
    /home/build_test/build_env/tmp.Yn6tGCukvG/net/batman-adv/multicast_forw=
=2Ec:861:5: warning: symbol 'batadv_mcast_forw_tracker_tvlv_handler' was no=
t declared. Should it be static?
    /home/build_test/build_env/tmp.Yn6tGCukvG/net/batman-adv/multicast_forw=
=2Ec:876:14: warning: symbol 'batadv_mcast_forw_packet_hdrlen' was not decl=
ared. Should it be static?
    /home/build_test/build_env/tmp.Yn6tGCukvG/net/batman-adv/multicast_forw=
=2Ec:933:6: warning: symbol 'batadv_mcast_forw_push' was not declared. Shou=
ld it be static?
    /home/build_test/build_env/tmp.Yn6tGCukvG/net/batman-adv/multicast_forw=
=2Ec:967:5: warning: symbol 'batadv_mcast_forw_mcsend' was not declared. Sh=
ould it be static?
    /home/build_test/build_env/tmp.Yn6tGCukvG/net/batman-adv/multicast_forw=
=2Ec:110:12: warning: context imbalance in 'batadv_mcast_forw_push_dests_li=
st' - wrong count at exit
    /home/build_test/build_env/tmp.Yn6tGCukvG/net/batman-adv/multicast_forw=
=2Ec: In function =E2=80=98batadv_mcast_forw_shrink_pack_dests=E2=80=99:
    /home/build_test/build_env/tmp.Yn6tGCukvG/net/batman-adv/multicast_forw=
=2Ec:613:1: error: label at end of compound statement
     cont_next_slot:
     ^~~~~~~~~~~~~~
    make[3]: *** [scripts/Makefile.build:295: /home/build_test/build_env/tm=
p.Yn6tGCukvG/net/batman-adv/multicast_forw.o] Error 1
    make[2]: *** [scripts/Makefile.build:553: /home/build_test/build_env/tm=
p.Yn6tGCukvG/net/batman-adv] Error 2
    make[1]: *** [Makefile:1490: _module_/home/build_test/build_env/tmp.Yn6=
tGCukvG] Error 2
    make: *** [Makefile:68: all] Error 2

ecsv/pu: sparse linux-4.10 cfg: BLA=3Dy DAT=3Dy DEBUG=3Dy TRACING=3Dy NC=3D=
n MCAST=3Dn BATMAN_V=3Dy
=2D------------------------------------------------------------------------=
=2D-

    /home/build_test/build_env/tmp.Yn6tGCukvG/net/batman-adv/tvlv.c:389:17:=
 error: typename in expression
    /home/build_test/build_env/tmp.Yn6tGCukvG/net/batman-adv/tvlv.c:405:17:=
 error: typename in expression
    /home/build_test/build_env/tmp.Yn6tGCukvG/net/batman-adv/tvlv.c:405:26:=
 error: Expected ; at end of statement
    /home/build_test/build_env/tmp.Yn6tGCukvG/net/batman-adv/tvlv.c:405:26:=
 error: got int
    /home/build_test/build_env/tmp.Yn6tGCukvG/net/batman-adv/tvlv.c:389:17:=
 error: undefined identifier 'u8'
    /home/build_test/build_env/tmp.Yn6tGCukvG/net/batman-adv/tvlv.c:389:21:=
 error: undefined identifier 'src'
    /home/build_test/build_env/tmp.Yn6tGCukvG/net/batman-adv/tvlv.c:398:17:=
 error: undefined identifier 'src'
    /home/build_test/build_env/tmp.Yn6tGCukvG/net/batman-adv/tvlv.c:401:64:=
 error: undefined identifier 'src'
    /home/build_test/build_env/tmp.Yn6tGCukvG/net/batman-adv/tvlv.c:405:17:=
 error: undefined identifier 'unsigned'
    /home/build_test/build_env/tmp.Yn6tGCukvG/net/batman-adv/tvlv.c:413:17:=
 error: undefined identifier 'tvlv_offset'
    /home/build_test/build_env/tmp.Yn6tGCukvG/net/batman-adv/tvlv.c:414:45:=
 error: undefined identifier 'tvlv_offset'
    /home/build_test/build_env/tmp.Yn6tGCukvG/net/batman-adv/tvlv.c:415:47:=
 error: undefined identifier 'tvlv_offset'
    /home/build_test/build_env/tmp.Yn6tGCukvG/net/batman-adv/tvlv.c: In fun=
ction =E2=80=98batadv_tvlv_call_handler=E2=80=99:
    /home/build_test/build_env/tmp.Yn6tGCukvG/net/batman-adv/tvlv.c:389:3: =
error: a label can only be part of a statement and a declaration is not a s=
tatement
       u8 *src;
       ^~
    /home/build_test/build_env/tmp.Yn6tGCukvG/net/batman-adv/tvlv.c:390:3: =
error: expected expression before =E2=80=98u8=E2=80=99
       u8 *dst;
       ^~
    /home/build_test/build_env/tmp.Yn6tGCukvG/net/batman-adv/tvlv.c:399:3: =
error: =E2=80=98dst=E2=80=99 undeclared (first use in this function)
       dst =3D ((struct batadv_unicast_tvlv_packet *)skb->data)->dst;
       ^~~
    /home/build_test/build_env/tmp.Yn6tGCukvG/net/batman-adv/tvlv.c:399:3: =
note: each undeclared identifier is reported only once for each function it=
 appears in
    /home/build_test/build_env/tmp.Yn6tGCukvG/net/batman-adv/tvlv.c:405:3: =
error: a label can only be part of a statement and a declaration is not a s=
tatement
       unsigned int tvlv_offset;
       ^~~~~~~~
    make[3]: *** [scripts/Makefile.build:295: /home/build_test/build_env/tm=
p.Yn6tGCukvG/net/batman-adv/tvlv.o] Error 1
    make[2]: *** [scripts/Makefile.build:553: /home/build_test/build_env/tm=
p.Yn6tGCukvG/net/batman-adv] Error 2
    make[1]: *** [Makefile:1490: _module_/home/build_test/build_env/tmp.Yn6=
tGCukvG] Error 2
    make: *** [Makefile:68: all] Error 2

ecsv/pu: sparse linux-4.11 cfg: BLA=3Dn DAT=3Dy DEBUG=3Dn TRACING=3Dn NC=3D=
n MCAST=3Dn BATMAN_V=3Dy
=2D------------------------------------------------------------------------=
=2D-

    /home/build_test/build_env/tmp.Yn6tGCukvG/net/batman-adv/tvlv.c:389:17:=
 error: typename in expression
    /home/build_test/build_env/tmp.Yn6tGCukvG/net/batman-adv/tvlv.c:405:17:=
 error: typename in expression
    /home/build_test/build_env/tmp.Yn6tGCukvG/net/batman-adv/tvlv.c:405:26:=
 error: Expected ; at end of statement
    /home/build_test/build_env/tmp.Yn6tGCukvG/net/batman-adv/tvlv.c:405:26:=
 error: got int
    /home/build_test/build_env/tmp.Yn6tGCukvG/net/batman-adv/tvlv.c:389:17:=
 error: undefined identifier 'u8'
    /home/build_test/build_env/tmp.Yn6tGCukvG/net/batman-adv/tvlv.c:389:21:=
 error: undefined identifier 'src'
    /home/build_test/build_env/tmp.Yn6tGCukvG/net/batman-adv/tvlv.c:398:17:=
 error: undefined identifier 'src'
    /home/build_test/build_env/tmp.Yn6tGCukvG/net/batman-adv/tvlv.c:401:64:=
 error: undefined identifier 'src'
    /home/build_test/build_env/tmp.Yn6tGCukvG/net/batman-adv/tvlv.c:405:17:=
 error: undefined identifier 'unsigned'
    /home/build_test/build_env/tmp.Yn6tGCukvG/net/batman-adv/tvlv.c:413:17:=
 error: undefined identifier 'tvlv_offset'
    /home/build_test/build_env/tmp.Yn6tGCukvG/net/batman-adv/tvlv.c:414:45:=
 error: undefined identifier 'tvlv_offset'
    /home/build_test/build_env/tmp.Yn6tGCukvG/net/batman-adv/tvlv.c:415:47:=
 error: undefined identifier 'tvlv_offset'
    /home/build_test/build_env/tmp.Yn6tGCukvG/net/batman-adv/tvlv.c: In fun=
ction =E2=80=98batadv_tvlv_call_handler=E2=80=99:
    /home/build_test/build_env/tmp.Yn6tGCukvG/net/batman-adv/tvlv.c:389:3: =
error: a label can only be part of a statement and a declaration is not a s=
tatement
       u8 *src;
       ^~
    /home/build_test/build_env/tmp.Yn6tGCukvG/net/batman-adv/tvlv.c:390:3: =
error: expected expression before =E2=80=98u8=E2=80=99
       u8 *dst;
       ^~
    /home/build_test/build_env/tmp.Yn6tGCukvG/net/batman-adv/tvlv.c:399:3: =
error: =E2=80=98dst=E2=80=99 undeclared (first use in this function)
       dst =3D ((struct batadv_unicast_tvlv_packet *)skb->data)->dst;
       ^~~
    /home/build_test/build_env/tmp.Yn6tGCukvG/net/batman-adv/tvlv.c:399:3: =
note: each undeclared identifier is reported only once for each function it=
 appears in
    /home/build_test/build_env/tmp.Yn6tGCukvG/net/batman-adv/tvlv.c:405:3: =
error: a label can only be part of a statement and a declaration is not a s=
tatement
       unsigned int tvlv_offset;
       ^~~~~~~~
    make[3]: *** [scripts/Makefile.build:295: /home/build_test/build_env/tm=
p.Yn6tGCukvG/net/batman-adv/tvlv.o] Error 1
    make[2]: *** [scripts/Makefile.build:553: /home/build_test/build_env/tm=
p.Yn6tGCukvG/net/batman-adv] Error 2
    make[1]: *** [Makefile:1492: _module_/home/build_test/build_env/tmp.Yn6=
tGCukvG] Error 2
    make: *** [Makefile:68: all] Error 2

ecsv/pu: sparse linux-4.11 cfg: BLA=3Dn DAT=3Dy DEBUG=3Dn TRACING=3Dy NC=3D=
y MCAST=3Dn BATMAN_V=3Dy
=2D------------------------------------------------------------------------=
=2D-

    /home/build_test/build_env/tmp.Yn6tGCukvG/net/batman-adv/network-coding=
=2Ec:163:44: warning: incorrect type in argument 4 (different base types)
    /home/build_test/build_env/tmp.Yn6tGCukvG/net/batman-adv/network-coding=
=2Ec:163:44:    expected int ( *mptr )( ... )
    /home/build_test/build_env/tmp.Yn6tGCukvG/net/batman-adv/network-coding=
=2Ec:163:44:    got int
    /home/build_test/build_env/tmp.Yn6tGCukvG/net/batman-adv/network-coding=
=2Ec:162:37: error: not enough arguments for function batadv_tvlv_handler_r=
egister
    /home/build_test/build_env/tmp.Yn6tGCukvG/net/batman-adv/network-coding=
=2Ec: In function =E2=80=98batadv_nc_mesh_init=E2=80=99:
    /home/build_test/build_env/tmp.Yn6tGCukvG/net/batman-adv/network-coding=
=2Ec:163:16: warning: passing argument 4 of =E2=80=98batadv_tvlv_handler_re=
gister=E2=80=99 makes pointer from integer without a cast [-Wint-conversion]
              NULL, BATADV_TVLV_NC, 1,
                    ^~~~~~~~~~~~~~
    In file included from /home/build_test/build_env/tmp.Yn6tGCukvG/net/bat=
man-adv/network-coding.c:45:
    /home/build_test/build_env/tmp.Yn6tGCukvG/net/batman-adv/tvlv.h:37:13: =
note: expected =E2=80=98int (*)(struct batadv_priv *, struct sk_buff *)=E2=
=80=99 but argument is of type =E2=80=98int=E2=80=99
           int (*mptr)(struct batadv_priv *bat_priv,
           ~~~~~~^~~~~~~~~~~~~~~~~~~~~~~~~~~~~~~~~~~
                struct sk_buff *skb),
                ~~~~~~~~~~~~~~~~~~~~
    /home/build_test/build_env/tmp.Yn6tGCukvG/net/batman-adv/network-coding=
=2Ec:162:2: error: too few arguments to function =E2=80=98batadv_tvlv_handl=
er_register=E2=80=99
      batadv_tvlv_handler_register(bat_priv, batadv_nc_tvlv_ogm_handler_v1,
      ^~~~~~~~~~~~~~~~~~~~~~~~~~~~
    In file included from /home/build_test/build_env/tmp.Yn6tGCukvG/net/bat=
man-adv/network-coding.c:45:
    /home/build_test/build_env/tmp.Yn6tGCukvG/net/batman-adv/tvlv.h:27:6: n=
ote: declared here
     void batadv_tvlv_handler_register(struct batadv_priv *bat_priv,
          ^~~~~~~~~~~~~~~~~~~~~~~~~~~~
    make[3]: *** [scripts/Makefile.build:295: /home/build_test/build_env/tm=
p.Yn6tGCukvG/net/batman-adv/network-coding.o] Error 1
    make[2]: *** [scripts/Makefile.build:553: /home/build_test/build_env/tm=
p.Yn6tGCukvG/net/batman-adv] Error 2
    make[1]: *** [Makefile:1492: _module_/home/build_test/build_env/tmp.Yn6=
tGCukvG] Error 2
    make: *** [Makefile:68: all] Error 2

ecsv/pu: sparse linux-4.11 cfg: BLA=3Dy DAT=3Dy DEBUG=3Dn TRACING=3Dn NC=3D=
y MCAST=3Dy BATMAN_V=3Dy
=2D------------------------------------------------------------------------=
=2D-

    /home/build_test/build_env/tmp.Yn6tGCukvG/net/batman-adv/multicast.c:12=
06:1: warning: symbol 'batadv_mcast_forw_mode_by_count' was not declared. S=
hould it be static?
    /home/build_test/build_env/tmp.Yn6tGCukvG/net/batman-adv/multicast_forw=
=2Ec:614:9: warning: statement expected after label
    /home/build_test/build_env/tmp.Yn6tGCukvG/net/batman-adv/multicast_forw=
=2Ec:861:5: warning: symbol 'batadv_mcast_forw_tracker_tvlv_handler' was no=
t declared. Should it be static?
    /home/build_test/build_env/tmp.Yn6tGCukvG/net/batman-adv/multicast_forw=
=2Ec:876:14: warning: symbol 'batadv_mcast_forw_packet_hdrlen' was not decl=
ared. Should it be static?
    /home/build_test/build_env/tmp.Yn6tGCukvG/net/batman-adv/multicast_forw=
=2Ec:933:6: warning: symbol 'batadv_mcast_forw_push' was not declared. Shou=
ld it be static?
    /home/build_test/build_env/tmp.Yn6tGCukvG/net/batman-adv/multicast_forw=
=2Ec:967:5: warning: symbol 'batadv_mcast_forw_mcsend' was not declared. Sh=
ould it be static?
    /home/build_test/build_env/tmp.Yn6tGCukvG/net/batman-adv/multicast_forw=
=2Ec:110:12: warning: context imbalance in 'batadv_mcast_forw_push_dests_li=
st' - wrong count at exit
    /home/build_test/build_env/tmp.Yn6tGCukvG/net/batman-adv/multicast_forw=
=2Ec: In function =E2=80=98batadv_mcast_forw_shrink_pack_dests=E2=80=99:
    /home/build_test/build_env/tmp.Yn6tGCukvG/net/batman-adv/multicast_forw=
=2Ec:613:1: error: label at end of compound statement
     cont_next_slot:
     ^~~~~~~~~~~~~~
    make[3]: *** [scripts/Makefile.build:295: /home/build_test/build_env/tm=
p.Yn6tGCukvG/net/batman-adv/multicast_forw.o] Error 1
    make[2]: *** [scripts/Makefile.build:553: /home/build_test/build_env/tm=
p.Yn6tGCukvG/net/batman-adv] Error 2
    make[1]: *** [Makefile:1492: _module_/home/build_test/build_env/tmp.Yn6=
tGCukvG] Error 2
    make: *** [Makefile:68: all] Error 2

ecsv/pu: sparse linux-4.13 cfg: BLA=3Dy DAT=3Dn DEBUG=3Dn TRACING=3Dn NC=3D=
y MCAST=3Dy BATMAN_V=3Dy
=2D------------------------------------------------------------------------=
=2D-

    /home/build_test/build_env/tmp.Yn6tGCukvG/net/batman-adv/multicast.c:12=
06:1: warning: symbol 'batadv_mcast_forw_mode_by_count' was not declared. S=
hould it be static?
    /home/build_test/build_env/tmp.Yn6tGCukvG/net/batman-adv/multicast_forw=
=2Ec:614:9: warning: statement expected after label
    /home/build_test/build_env/tmp.Yn6tGCukvG/net/batman-adv/multicast_forw=
=2Ec:861:5: warning: symbol 'batadv_mcast_forw_tracker_tvlv_handler' was no=
t declared. Should it be static?
    /home/build_test/build_env/tmp.Yn6tGCukvG/net/batman-adv/multicast_forw=
=2Ec:876:14: warning: symbol 'batadv_mcast_forw_packet_hdrlen' was not decl=
ared. Should it be static?
    /home/build_test/build_env/tmp.Yn6tGCukvG/net/batman-adv/multicast_forw=
=2Ec:933:6: warning: symbol 'batadv_mcast_forw_push' was not declared. Shou=
ld it be static?
    /home/build_test/build_env/tmp.Yn6tGCukvG/net/batman-adv/multicast_forw=
=2Ec:967:5: warning: symbol 'batadv_mcast_forw_mcsend' was not declared. Sh=
ould it be static?
    /home/build_test/build_env/tmp.Yn6tGCukvG/net/batman-adv/multicast_forw=
=2Ec:110:12: warning: context imbalance in 'batadv_mcast_forw_push_dests_li=
st' - wrong count at exit
    /home/build_test/build_env/tmp.Yn6tGCukvG/net/batman-adv/multicast_forw=
=2Ec: In function =E2=80=98batadv_mcast_forw_shrink_pack_dests=E2=80=99:
    /home/build_test/build_env/tmp.Yn6tGCukvG/net/batman-adv/multicast_forw=
=2Ec:613:1: error: label at end of compound statement
     cont_next_slot:
     ^~~~~~~~~~~~~~
    make[3]: *** [scripts/Makefile.build:303: /home/build_test/build_env/tm=
p.Yn6tGCukvG/net/batman-adv/multicast_forw.o] Error 1
    make[2]: *** [scripts/Makefile.build:561: /home/build_test/build_env/tm=
p.Yn6tGCukvG/net/batman-adv] Error 2
    make[1]: *** [Makefile:1512: _module_/home/build_test/build_env/tmp.Yn6=
tGCukvG] Error 2
    make: *** [Makefile:68: all] Error 2

ecsv/pu: sparse linux-4.13 cfg: BLA=3Dy DAT=3Dy DEBUG=3Dn TRACING=3Dy NC=3D=
y MCAST=3Dn BATMAN_V=3Dy
=2D------------------------------------------------------------------------=
=2D-

    /home/build_test/build_env/tmp.Yn6tGCukvG/net/batman-adv/network-coding=
=2Ec:163:44: warning: incorrect type in argument 4 (different base types)
    /home/build_test/build_env/tmp.Yn6tGCukvG/net/batman-adv/network-coding=
=2Ec:163:44:    expected int ( *mptr )( ... )
    /home/build_test/build_env/tmp.Yn6tGCukvG/net/batman-adv/network-coding=
=2Ec:163:44:    got int
    /home/build_test/build_env/tmp.Yn6tGCukvG/net/batman-adv/network-coding=
=2Ec:162:37: error: not enough arguments for function batadv_tvlv_handler_r=
egister
    /home/build_test/build_env/tmp.Yn6tGCukvG/net/batman-adv/network-coding=
=2Ec: In function =E2=80=98batadv_nc_mesh_init=E2=80=99:
    /home/build_test/build_env/tmp.Yn6tGCukvG/net/batman-adv/network-coding=
=2Ec:163:16: warning: passing argument 4 of =E2=80=98batadv_tvlv_handler_re=
gister=E2=80=99 makes pointer from integer without a cast [-Wint-conversion]
              NULL, BATADV_TVLV_NC, 1,
                    ^~~~~~~~~~~~~~
    In file included from /home/build_test/build_env/tmp.Yn6tGCukvG/net/bat=
man-adv/network-coding.c:45:
    /home/build_test/build_env/tmp.Yn6tGCukvG/net/batman-adv/tvlv.h:37:13: =
note: expected =E2=80=98int (*)(struct batadv_priv *, struct sk_buff *)=E2=
=80=99 but argument is of type =E2=80=98int=E2=80=99
           int (*mptr)(struct batadv_priv *bat_priv,
           ~~~~~~^~~~~~~~~~~~~~~~~~~~~~~~~~~~~~~~~~~
                struct sk_buff *skb),
                ~~~~~~~~~~~~~~~~~~~~
    /home/build_test/build_env/tmp.Yn6tGCukvG/net/batman-adv/network-coding=
=2Ec:162:2: error: too few arguments to function =E2=80=98batadv_tvlv_handl=
er_register=E2=80=99
      batadv_tvlv_handler_register(bat_priv, batadv_nc_tvlv_ogm_handler_v1,
      ^~~~~~~~~~~~~~~~~~~~~~~~~~~~
    In file included from /home/build_test/build_env/tmp.Yn6tGCukvG/net/bat=
man-adv/network-coding.c:45:
    /home/build_test/build_env/tmp.Yn6tGCukvG/net/batman-adv/tvlv.h:27:6: n=
ote: declared here
     void batadv_tvlv_handler_register(struct batadv_priv *bat_priv,
          ^~~~~~~~~~~~~~~~~~~~~~~~~~~~
    make[3]: *** [scripts/Makefile.build:303: /home/build_test/build_env/tm=
p.Yn6tGCukvG/net/batman-adv/network-coding.o] Error 1
    make[2]: *** [scripts/Makefile.build:561: /home/build_test/build_env/tm=
p.Yn6tGCukvG/net/batman-adv] Error 2
    make[1]: *** [Makefile:1512: _module_/home/build_test/build_env/tmp.Yn6=
tGCukvG] Error 2
    make: *** [Makefile:68: all] Error 2

ecsv/pu: sparse linux-4.14 cfg: BLA=3Dn DAT=3Dn DEBUG=3Dn TRACING=3Dy NC=3D=
y MCAST=3Dy BATMAN_V=3Dy
=2D------------------------------------------------------------------------=
=2D-

    /home/build_test/build_env/tmp.Yn6tGCukvG/net/batman-adv/multicast.c:12=
06:1: warning: symbol 'batadv_mcast_forw_mode_by_count' was not declared. S=
hould it be static?
    /home/build_test/build_env/tmp.Yn6tGCukvG/net/batman-adv/multicast_forw=
=2Ec:614:9: warning: statement expected after label
    /home/build_test/build_env/tmp.Yn6tGCukvG/net/batman-adv/multicast_forw=
=2Ec:861:5: warning: symbol 'batadv_mcast_forw_tracker_tvlv_handler' was no=
t declared. Should it be static?
    /home/build_test/build_env/tmp.Yn6tGCukvG/net/batman-adv/multicast_forw=
=2Ec:876:14: warning: symbol 'batadv_mcast_forw_packet_hdrlen' was not decl=
ared. Should it be static?
    /home/build_test/build_env/tmp.Yn6tGCukvG/net/batman-adv/multicast_forw=
=2Ec:933:6: warning: symbol 'batadv_mcast_forw_push' was not declared. Shou=
ld it be static?
    /home/build_test/build_env/tmp.Yn6tGCukvG/net/batman-adv/multicast_forw=
=2Ec:967:5: warning: symbol 'batadv_mcast_forw_mcsend' was not declared. Sh=
ould it be static?
    /home/build_test/build_env/tmp.Yn6tGCukvG/net/batman-adv/multicast_forw=
=2Ec:110:12: warning: context imbalance in 'batadv_mcast_forw_push_dests_li=
st' - wrong count at exit
    /home/build_test/build_env/tmp.Yn6tGCukvG/net/batman-adv/multicast_forw=
=2Ec: In function =E2=80=98batadv_mcast_forw_shrink_pack_dests=E2=80=99:
    /home/build_test/build_env/tmp.Yn6tGCukvG/net/batman-adv/multicast_forw=
=2Ec:613:1: error: label at end of compound statement
     cont_next_slot:
     ^~~~~~~~~~~~~~
    make[3]: *** [scripts/Makefile.build:315: /home/build_test/build_env/tm=
p.Yn6tGCukvG/net/batman-adv/multicast_forw.o] Error 1
    make[2]: *** [scripts/Makefile.build:573: /home/build_test/build_env/tm=
p.Yn6tGCukvG/net/batman-adv] Error 2
    make[1]: *** [Makefile:1503: _module_/home/build_test/build_env/tmp.Yn6=
tGCukvG] Error 2
    make: *** [Makefile:68: all] Error 2

ecsv/pu: sparse linux-4.14 cfg: BLA=3Dy DAT=3Dn DEBUG=3Dy TRACING=3Dn NC=3D=
n MCAST=3Dn BATMAN_V=3Dn
=2D------------------------------------------------------------------------=
=2D-

    /home/build_test/build_env/tmp.Yn6tGCukvG/net/batman-adv/tvlv.c:389:17:=
 error: typename in expression
    /home/build_test/build_env/tmp.Yn6tGCukvG/net/batman-adv/tvlv.c:405:17:=
 error: typename in expression
    /home/build_test/build_env/tmp.Yn6tGCukvG/net/batman-adv/tvlv.c:405:26:=
 error: Expected ; at end of statement
    /home/build_test/build_env/tmp.Yn6tGCukvG/net/batman-adv/tvlv.c:405:26:=
 error: got int
    /home/build_test/build_env/tmp.Yn6tGCukvG/net/batman-adv/tvlv.c:389:17:=
 error: undefined identifier 'u8'
    /home/build_test/build_env/tmp.Yn6tGCukvG/net/batman-adv/tvlv.c:389:21:=
 error: undefined identifier 'src'
    /home/build_test/build_env/tmp.Yn6tGCukvG/net/batman-adv/tvlv.c:398:17:=
 error: undefined identifier 'src'
    /home/build_test/build_env/tmp.Yn6tGCukvG/net/batman-adv/tvlv.c:401:64:=
 error: undefined identifier 'src'
    /home/build_test/build_env/tmp.Yn6tGCukvG/net/batman-adv/tvlv.c:405:17:=
 error: undefined identifier 'unsigned'
    /home/build_test/build_env/tmp.Yn6tGCukvG/net/batman-adv/tvlv.c:413:17:=
 error: undefined identifier 'tvlv_offset'
    /home/build_test/build_env/tmp.Yn6tGCukvG/net/batman-adv/tvlv.c:414:45:=
 error: undefined identifier 'tvlv_offset'
    /home/build_test/build_env/tmp.Yn6tGCukvG/net/batman-adv/tvlv.c:415:47:=
 error: undefined identifier 'tvlv_offset'
    /home/build_test/build_env/tmp.Yn6tGCukvG/net/batman-adv/tvlv.c: In fun=
ction =E2=80=98batadv_tvlv_call_handler=E2=80=99:
    /home/build_test/build_env/tmp.Yn6tGCukvG/net/batman-adv/tvlv.c:389:3: =
error: a label can only be part of a statement and a declaration is not a s=
tatement
       u8 *src;
       ^~
    /home/build_test/build_env/tmp.Yn6tGCukvG/net/batman-adv/tvlv.c:390:3: =
error: expected expression before =E2=80=98u8=E2=80=99
       u8 *dst;
       ^~
    /home/build_test/build_env/tmp.Yn6tGCukvG/net/batman-adv/tvlv.c:399:3: =
error: =E2=80=98dst=E2=80=99 undeclared (first use in this function)
       dst =3D ((struct batadv_unicast_tvlv_packet *)skb->data)->dst;
       ^~~
    /home/build_test/build_env/tmp.Yn6tGCukvG/net/batman-adv/tvlv.c:399:3: =
note: each undeclared identifier is reported only once for each function it=
 appears in
    /home/build_test/build_env/tmp.Yn6tGCukvG/net/batman-adv/tvlv.c:405:3: =
error: a label can only be part of a statement and a declaration is not a s=
tatement
       unsigned int tvlv_offset;
       ^~~~~~~~
    make[3]: *** [scripts/Makefile.build:315: /home/build_test/build_env/tm=
p.Yn6tGCukvG/net/batman-adv/tvlv.o] Error 1
    make[2]: *** [scripts/Makefile.build:573: /home/build_test/build_env/tm=
p.Yn6tGCukvG/net/batman-adv] Error 2
    make[1]: *** [Makefile:1503: _module_/home/build_test/build_env/tmp.Yn6=
tGCukvG] Error 2
    make: *** [Makefile:68: all] Error 2

ecsv/pu: sparse linux-4.14 cfg: BLA=3Dy DAT=3Dn DEBUG=3Dy TRACING=3Dn NC=3D=
y MCAST=3Dn BATMAN_V=3Dn
=2D------------------------------------------------------------------------=
=2D-

    /home/build_test/build_env/tmp.Yn6tGCukvG/net/batman-adv/network-coding=
=2Ec:163:44: warning: incorrect type in argument 4 (different base types)
    /home/build_test/build_env/tmp.Yn6tGCukvG/net/batman-adv/network-coding=
=2Ec:163:44:    expected int ( *mptr )( ... )
    /home/build_test/build_env/tmp.Yn6tGCukvG/net/batman-adv/network-coding=
=2Ec:163:44:    got int
    /home/build_test/build_env/tmp.Yn6tGCukvG/net/batman-adv/network-coding=
=2Ec:162:37: error: not enough arguments for function batadv_tvlv_handler_r=
egister
    /home/build_test/build_env/tmp.Yn6tGCukvG/net/batman-adv/network-coding=
=2Ec: In function =E2=80=98batadv_nc_mesh_init=E2=80=99:
    /home/build_test/build_env/tmp.Yn6tGCukvG/net/batman-adv/network-coding=
=2Ec:163:16: warning: passing argument 4 of =E2=80=98batadv_tvlv_handler_re=
gister=E2=80=99 makes pointer from integer without a cast [-Wint-conversion]
              NULL, BATADV_TVLV_NC, 1,
                    ^~~~~~~~~~~~~~
    In file included from /home/build_test/build_env/tmp.Yn6tGCukvG/net/bat=
man-adv/network-coding.c:45:
    /home/build_test/build_env/tmp.Yn6tGCukvG/net/batman-adv/tvlv.h:37:13: =
note: expected =E2=80=98int (*)(struct batadv_priv *, struct sk_buff *)=E2=
=80=99 but argument is of type =E2=80=98int=E2=80=99
           int (*mptr)(struct batadv_priv *bat_priv,
           ~~~~~~^~~~~~~~~~~~~~~~~~~~~~~~~~~~~~~~~~~
                struct sk_buff *skb),
                ~~~~~~~~~~~~~~~~~~~~
    /home/build_test/build_env/tmp.Yn6tGCukvG/net/batman-adv/network-coding=
=2Ec:162:2: error: too few arguments to function =E2=80=98batadv_tvlv_handl=
er_register=E2=80=99
      batadv_tvlv_handler_register(bat_priv, batadv_nc_tvlv_ogm_handler_v1,
      ^~~~~~~~~~~~~~~~~~~~~~~~~~~~
    In file included from /home/build_test/build_env/tmp.Yn6tGCukvG/net/bat=
man-adv/network-coding.c:45:
    /home/build_test/build_env/tmp.Yn6tGCukvG/net/batman-adv/tvlv.h:27:6: n=
ote: declared here
     void batadv_tvlv_handler_register(struct batadv_priv *bat_priv,
          ^~~~~~~~~~~~~~~~~~~~~~~~~~~~
    make[3]: *** [scripts/Makefile.build:315: /home/build_test/build_env/tm=
p.Yn6tGCukvG/net/batman-adv/network-coding.o] Error 1
    make[2]: *** [scripts/Makefile.build:573: /home/build_test/build_env/tm=
p.Yn6tGCukvG/net/batman-adv] Error 2
    make[1]: *** [Makefile:1503: _module_/home/build_test/build_env/tmp.Yn6=
tGCukvG] Error 2
    make: *** [Makefile:68: all] Error 2

ecsv/pu: sparse linux-4.15 cfg: BLA=3Dn DAT=3Dy DEBUG=3Dy TRACING=3Dy NC=3D=
y MCAST=3Dn BATMAN_V=3Dy
=2D------------------------------------------------------------------------=
=2D-

    /home/build_test/build_env/tmp.Yn6tGCukvG/net/batman-adv/network-coding=
=2Ec:163:44: warning: incorrect type in argument 4 (different base types)
    /home/build_test/build_env/tmp.Yn6tGCukvG/net/batman-adv/network-coding=
=2Ec:163:44:    expected int ( *mptr )( ... )
    /home/build_test/build_env/tmp.Yn6tGCukvG/net/batman-adv/network-coding=
=2Ec:163:44:    got int
    /home/build_test/build_env/tmp.Yn6tGCukvG/net/batman-adv/network-coding=
=2Ec:162:37: error: not enough arguments for function batadv_tvlv_handler_r=
egister
    /home/build_test/build_env/tmp.Yn6tGCukvG/net/batman-adv/network-coding=
=2Ec: In function =E2=80=98batadv_nc_mesh_init=E2=80=99:
    /home/build_test/build_env/tmp.Yn6tGCukvG/net/batman-adv/network-coding=
=2Ec:163:16: warning: passing argument 4 of =E2=80=98batadv_tvlv_handler_re=
gister=E2=80=99 makes pointer from integer without a cast [-Wint-conversion]
              NULL, BATADV_TVLV_NC, 1,
                    ^~~~~~~~~~~~~~
    In file included from /home/build_test/build_env/tmp.Yn6tGCukvG/net/bat=
man-adv/network-coding.c:45:
    /home/build_test/build_env/tmp.Yn6tGCukvG/net/batman-adv/tvlv.h:37:13: =
note: expected =E2=80=98int (*)(struct batadv_priv *, struct sk_buff *)=E2=
=80=99 but argument is of type =E2=80=98int=E2=80=99
           int (*mptr)(struct batadv_priv *bat_priv,
           ~~~~~~^~~~~~~~~~~~~~~~~~~~~~~~~~~~~~~~~~~
                struct sk_buff *skb),
                ~~~~~~~~~~~~~~~~~~~~
    /home/build_test/build_env/tmp.Yn6tGCukvG/net/batman-adv/network-coding=
=2Ec:162:2: error: too few arguments to function =E2=80=98batadv_tvlv_handl=
er_register=E2=80=99
      batadv_tvlv_handler_register(bat_priv, batadv_nc_tvlv_ogm_handler_v1,
      ^~~~~~~~~~~~~~~~~~~~~~~~~~~~
    In file included from /home/build_test/build_env/tmp.Yn6tGCukvG/net/bat=
man-adv/network-coding.c:45:
    /home/build_test/build_env/tmp.Yn6tGCukvG/net/batman-adv/tvlv.h:27:6: n=
ote: declared here
     void batadv_tvlv_handler_register(struct batadv_priv *bat_priv,
          ^~~~~~~~~~~~~~~~~~~~~~~~~~~~
    make[3]: *** [scripts/Makefile.build:317: /home/build_test/build_env/tm=
p.Yn6tGCukvG/net/batman-adv/network-coding.o] Error 1
    make[2]: *** [scripts/Makefile.build:575: /home/build_test/build_env/tm=
p.Yn6tGCukvG/net/batman-adv] Error 2
    make[1]: *** [Makefile:1508: _module_/home/build_test/build_env/tmp.Yn6=
tGCukvG] Error 2
    make: *** [Makefile:68: all] Error 2

ecsv/pu: sparse linux-4.15 cfg: BLA=3Dy DAT=3Dn DEBUG=3Dn TRACING=3Dy NC=3D=
n MCAST=3Dy BATMAN_V=3Dy
=2D------------------------------------------------------------------------=
=2D-

    /home/build_test/build_env/tmp.Yn6tGCukvG/net/batman-adv/multicast.c:12=
06:1: warning: symbol 'batadv_mcast_forw_mode_by_count' was not declared. S=
hould it be static?
    /home/build_test/build_env/tmp.Yn6tGCukvG/net/batman-adv/multicast_forw=
=2Ec:614:9: warning: statement expected after label
    /home/build_test/build_env/tmp.Yn6tGCukvG/net/batman-adv/multicast_forw=
=2Ec:861:5: warning: symbol 'batadv_mcast_forw_tracker_tvlv_handler' was no=
t declared. Should it be static?
    /home/build_test/build_env/tmp.Yn6tGCukvG/net/batman-adv/multicast_forw=
=2Ec:876:14: warning: symbol 'batadv_mcast_forw_packet_hdrlen' was not decl=
ared. Should it be static?
    /home/build_test/build_env/tmp.Yn6tGCukvG/net/batman-adv/multicast_forw=
=2Ec:933:6: warning: symbol 'batadv_mcast_forw_push' was not declared. Shou=
ld it be static?
    /home/build_test/build_env/tmp.Yn6tGCukvG/net/batman-adv/multicast_forw=
=2Ec:967:5: warning: symbol 'batadv_mcast_forw_mcsend' was not declared. Sh=
ould it be static?
    /home/build_test/build_env/tmp.Yn6tGCukvG/net/batman-adv/multicast_forw=
=2Ec:110:12: warning: context imbalance in 'batadv_mcast_forw_push_dests_li=
st' - wrong count at exit
    /home/build_test/build_env/tmp.Yn6tGCukvG/net/batman-adv/multicast_forw=
=2Ec: In function =E2=80=98batadv_mcast_forw_shrink_pack_dests=E2=80=99:
    /home/build_test/build_env/tmp.Yn6tGCukvG/net/batman-adv/multicast_forw=
=2Ec:613:1: error: label at end of compound statement
     cont_next_slot:
     ^~~~~~~~~~~~~~
    make[3]: *** [scripts/Makefile.build:317: /home/build_test/build_env/tm=
p.Yn6tGCukvG/net/batman-adv/multicast_forw.o] Error 1
    make[2]: *** [scripts/Makefile.build:575: /home/build_test/build_env/tm=
p.Yn6tGCukvG/net/batman-adv] Error 2
    make[1]: *** [Makefile:1508: _module_/home/build_test/build_env/tmp.Yn6=
tGCukvG] Error 2
    make: *** [Makefile:68: all] Error 2

ecsv/pu: sparse linux-4.16 cfg: BLA=3Dn DAT=3Dn DEBUG=3Dy TRACING=3Dy NC=3D=
y MCAST=3Dy BATMAN_V=3Dn
=2D------------------------------------------------------------------------=
=2D-

    /home/build_test/build_env/tmp.Yn6tGCukvG/net/batman-adv/multicast.c:12=
06:1: warning: symbol 'batadv_mcast_forw_mode_by_count' was not declared. S=
hould it be static?
    /home/build_test/build_env/tmp.Yn6tGCukvG/net/batman-adv/multicast_forw=
=2Ec:614:9: warning: statement expected after label
    /home/build_test/build_env/tmp.Yn6tGCukvG/net/batman-adv/multicast_forw=
=2Ec:861:5: warning: symbol 'batadv_mcast_forw_tracker_tvlv_handler' was no=
t declared. Should it be static?
    /home/build_test/build_env/tmp.Yn6tGCukvG/net/batman-adv/multicast_forw=
=2Ec:876:14: warning: symbol 'batadv_mcast_forw_packet_hdrlen' was not decl=
ared. Should it be static?
    /home/build_test/build_env/tmp.Yn6tGCukvG/net/batman-adv/multicast_forw=
=2Ec:933:6: warning: symbol 'batadv_mcast_forw_push' was not declared. Shou=
ld it be static?
    /home/build_test/build_env/tmp.Yn6tGCukvG/net/batman-adv/multicast_forw=
=2Ec:967:5: warning: symbol 'batadv_mcast_forw_mcsend' was not declared. Sh=
ould it be static?
    /home/build_test/build_env/tmp.Yn6tGCukvG/net/batman-adv/multicast_forw=
=2Ec:110:12: warning: context imbalance in 'batadv_mcast_forw_push_dests_li=
st' - wrong count at exit
    /home/build_test/build_env/tmp.Yn6tGCukvG/net/batman-adv/multicast_forw=
=2Ec: In function =E2=80=98batadv_mcast_forw_shrink_pack_dests=E2=80=99:
    /home/build_test/build_env/tmp.Yn6tGCukvG/net/batman-adv/multicast_forw=
=2Ec:613:1: error: label at end of compound statement
     cont_next_slot:
     ^~~~~~~~~~~~~~
    make[3]: *** [scripts/Makefile.build:323: /home/build_test/build_env/tm=
p.Yn6tGCukvG/net/batman-adv/multicast_forw.o] Error 1
    make[2]: *** [scripts/Makefile.build:581: /home/build_test/build_env/tm=
p.Yn6tGCukvG/net/batman-adv] Error 2
    make[1]: *** [Makefile:1556: _module_/home/build_test/build_env/tmp.Yn6=
tGCukvG] Error 2
    make: *** [Makefile:68: all] Error 2

ecsv/pu: sparse linux-4.16 cfg: BLA=3Dy DAT=3Dy DEBUG=3Dy TRACING=3Dy NC=3D=
n MCAST=3Dn BATMAN_V=3Dn
=2D------------------------------------------------------------------------=
=2D-

    /home/build_test/build_env/tmp.Yn6tGCukvG/net/batman-adv/tvlv.c:389:17:=
 error: typename in expression
    /home/build_test/build_env/tmp.Yn6tGCukvG/net/batman-adv/tvlv.c:405:17:=
 error: typename in expression
    /home/build_test/build_env/tmp.Yn6tGCukvG/net/batman-adv/tvlv.c:405:26:=
 error: Expected ; at end of statement
    /home/build_test/build_env/tmp.Yn6tGCukvG/net/batman-adv/tvlv.c:405:26:=
 error: got int
    /home/build_test/build_env/tmp.Yn6tGCukvG/net/batman-adv/tvlv.c:389:17:=
 error: undefined identifier 'u8'
    /home/build_test/build_env/tmp.Yn6tGCukvG/net/batman-adv/tvlv.c:389:21:=
 error: undefined identifier 'src'
    /home/build_test/build_env/tmp.Yn6tGCukvG/net/batman-adv/tvlv.c:398:17:=
 error: undefined identifier 'src'
    /home/build_test/build_env/tmp.Yn6tGCukvG/net/batman-adv/tvlv.c:401:64:=
 error: undefined identifier 'src'
    /home/build_test/build_env/tmp.Yn6tGCukvG/net/batman-adv/tvlv.c:405:17:=
 error: undefined identifier 'unsigned'
    /home/build_test/build_env/tmp.Yn6tGCukvG/net/batman-adv/tvlv.c:413:17:=
 error: undefined identifier 'tvlv_offset'
    /home/build_test/build_env/tmp.Yn6tGCukvG/net/batman-adv/tvlv.c:414:45:=
 error: undefined identifier 'tvlv_offset'
    /home/build_test/build_env/tmp.Yn6tGCukvG/net/batman-adv/tvlv.c:415:47:=
 error: undefined identifier 'tvlv_offset'
    /home/build_test/build_env/tmp.Yn6tGCukvG/net/batman-adv/tvlv.c: In fun=
ction =E2=80=98batadv_tvlv_call_handler=E2=80=99:
    /home/build_test/build_env/tmp.Yn6tGCukvG/net/batman-adv/tvlv.c:389:3: =
error: a label can only be part of a statement and a declaration is not a s=
tatement
       u8 *src;
       ^~
    /home/build_test/build_env/tmp.Yn6tGCukvG/net/batman-adv/tvlv.c:390:3: =
error: expected expression before =E2=80=98u8=E2=80=99
       u8 *dst;
       ^~
    /home/build_test/build_env/tmp.Yn6tGCukvG/net/batman-adv/tvlv.c:399:3: =
error: =E2=80=98dst=E2=80=99 undeclared (first use in this function)
       dst =3D ((struct batadv_unicast_tvlv_packet *)skb->data)->dst;
       ^~~
    /home/build_test/build_env/tmp.Yn6tGCukvG/net/batman-adv/tvlv.c:399:3: =
note: each undeclared identifier is reported only once for each function it=
 appears in
    /home/build_test/build_env/tmp.Yn6tGCukvG/net/batman-adv/tvlv.c:405:3: =
error: a label can only be part of a statement and a declaration is not a s=
tatement
       unsigned int tvlv_offset;
       ^~~~~~~~
    make[3]: *** [scripts/Makefile.build:323: /home/build_test/build_env/tm=
p.Yn6tGCukvG/net/batman-adv/tvlv.o] Error 1
    make[2]: *** [scripts/Makefile.build:581: /home/build_test/build_env/tm=
p.Yn6tGCukvG/net/batman-adv] Error 2
    make[1]: *** [Makefile:1556: _module_/home/build_test/build_env/tmp.Yn6=
tGCukvG] Error 2
    make: *** [Makefile:68: all] Error 2

ecsv/pu: sparse linux-4.17 cfg: BLA=3Dn DAT=3Dy DEBUG=3Dn TRACING=3Dy NC=3D=
y MCAST=3Dn BATMAN_V=3Dn
=2D------------------------------------------------------------------------=
=2D-

    /home/build_test/build_env/tmp.Yn6tGCukvG/net/batman-adv/network-coding=
=2Ec:163:44: warning: incorrect type in argument 4 (different base types)
    /home/build_test/build_env/tmp.Yn6tGCukvG/net/batman-adv/network-coding=
=2Ec:163:44:    expected int ( *mptr )( ... )
    /home/build_test/build_env/tmp.Yn6tGCukvG/net/batman-adv/network-coding=
=2Ec:163:44:    got int
    /home/build_test/build_env/tmp.Yn6tGCukvG/net/batman-adv/network-coding=
=2Ec:162:37: error: not enough arguments for function batadv_tvlv_handler_r=
egister
    /home/build_test/build_env/tmp.Yn6tGCukvG/net/batman-adv/network-coding=
=2Ec: In function =E2=80=98batadv_nc_mesh_init=E2=80=99:
    /home/build_test/build_env/tmp.Yn6tGCukvG/net/batman-adv/network-coding=
=2Ec:163:16: warning: passing argument 4 of =E2=80=98batadv_tvlv_handler_re=
gister=E2=80=99 makes pointer from integer without a cast [-Wint-conversion]
              NULL, BATADV_TVLV_NC, 1,
                    ^~~~~~~~~~~~~~
    In file included from /home/build_test/build_env/tmp.Yn6tGCukvG/net/bat=
man-adv/network-coding.c:45:
    /home/build_test/build_env/tmp.Yn6tGCukvG/net/batman-adv/tvlv.h:37:13: =
note: expected =E2=80=98int (*)(struct batadv_priv *, struct sk_buff *)=E2=
=80=99 but argument is of type =E2=80=98int=E2=80=99
           int (*mptr)(struct batadv_priv *bat_priv,
           ~~~~~~^~~~~~~~~~~~~~~~~~~~~~~~~~~~~~~~~~~
                struct sk_buff *skb),
                ~~~~~~~~~~~~~~~~~~~~
    /home/build_test/build_env/tmp.Yn6tGCukvG/net/batman-adv/network-coding=
=2Ec:162:2: error: too few arguments to function =E2=80=98batadv_tvlv_handl=
er_register=E2=80=99
      batadv_tvlv_handler_register(bat_priv, batadv_nc_tvlv_ogm_handler_v1,
      ^~~~~~~~~~~~~~~~~~~~~~~~~~~~
    In file included from /home/build_test/build_env/tmp.Yn6tGCukvG/net/bat=
man-adv/network-coding.c:45:
    /home/build_test/build_env/tmp.Yn6tGCukvG/net/batman-adv/tvlv.h:27:6: n=
ote: declared here
     void batadv_tvlv_handler_register(struct batadv_priv *bat_priv,
          ^~~~~~~~~~~~~~~~~~~~~~~~~~~~
    make[3]: *** [scripts/Makefile.build:313: /home/build_test/build_env/tm=
p.Yn6tGCukvG/net/batman-adv/network-coding.o] Error 1
    make[2]: *** [scripts/Makefile.build:559: /home/build_test/build_env/tm=
p.Yn6tGCukvG/net/batman-adv] Error 2
    make[1]: *** [Makefile:1571: _module_/home/build_test/build_env/tmp.Yn6=
tGCukvG] Error 2
    make: *** [Makefile:68: all] Error 2

ecsv/pu: sparse linux-4.17 cfg: BLA=3Dy DAT=3Dn DEBUG=3Dy TRACING=3Dn NC=3D=
y MCAST=3Dy BATMAN_V=3Dy
=2D------------------------------------------------------------------------=
=2D-

    /home/build_test/build_env/tmp.Yn6tGCukvG/net/batman-adv/multicast.c:12=
06:1: warning: symbol 'batadv_mcast_forw_mode_by_count' was not declared. S=
hould it be static?
    /home/build_test/build_env/tmp.Yn6tGCukvG/net/batman-adv/multicast_forw=
=2Ec:614:9: warning: statement expected after label
    /home/build_test/build_env/tmp.Yn6tGCukvG/net/batman-adv/multicast_forw=
=2Ec:861:5: warning: symbol 'batadv_mcast_forw_tracker_tvlv_handler' was no=
t declared. Should it be static?
    /home/build_test/build_env/tmp.Yn6tGCukvG/net/batman-adv/multicast_forw=
=2Ec:876:14: warning: symbol 'batadv_mcast_forw_packet_hdrlen' was not decl=
ared. Should it be static?
    /home/build_test/build_env/tmp.Yn6tGCukvG/net/batman-adv/multicast_forw=
=2Ec:933:6: warning: symbol 'batadv_mcast_forw_push' was not declared. Shou=
ld it be static?
    /home/build_test/build_env/tmp.Yn6tGCukvG/net/batman-adv/multicast_forw=
=2Ec:967:5: warning: symbol 'batadv_mcast_forw_mcsend' was not declared. Sh=
ould it be static?
    /home/build_test/build_env/tmp.Yn6tGCukvG/net/batman-adv/multicast_forw=
=2Ec:110:12: warning: context imbalance in 'batadv_mcast_forw_push_dests_li=
st' - wrong count at exit
    /home/build_test/build_env/tmp.Yn6tGCukvG/net/batman-adv/multicast_forw=
=2Ec: In function =E2=80=98batadv_mcast_forw_shrink_pack_dests=E2=80=99:
    /home/build_test/build_env/tmp.Yn6tGCukvG/net/batman-adv/multicast_forw=
=2Ec:613:1: error: label at end of compound statement
     cont_next_slot:
     ^~~~~~~~~~~~~~
    make[3]: *** [scripts/Makefile.build:313: /home/build_test/build_env/tm=
p.Yn6tGCukvG/net/batman-adv/multicast_forw.o] Error 1
    make[2]: *** [scripts/Makefile.build:559: /home/build_test/build_env/tm=
p.Yn6tGCukvG/net/batman-adv] Error 2
    make[1]: *** [Makefile:1571: _module_/home/build_test/build_env/tmp.Yn6=
tGCukvG] Error 2
    make: *** [Makefile:68: all] Error 2

ecsv/pu: sparse linux-4.17 cfg: BLA=3Dy DAT=3Dy DEBUG=3Dy TRACING=3Dy NC=3D=
n MCAST=3Dn BATMAN_V=3Dy
=2D------------------------------------------------------------------------=
=2D-

    /home/build_test/build_env/tmp.Yn6tGCukvG/net/batman-adv/tvlv.c:389:17:=
 error: typename in expression
    /home/build_test/build_env/tmp.Yn6tGCukvG/net/batman-adv/tvlv.c:405:17:=
 error: typename in expression
    /home/build_test/build_env/tmp.Yn6tGCukvG/net/batman-adv/tvlv.c:405:26:=
 error: Expected ; at end of statement
    /home/build_test/build_env/tmp.Yn6tGCukvG/net/batman-adv/tvlv.c:405:26:=
 error: got int
    /home/build_test/build_env/tmp.Yn6tGCukvG/net/batman-adv/tvlv.c:389:17:=
 error: undefined identifier 'u8'
    /home/build_test/build_env/tmp.Yn6tGCukvG/net/batman-adv/tvlv.c:389:21:=
 error: undefined identifier 'src'
    /home/build_test/build_env/tmp.Yn6tGCukvG/net/batman-adv/tvlv.c:398:17:=
 error: undefined identifier 'src'
    /home/build_test/build_env/tmp.Yn6tGCukvG/net/batman-adv/tvlv.c:401:64:=
 error: undefined identifier 'src'
    /home/build_test/build_env/tmp.Yn6tGCukvG/net/batman-adv/tvlv.c:405:17:=
 error: undefined identifier 'unsigned'
    /home/build_test/build_env/tmp.Yn6tGCukvG/net/batman-adv/tvlv.c:413:17:=
 error: undefined identifier 'tvlv_offset'
    /home/build_test/build_env/tmp.Yn6tGCukvG/net/batman-adv/tvlv.c:414:45:=
 error: undefined identifier 'tvlv_offset'
    /home/build_test/build_env/tmp.Yn6tGCukvG/net/batman-adv/tvlv.c:415:47:=
 error: undefined identifier 'tvlv_offset'
    /home/build_test/build_env/tmp.Yn6tGCukvG/net/batman-adv/tvlv.c: In fun=
ction =E2=80=98batadv_tvlv_call_handler=E2=80=99:
    /home/build_test/build_env/tmp.Yn6tGCukvG/net/batman-adv/tvlv.c:389:3: =
error: a label can only be part of a statement and a declaration is not a s=
tatement
       u8 *src;
       ^~
    /home/build_test/build_env/tmp.Yn6tGCukvG/net/batman-adv/tvlv.c:390:3: =
error: expected expression before =E2=80=98u8=E2=80=99
       u8 *dst;
       ^~
    /home/build_test/build_env/tmp.Yn6tGCukvG/net/batman-adv/tvlv.c:399:3: =
error: =E2=80=98dst=E2=80=99 undeclared (first use in this function)
       dst =3D ((struct batadv_unicast_tvlv_packet *)skb->data)->dst;
       ^~~
    /home/build_test/build_env/tmp.Yn6tGCukvG/net/batman-adv/tvlv.c:399:3: =
note: each undeclared identifier is reported only once for each function it=
 appears in
    /home/build_test/build_env/tmp.Yn6tGCukvG/net/batman-adv/tvlv.c:405:3: =
error: a label can only be part of a statement and a declaration is not a s=
tatement
       unsigned int tvlv_offset;
       ^~~~~~~~
    make[3]: *** [scripts/Makefile.build:313: /home/build_test/build_env/tm=
p.Yn6tGCukvG/net/batman-adv/tvlv.o] Error 1
    make[2]: *** [scripts/Makefile.build:559: /home/build_test/build_env/tm=
p.Yn6tGCukvG/net/batman-adv] Error 2
    make[1]: *** [Makefile:1571: _module_/home/build_test/build_env/tmp.Yn6=
tGCukvG] Error 2
    make: *** [Makefile:68: all] Error 2

ecsv/pu: sparse linux-4.18 cfg: BLA=3Dy DAT=3Dn DEBUG=3Dn TRACING=3Dn NC=3D=
y MCAST=3Dn BATMAN_V=3Dy
=2D------------------------------------------------------------------------=
=2D-

    /home/build_test/build_env/tmp.Yn6tGCukvG/net/batman-adv/network-coding=
=2Ec:163:44: warning: incorrect type in argument 4 (different base types)
    /home/build_test/build_env/tmp.Yn6tGCukvG/net/batman-adv/network-coding=
=2Ec:163:44:    expected int ( *mptr )( ... )
    /home/build_test/build_env/tmp.Yn6tGCukvG/net/batman-adv/network-coding=
=2Ec:163:44:    got int
    /home/build_test/build_env/tmp.Yn6tGCukvG/net/batman-adv/network-coding=
=2Ec:162:37: error: not enough arguments for function batadv_tvlv_handler_r=
egister
    /home/build_test/build_env/tmp.Yn6tGCukvG/net/batman-adv/network-coding=
=2Ec: In function =E2=80=98batadv_nc_mesh_init=E2=80=99:
    /home/build_test/build_env/tmp.Yn6tGCukvG/net/batman-adv/network-coding=
=2Ec:163:16: warning: passing argument 4 of =E2=80=98batadv_tvlv_handler_re=
gister=E2=80=99 makes pointer from integer without a cast [-Wint-conversion]
              NULL, BATADV_TVLV_NC, 1,
                    ^~~~~~~~~~~~~~
    In file included from /home/build_test/build_env/tmp.Yn6tGCukvG/net/bat=
man-adv/network-coding.c:45:
    /home/build_test/build_env/tmp.Yn6tGCukvG/net/batman-adv/tvlv.h:37:13: =
note: expected =E2=80=98int (*)(struct batadv_priv *, struct sk_buff *)=E2=
=80=99 but argument is of type =E2=80=98int=E2=80=99
           int (*mptr)(struct batadv_priv *bat_priv,
           ~~~~~~^~~~~~~~~~~~~~~~~~~~~~~~~~~~~~~~~~~
                struct sk_buff *skb),
                ~~~~~~~~~~~~~~~~~~~~
    /home/build_test/build_env/tmp.Yn6tGCukvG/net/batman-adv/network-coding=
=2Ec:162:2: error: too few arguments to function =E2=80=98batadv_tvlv_handl=
er_register=E2=80=99
      batadv_tvlv_handler_register(bat_priv, batadv_nc_tvlv_ogm_handler_v1,
      ^~~~~~~~~~~~~~~~~~~~~~~~~~~~
    In file included from /home/build_test/build_env/tmp.Yn6tGCukvG/net/bat=
man-adv/network-coding.c:45:
    /home/build_test/build_env/tmp.Yn6tGCukvG/net/batman-adv/tvlv.h:27:6: n=
ote: declared here
     void batadv_tvlv_handler_register(struct batadv_priv *bat_priv,
          ^~~~~~~~~~~~~~~~~~~~~~~~~~~~
    make[3]: *** [scripts/Makefile.build:318: /home/build_test/build_env/tm=
p.Yn6tGCukvG/net/batman-adv/network-coding.o] Error 1
    make[2]: *** [scripts/Makefile.build:558: /home/build_test/build_env/tm=
p.Yn6tGCukvG/net/batman-adv] Error 2
    make[1]: *** [Makefile:1500: _module_/home/build_test/build_env/tmp.Yn6=
tGCukvG] Error 2
    make: *** [Makefile:68: all] Error 2

ecsv/pu: sparse linux-4.18 cfg: BLA=3Dy DAT=3Dn DEBUG=3Dn TRACING=3Dy NC=3D=
n MCAST=3Dn BATMAN_V=3Dn
=2D------------------------------------------------------------------------=
=2D-

    /home/build_test/build_env/tmp.Yn6tGCukvG/net/batman-adv/tvlv.c:389:17:=
 error: typename in expression
    /home/build_test/build_env/tmp.Yn6tGCukvG/net/batman-adv/tvlv.c:405:17:=
 error: typename in expression
    /home/build_test/build_env/tmp.Yn6tGCukvG/net/batman-adv/tvlv.c:405:26:=
 error: Expected ; at end of statement
    /home/build_test/build_env/tmp.Yn6tGCukvG/net/batman-adv/tvlv.c:405:26:=
 error: got int
    /home/build_test/build_env/tmp.Yn6tGCukvG/net/batman-adv/tvlv.c:389:17:=
 error: undefined identifier 'u8'
    /home/build_test/build_env/tmp.Yn6tGCukvG/net/batman-adv/tvlv.c:389:21:=
 error: undefined identifier 'src'
    /home/build_test/build_env/tmp.Yn6tGCukvG/net/batman-adv/tvlv.c:398:17:=
 error: undefined identifier 'src'
    /home/build_test/build_env/tmp.Yn6tGCukvG/net/batman-adv/tvlv.c:401:64:=
 error: undefined identifier 'src'
    /home/build_test/build_env/tmp.Yn6tGCukvG/net/batman-adv/tvlv.c:405:17:=
 error: undefined identifier 'unsigned'
    /home/build_test/build_env/tmp.Yn6tGCukvG/net/batman-adv/tvlv.c:413:17:=
 error: undefined identifier 'tvlv_offset'
    /home/build_test/build_env/tmp.Yn6tGCukvG/net/batman-adv/tvlv.c:414:45:=
 error: undefined identifier 'tvlv_offset'
    /home/build_test/build_env/tmp.Yn6tGCukvG/net/batman-adv/tvlv.c:415:47:=
 error: undefined identifier 'tvlv_offset'
    /home/build_test/build_env/tmp.Yn6tGCukvG/net/batman-adv/tvlv.c: In fun=
ction =E2=80=98batadv_tvlv_call_handler=E2=80=99:
    /home/build_test/build_env/tmp.Yn6tGCukvG/net/batman-adv/tvlv.c:389:3: =
error: a label can only be part of a statement and a declaration is not a s=
tatement
       u8 *src;
       ^~
    /home/build_test/build_env/tmp.Yn6tGCukvG/net/batman-adv/tvlv.c:390:3: =
error: expected expression before =E2=80=98u8=E2=80=99
       u8 *dst;
       ^~
    /home/build_test/build_env/tmp.Yn6tGCukvG/net/batman-adv/tvlv.c:399:3: =
error: =E2=80=98dst=E2=80=99 undeclared (first use in this function)
       dst =3D ((struct batadv_unicast_tvlv_packet *)skb->data)->dst;
       ^~~
    /home/build_test/build_env/tmp.Yn6tGCukvG/net/batman-adv/tvlv.c:399:3: =
note: each undeclared identifier is reported only once for each function it=
 appears in
    /home/build_test/build_env/tmp.Yn6tGCukvG/net/batman-adv/tvlv.c:405:3: =
error: a label can only be part of a statement and a declaration is not a s=
tatement
       unsigned int tvlv_offset;
       ^~~~~~~~
    make[3]: *** [scripts/Makefile.build:318: /home/build_test/build_env/tm=
p.Yn6tGCukvG/net/batman-adv/tvlv.o] Error 1
    make[2]: *** [scripts/Makefile.build:558: /home/build_test/build_env/tm=
p.Yn6tGCukvG/net/batman-adv] Error 2
    make[1]: *** [Makefile:1500: _module_/home/build_test/build_env/tmp.Yn6=
tGCukvG] Error 2
    make: *** [Makefile:68: all] Error 2

ecsv/pu: sparse linux-4.18 cfg: BLA=3Dy DAT=3Dy DEBUG=3Dy TRACING=3Dn NC=3D=
n MCAST=3Dy BATMAN_V=3Dy
=2D------------------------------------------------------------------------=
=2D-

    /home/build_test/build_env/tmp.Yn6tGCukvG/net/batman-adv/multicast.c:12=
06:1: warning: symbol 'batadv_mcast_forw_mode_by_count' was not declared. S=
hould it be static?
    /home/build_test/build_env/tmp.Yn6tGCukvG/net/batman-adv/multicast_forw=
=2Ec:614:9: warning: statement expected after label
    /home/build_test/build_env/tmp.Yn6tGCukvG/net/batman-adv/multicast_forw=
=2Ec:861:5: warning: symbol 'batadv_mcast_forw_tracker_tvlv_handler' was no=
t declared. Should it be static?
    /home/build_test/build_env/tmp.Yn6tGCukvG/net/batman-adv/multicast_forw=
=2Ec:876:14: warning: symbol 'batadv_mcast_forw_packet_hdrlen' was not decl=
ared. Should it be static?
    /home/build_test/build_env/tmp.Yn6tGCukvG/net/batman-adv/multicast_forw=
=2Ec:933:6: warning: symbol 'batadv_mcast_forw_push' was not declared. Shou=
ld it be static?
    /home/build_test/build_env/tmp.Yn6tGCukvG/net/batman-adv/multicast_forw=
=2Ec:967:5: warning: symbol 'batadv_mcast_forw_mcsend' was not declared. Sh=
ould it be static?
    /home/build_test/build_env/tmp.Yn6tGCukvG/net/batman-adv/multicast_forw=
=2Ec:110:12: warning: context imbalance in 'batadv_mcast_forw_push_dests_li=
st' - wrong count at exit
    /home/build_test/build_env/tmp.Yn6tGCukvG/net/batman-adv/multicast_forw=
=2Ec: In function =E2=80=98batadv_mcast_forw_shrink_pack_dests=E2=80=99:
    /home/build_test/build_env/tmp.Yn6tGCukvG/net/batman-adv/multicast_forw=
=2Ec:613:1: error: label at end of compound statement
     cont_next_slot:
     ^~~~~~~~~~~~~~
    make[3]: *** [scripts/Makefile.build:318: /home/build_test/build_env/tm=
p.Yn6tGCukvG/net/batman-adv/multicast_forw.o] Error 1
    make[2]: *** [scripts/Makefile.build:558: /home/build_test/build_env/tm=
p.Yn6tGCukvG/net/batman-adv] Error 2
    make[1]: *** [Makefile:1500: _module_/home/build_test/build_env/tmp.Yn6=
tGCukvG] Error 2
    make: *** [Makefile:68: all] Error 2

ecsv/pu: sparse linux-4.19 cfg: BLA=3Dn DAT=3Dn DEBUG=3Dy TRACING=3Dy NC=3D=
n MCAST=3Dn BATMAN_V=3Dn
=2D------------------------------------------------------------------------=
=2D-

    /home/build_test/build_env/tmp.Yn6tGCukvG/net/batman-adv/tvlv.c:389:17:=
 error: typename in expression
    /home/build_test/build_env/tmp.Yn6tGCukvG/net/batman-adv/tvlv.c:405:17:=
 error: typename in expression
    /home/build_test/build_env/tmp.Yn6tGCukvG/net/batman-adv/tvlv.c:405:26:=
 error: Expected ; at end of statement
    /home/build_test/build_env/tmp.Yn6tGCukvG/net/batman-adv/tvlv.c:405:26:=
 error: got int
    /home/build_test/build_env/tmp.Yn6tGCukvG/net/batman-adv/tvlv.c:389:17:=
 error: undefined identifier 'u8'
    /home/build_test/build_env/tmp.Yn6tGCukvG/net/batman-adv/tvlv.c:389:21:=
 error: undefined identifier 'src'
    /home/build_test/build_env/tmp.Yn6tGCukvG/net/batman-adv/tvlv.c:398:17:=
 error: undefined identifier 'src'
    /home/build_test/build_env/tmp.Yn6tGCukvG/net/batman-adv/tvlv.c:401:64:=
 error: undefined identifier 'src'
    /home/build_test/build_env/tmp.Yn6tGCukvG/net/batman-adv/tvlv.c:405:17:=
 error: undefined identifier 'unsigned'
    /home/build_test/build_env/tmp.Yn6tGCukvG/net/batman-adv/tvlv.c:413:17:=
 error: undefined identifier 'tvlv_offset'
    /home/build_test/build_env/tmp.Yn6tGCukvG/net/batman-adv/tvlv.c:414:45:=
 error: undefined identifier 'tvlv_offset'
    /home/build_test/build_env/tmp.Yn6tGCukvG/net/batman-adv/tvlv.c:415:47:=
 error: undefined identifier 'tvlv_offset'
    /home/build_test/build_env/tmp.Yn6tGCukvG/net/batman-adv/tvlv.c: In fun=
ction =E2=80=98batadv_tvlv_call_handler=E2=80=99:
    /home/build_test/build_env/tmp.Yn6tGCukvG/net/batman-adv/tvlv.c:389:3: =
error: a label can only be part of a statement and a declaration is not a s=
tatement
       u8 *src;
       ^~
    /home/build_test/build_env/tmp.Yn6tGCukvG/net/batman-adv/tvlv.c:390:3: =
error: expected expression before =E2=80=98u8=E2=80=99
       u8 *dst;
       ^~
    /home/build_test/build_env/tmp.Yn6tGCukvG/net/batman-adv/tvlv.c:399:3: =
error: =E2=80=98dst=E2=80=99 undeclared (first use in this function)
       dst =3D ((struct batadv_unicast_tvlv_packet *)skb->data)->dst;
       ^~~
    /home/build_test/build_env/tmp.Yn6tGCukvG/net/batman-adv/tvlv.c:399:3: =
note: each undeclared identifier is reported only once for each function it=
 appears in
    /home/build_test/build_env/tmp.Yn6tGCukvG/net/batman-adv/tvlv.c:405:3: =
error: a label can only be part of a statement and a declaration is not a s=
tatement
       unsigned int tvlv_offset;
       ^~~~~~~~
    make[3]: *** [scripts/Makefile.build:306: /home/build_test/build_env/tm=
p.Yn6tGCukvG/net/batman-adv/tvlv.o] Error 1
    make[2]: *** [scripts/Makefile.build:546: /home/build_test/build_env/tm=
p.Yn6tGCukvG/net/batman-adv] Error 2
    make[1]: *** [Makefile:1517: _module_/home/build_test/build_env/tmp.Yn6=
tGCukvG] Error 2
    make: *** [Makefile:68: all] Error 2

ecsv/pu: sparse linux-4.19 cfg: BLA=3Dy DAT=3Dy DEBUG=3Dn TRACING=3Dy NC=3D=
y MCAST=3Dy BATMAN_V=3Dy
=2D------------------------------------------------------------------------=
=2D-

    /home/build_test/build_env/tmp.Yn6tGCukvG/net/batman-adv/multicast.c:12=
06:1: warning: symbol 'batadv_mcast_forw_mode_by_count' was not declared. S=
hould it be static?
    /home/build_test/build_env/tmp.Yn6tGCukvG/net/batman-adv/multicast_forw=
=2Ec:614:9: warning: statement expected after label
    /home/build_test/build_env/tmp.Yn6tGCukvG/net/batman-adv/multicast_forw=
=2Ec:861:5: warning: symbol 'batadv_mcast_forw_tracker_tvlv_handler' was no=
t declared. Should it be static?
    /home/build_test/build_env/tmp.Yn6tGCukvG/net/batman-adv/multicast_forw=
=2Ec:876:14: warning: symbol 'batadv_mcast_forw_packet_hdrlen' was not decl=
ared. Should it be static?
    /home/build_test/build_env/tmp.Yn6tGCukvG/net/batman-adv/multicast_forw=
=2Ec:933:6: warning: symbol 'batadv_mcast_forw_push' was not declared. Shou=
ld it be static?
    /home/build_test/build_env/tmp.Yn6tGCukvG/net/batman-adv/multicast_forw=
=2Ec:967:5: warning: symbol 'batadv_mcast_forw_mcsend' was not declared. Sh=
ould it be static?
    /home/build_test/build_env/tmp.Yn6tGCukvG/net/batman-adv/multicast_forw=
=2Ec:110:12: warning: context imbalance in 'batadv_mcast_forw_push_dests_li=
st' - wrong count at exit
    /home/build_test/build_env/tmp.Yn6tGCukvG/net/batman-adv/multicast_forw=
=2Ec: In function =E2=80=98batadv_mcast_forw_shrink_pack_dests=E2=80=99:
    /home/build_test/build_env/tmp.Yn6tGCukvG/net/batman-adv/multicast_forw=
=2Ec:613:1: error: label at end of compound statement
     cont_next_slot:
     ^~~~~~~~~~~~~~
    make[3]: *** [scripts/Makefile.build:306: /home/build_test/build_env/tm=
p.Yn6tGCukvG/net/batman-adv/multicast_forw.o] Error 1
    make[2]: *** [scripts/Makefile.build:546: /home/build_test/build_env/tm=
p.Yn6tGCukvG/net/batman-adv] Error 2
    make[1]: *** [Makefile:1517: _module_/home/build_test/build_env/tmp.Yn6=
tGCukvG] Error 2
    make: *** [Makefile:68: all] Error 2

ecsv/pu: sparse linux-4.19.269 cfg: BLA=3Dn DAT=3Dn DEBUG=3Dn TRACING=3Dn N=
C=3Dn MCAST=3Dn BATMAN_V=3Dn
=2D------------------------------------------------------------------------=
=2D-

    /home/build_test/build_env/tmp.Yn6tGCukvG/net/batman-adv/tvlv.c:389:17:=
 error: typename in expression
    /home/build_test/build_env/tmp.Yn6tGCukvG/net/batman-adv/tvlv.c:405:17:=
 error: typename in expression
    /home/build_test/build_env/tmp.Yn6tGCukvG/net/batman-adv/tvlv.c:405:26:=
 error: Expected ; at end of statement
    /home/build_test/build_env/tmp.Yn6tGCukvG/net/batman-adv/tvlv.c:405:26:=
 error: got int
    /home/build_test/build_env/tmp.Yn6tGCukvG/net/batman-adv/tvlv.c:389:17:=
 error: undefined identifier 'u8'
    /home/build_test/build_env/tmp.Yn6tGCukvG/net/batman-adv/tvlv.c:389:21:=
 error: undefined identifier 'src'
    /home/build_test/build_env/tmp.Yn6tGCukvG/net/batman-adv/tvlv.c:398:17:=
 error: undefined identifier 'src'
    /home/build_test/build_env/tmp.Yn6tGCukvG/net/batman-adv/tvlv.c:401:64:=
 error: undefined identifier 'src'
    /home/build_test/build_env/tmp.Yn6tGCukvG/net/batman-adv/tvlv.c:405:17:=
 error: undefined identifier 'unsigned'
    /home/build_test/build_env/tmp.Yn6tGCukvG/net/batman-adv/tvlv.c:413:17:=
 error: undefined identifier 'tvlv_offset'
    /home/build_test/build_env/tmp.Yn6tGCukvG/net/batman-adv/tvlv.c:414:45:=
 error: undefined identifier 'tvlv_offset'
    /home/build_test/build_env/tmp.Yn6tGCukvG/net/batman-adv/tvlv.c:415:47:=
 error: undefined identifier 'tvlv_offset'
    /home/build_test/build_env/tmp.Yn6tGCukvG/net/batman-adv/tvlv.c: In fun=
ction =E2=80=98batadv_tvlv_call_handler=E2=80=99:
    /home/build_test/build_env/tmp.Yn6tGCukvG/net/batman-adv/tvlv.c:389:3: =
error: a label can only be part of a statement and a declaration is not a s=
tatement
       u8 *src;
       ^~
    /home/build_test/build_env/tmp.Yn6tGCukvG/net/batman-adv/tvlv.c:390:3: =
error: expected expression before =E2=80=98u8=E2=80=99
       u8 *dst;
       ^~
    /home/build_test/build_env/tmp.Yn6tGCukvG/net/batman-adv/tvlv.c:399:3: =
error: =E2=80=98dst=E2=80=99 undeclared (first use in this function)
       dst =3D ((struct batadv_unicast_tvlv_packet *)skb->data)->dst;
       ^~~
    /home/build_test/build_env/tmp.Yn6tGCukvG/net/batman-adv/tvlv.c:399:3: =
note: each undeclared identifier is reported only once for each function it=
 appears in
    /home/build_test/build_env/tmp.Yn6tGCukvG/net/batman-adv/tvlv.c:405:3: =
error: a label can only be part of a statement and a declaration is not a s=
tatement
       unsigned int tvlv_offset;
       ^~~~~~~~
    make[3]: *** [scripts/Makefile.build:304: /home/build_test/build_env/tm=
p.Yn6tGCukvG/net/batman-adv/tvlv.o] Error 1
    make[2]: *** [scripts/Makefile.build:544: /home/build_test/build_env/tm=
p.Yn6tGCukvG/net/batman-adv] Error 2
    make[1]: *** [Makefile:1551: _module_/home/build_test/build_env/tmp.Yn6=
tGCukvG] Error 2
    make: *** [Makefile:68: all] Error 2

ecsv/pu: sparse linux-4.19.269 cfg: BLA=3Dy DAT=3Dy DEBUG=3Dy TRACING=3Dn N=
C=3Dy MCAST=3Dn BATMAN_V=3Dn
=2D------------------------------------------------------------------------=
=2D-

    /home/build_test/build_env/tmp.Yn6tGCukvG/net/batman-adv/network-coding=
=2Ec:163:44: warning: incorrect type in argument 4 (different base types)
    /home/build_test/build_env/tmp.Yn6tGCukvG/net/batman-adv/network-coding=
=2Ec:163:44:    expected int ( *mptr )( ... )
    /home/build_test/build_env/tmp.Yn6tGCukvG/net/batman-adv/network-coding=
=2Ec:163:44:    got int
    /home/build_test/build_env/tmp.Yn6tGCukvG/net/batman-adv/network-coding=
=2Ec:162:37: error: not enough arguments for function batadv_tvlv_handler_r=
egister
    /home/build_test/build_env/tmp.Yn6tGCukvG/net/batman-adv/network-coding=
=2Ec: In function =E2=80=98batadv_nc_mesh_init=E2=80=99:
    /home/build_test/build_env/tmp.Yn6tGCukvG/net/batman-adv/network-coding=
=2Ec:163:16: warning: passing argument 4 of =E2=80=98batadv_tvlv_handler_re=
gister=E2=80=99 makes pointer from integer without a cast [-Wint-conversion]
              NULL, BATADV_TVLV_NC, 1,
                    ^~~~~~~~~~~~~~
    In file included from /home/build_test/build_env/tmp.Yn6tGCukvG/net/bat=
man-adv/network-coding.c:45:
    /home/build_test/build_env/tmp.Yn6tGCukvG/net/batman-adv/tvlv.h:37:13: =
note: expected =E2=80=98int (*)(struct batadv_priv *, struct sk_buff *)=E2=
=80=99 but argument is of type =E2=80=98int=E2=80=99
           int (*mptr)(struct batadv_priv *bat_priv,
           ~~~~~~^~~~~~~~~~~~~~~~~~~~~~~~~~~~~~~~~~~
                struct sk_buff *skb),
                ~~~~~~~~~~~~~~~~~~~~
    /home/build_test/build_env/tmp.Yn6tGCukvG/net/batman-adv/network-coding=
=2Ec:162:2: error: too few arguments to function =E2=80=98batadv_tvlv_handl=
er_register=E2=80=99
      batadv_tvlv_handler_register(bat_priv, batadv_nc_tvlv_ogm_handler_v1,
      ^~~~~~~~~~~~~~~~~~~~~~~~~~~~
    In file included from /home/build_test/build_env/tmp.Yn6tGCukvG/net/bat=
man-adv/network-coding.c:45:
    /home/build_test/build_env/tmp.Yn6tGCukvG/net/batman-adv/tvlv.h:27:6: n=
ote: declared here
     void batadv_tvlv_handler_register(struct batadv_priv *bat_priv,
          ^~~~~~~~~~~~~~~~~~~~~~~~~~~~
    make[3]: *** [scripts/Makefile.build:304: /home/build_test/build_env/tm=
p.Yn6tGCukvG/net/batman-adv/network-coding.o] Error 1
    make[2]: *** [scripts/Makefile.build:544: /home/build_test/build_env/tm=
p.Yn6tGCukvG/net/batman-adv] Error 2
    make[1]: *** [Makefile:1551: _module_/home/build_test/build_env/tmp.Yn6=
tGCukvG] Error 2
    make: *** [Makefile:68: all] Error 2

ecsv/pu: sparse linux-4.20 cfg: BLA=3Dn DAT=3Dy DEBUG=3Dn TRACING=3Dy NC=3D=
y MCAST=3Dy BATMAN_V=3Dy
=2D------------------------------------------------------------------------=
=2D-

    /home/build_test/build_env/tmp.Yn6tGCukvG/net/batman-adv/multicast.c:12=
06:1: warning: symbol 'batadv_mcast_forw_mode_by_count' was not declared. S=
hould it be static?
    /home/build_test/build_env/tmp.Yn6tGCukvG/net/batman-adv/multicast_forw=
=2Ec:614:9: warning: statement expected after label
    /home/build_test/build_env/tmp.Yn6tGCukvG/net/batman-adv/multicast_forw=
=2Ec:861:5: warning: symbol 'batadv_mcast_forw_tracker_tvlv_handler' was no=
t declared. Should it be static?
    /home/build_test/build_env/tmp.Yn6tGCukvG/net/batman-adv/multicast_forw=
=2Ec:876:14: warning: symbol 'batadv_mcast_forw_packet_hdrlen' was not decl=
ared. Should it be static?
    /home/build_test/build_env/tmp.Yn6tGCukvG/net/batman-adv/multicast_forw=
=2Ec:933:6: warning: symbol 'batadv_mcast_forw_push' was not declared. Shou=
ld it be static?
    /home/build_test/build_env/tmp.Yn6tGCukvG/net/batman-adv/multicast_forw=
=2Ec:967:5: warning: symbol 'batadv_mcast_forw_mcsend' was not declared. Sh=
ould it be static?
    /home/build_test/build_env/tmp.Yn6tGCukvG/net/batman-adv/multicast_forw=
=2Ec:110:12: warning: context imbalance in 'batadv_mcast_forw_push_dests_li=
st' - wrong count at exit
    /home/build_test/build_env/tmp.Yn6tGCukvG/net/batman-adv/multicast_forw=
=2Ec: In function =E2=80=98batadv_mcast_forw_shrink_pack_dests=E2=80=99:
    /home/build_test/build_env/tmp.Yn6tGCukvG/net/batman-adv/multicast_forw=
=2Ec:613:1: error: label at end of compound statement
     cont_next_slot:
     ^~~~~~~~~~~~~~
    make[3]: *** [scripts/Makefile.build:292: /home/build_test/build_env/tm=
p.Yn6tGCukvG/net/batman-adv/multicast_forw.o] Error 1
    make[2]: *** [scripts/Makefile.build:516: /home/build_test/build_env/tm=
p.Yn6tGCukvG/net/batman-adv] Error 2
    make[1]: *** [Makefile:1563: _module_/home/build_test/build_env/tmp.Yn6=
tGCukvG] Error 2
    make: *** [Makefile:68: all] Error 2

ecsv/pu: sparse linux-4.9 cfg: BLA=3Dy DAT=3Dy DEBUG=3Dy TRACING=3Dy NC=3Dy=
 MCAST=3Dn BATMAN_V=3Dn
=2D------------------------------------------------------------------------=
=2D-

    /home/build_test/build_env/tmp.Yn6tGCukvG/net/batman-adv/network-coding=
=2Ec:163:44: warning: incorrect type in argument 4 (different base types)
    /home/build_test/build_env/tmp.Yn6tGCukvG/net/batman-adv/network-coding=
=2Ec:163:44:    expected int ( *mptr )( ... )
    /home/build_test/build_env/tmp.Yn6tGCukvG/net/batman-adv/network-coding=
=2Ec:163:44:    got int
    /home/build_test/build_env/tmp.Yn6tGCukvG/net/batman-adv/network-coding=
=2Ec:162:37: error: not enough arguments for function batadv_tvlv_handler_r=
egister
    /home/build_test/build_env/tmp.Yn6tGCukvG/net/batman-adv/network-coding=
=2Ec: In function =E2=80=98batadv_nc_mesh_init=E2=80=99:
    /home/build_test/build_env/tmp.Yn6tGCukvG/net/batman-adv/network-coding=
=2Ec:163:16: warning: passing argument 4 of =E2=80=98batadv_tvlv_handler_re=
gister=E2=80=99 makes pointer from integer without a cast [-Wint-conversion]
              NULL, BATADV_TVLV_NC, 1,
                    ^~~~~~~~~~~~~~
    In file included from /home/build_test/build_env/tmp.Yn6tGCukvG/net/bat=
man-adv/network-coding.c:45:
    /home/build_test/build_env/tmp.Yn6tGCukvG/net/batman-adv/tvlv.h:37:13: =
note: expected =E2=80=98int (*)(struct batadv_priv *, struct sk_buff *)=E2=
=80=99 but argument is of type =E2=80=98int=E2=80=99
           int (*mptr)(struct batadv_priv *bat_priv,
           ~~~~~~^~~~~~~~~~~~~~~~~~~~~~~~~~~~~~~~~~~
                struct sk_buff *skb),
                ~~~~~~~~~~~~~~~~~~~~
    /home/build_test/build_env/tmp.Yn6tGCukvG/net/batman-adv/network-coding=
=2Ec:162:2: error: too few arguments to function =E2=80=98batadv_tvlv_handl=
er_register=E2=80=99
      batadv_tvlv_handler_register(bat_priv, batadv_nc_tvlv_ogm_handler_v1,
      ^~~~~~~~~~~~~~~~~~~~~~~~~~~~
    In file included from /home/build_test/build_env/tmp.Yn6tGCukvG/net/bat=
man-adv/network-coding.c:45:
    /home/build_test/build_env/tmp.Yn6tGCukvG/net/batman-adv/tvlv.h:27:6: n=
ote: declared here
     void batadv_tvlv_handler_register(struct batadv_priv *bat_priv,
          ^~~~~~~~~~~~~~~~~~~~~~~~~~~~
    make[3]: *** [scripts/Makefile.build:294: /home/build_test/build_env/tm=
p.Yn6tGCukvG/net/batman-adv/network-coding.o] Error 1
    make[2]: *** [scripts/Makefile.build:544: /home/build_test/build_env/tm=
p.Yn6tGCukvG/net/batman-adv] Error 2
    make[1]: *** [Makefile:1490: _module_/home/build_test/build_env/tmp.Yn6=
tGCukvG] Error 2
    make: *** [Makefile:68: all] Error 2

ecsv/pu: sparse linux-4.9.336 cfg: BLA=3Dn DAT=3Dn DEBUG=3Dn TRACING=3Dy NC=
=3Dy MCAST=3Dy BATMAN_V=3Dn
=2D------------------------------------------------------------------------=
=2D-

    /home/build_test/build_env/tmp.Yn6tGCukvG/net/batman-adv/multicast.c:12=
06:1: warning: symbol 'batadv_mcast_forw_mode_by_count' was not declared. S=
hould it be static?
    /home/build_test/build_env/tmp.Yn6tGCukvG/net/batman-adv/multicast_forw=
=2Ec:614:9: warning: statement expected after label
    /home/build_test/build_env/tmp.Yn6tGCukvG/net/batman-adv/multicast_forw=
=2Ec:861:5: warning: symbol 'batadv_mcast_forw_tracker_tvlv_handler' was no=
t declared. Should it be static?
    /home/build_test/build_env/tmp.Yn6tGCukvG/net/batman-adv/multicast_forw=
=2Ec:876:14: warning: symbol 'batadv_mcast_forw_packet_hdrlen' was not decl=
ared. Should it be static?
    /home/build_test/build_env/tmp.Yn6tGCukvG/net/batman-adv/multicast_forw=
=2Ec:933:6: warning: symbol 'batadv_mcast_forw_push' was not declared. Shou=
ld it be static?
    /home/build_test/build_env/tmp.Yn6tGCukvG/net/batman-adv/multicast_forw=
=2Ec:967:5: warning: symbol 'batadv_mcast_forw_mcsend' was not declared. Sh=
ould it be static?
    /home/build_test/build_env/tmp.Yn6tGCukvG/net/batman-adv/multicast_forw=
=2Ec:110:12: warning: context imbalance in 'batadv_mcast_forw_push_dests_li=
st' - wrong count at exit
    /home/build_test/build_env/tmp.Yn6tGCukvG/net/batman-adv/multicast_forw=
=2Ec: In function =E2=80=98batadv_mcast_forw_shrink_pack_dests=E2=80=99:
    /home/build_test/build_env/tmp.Yn6tGCukvG/net/batman-adv/multicast_forw=
=2Ec:613:1: error: label at end of compound statement
     cont_next_slot:
     ^~~~~~~~~~~~~~
    make[3]: *** [scripts/Makefile.build:308: /home/build_test/build_env/tm=
p.Yn6tGCukvG/net/batman-adv/multicast_forw.o] Error 1
    make[2]: *** [scripts/Makefile.build:558: /home/build_test/build_env/tm=
p.Yn6tGCukvG/net/batman-adv] Error 2
    make[1]: *** [Makefile:1544: _module_/home/build_test/build_env/tmp.Yn6=
tGCukvG] Error 2
    make: *** [Makefile:68: all] Error 2

ecsv/pu: sparse linux-4.9.336 cfg: BLA=3Dn DAT=3Dy DEBUG=3Dn TRACING=3Dy NC=
=3Dy MCAST=3Dn BATMAN_V=3Dy
=2D------------------------------------------------------------------------=
=2D-

    /home/build_test/build_env/tmp.Yn6tGCukvG/net/batman-adv/network-coding=
=2Ec:163:44: warning: incorrect type in argument 4 (different base types)
    /home/build_test/build_env/tmp.Yn6tGCukvG/net/batman-adv/network-coding=
=2Ec:163:44:    expected int ( *mptr )( ... )
    /home/build_test/build_env/tmp.Yn6tGCukvG/net/batman-adv/network-coding=
=2Ec:163:44:    got int
    /home/build_test/build_env/tmp.Yn6tGCukvG/net/batman-adv/network-coding=
=2Ec:162:37: error: not enough arguments for function batadv_tvlv_handler_r=
egister
    /home/build_test/build_env/tmp.Yn6tGCukvG/net/batman-adv/network-coding=
=2Ec: In function =E2=80=98batadv_nc_mesh_init=E2=80=99:
    /home/build_test/build_env/tmp.Yn6tGCukvG/net/batman-adv/network-coding=
=2Ec:163:16: warning: passing argument 4 of =E2=80=98batadv_tvlv_handler_re=
gister=E2=80=99 makes pointer from integer without a cast [-Wint-conversion]
              NULL, BATADV_TVLV_NC, 1,
                    ^~~~~~~~~~~~~~
    In file included from /home/build_test/build_env/tmp.Yn6tGCukvG/net/bat=
man-adv/network-coding.c:45:
    /home/build_test/build_env/tmp.Yn6tGCukvG/net/batman-adv/tvlv.h:37:13: =
note: expected =E2=80=98int (*)(struct batadv_priv *, struct sk_buff *)=E2=
=80=99 but argument is of type =E2=80=98int=E2=80=99
           int (*mptr)(struct batadv_priv *bat_priv,
           ~~~~~~^~~~~~~~~~~~~~~~~~~~~~~~~~~~~~~~~~~
                struct sk_buff *skb),
                ~~~~~~~~~~~~~~~~~~~~
    /home/build_test/build_env/tmp.Yn6tGCukvG/net/batman-adv/network-coding=
=2Ec:162:2: error: too few arguments to function =E2=80=98batadv_tvlv_handl=
er_register=E2=80=99
      batadv_tvlv_handler_register(bat_priv, batadv_nc_tvlv_ogm_handler_v1,
      ^~~~~~~~~~~~~~~~~~~~~~~~~~~~
    In file included from /home/build_test/build_env/tmp.Yn6tGCukvG/net/bat=
man-adv/network-coding.c:45:
    /home/build_test/build_env/tmp.Yn6tGCukvG/net/batman-adv/tvlv.h:27:6: n=
ote: declared here
     void batadv_tvlv_handler_register(struct batadv_priv *bat_priv,
          ^~~~~~~~~~~~~~~~~~~~~~~~~~~~
    make[3]: *** [scripts/Makefile.build:308: /home/build_test/build_env/tm=
p.Yn6tGCukvG/net/batman-adv/network-coding.o] Error 1
    make[2]: *** [scripts/Makefile.build:558: /home/build_test/build_env/tm=
p.Yn6tGCukvG/net/batman-adv] Error 2
    make[1]: *** [Makefile:1544: _module_/home/build_test/build_env/tmp.Yn6=
tGCukvG] Error 2
    make: *** [Makefile:68: all] Error 2

ecsv/pu: sparse linux-5.0 cfg: BLA=3Dn DAT=3Dn DEBUG=3Dn TRACING=3Dn NC=3Dy=
 MCAST=3Dy BATMAN_V=3Dy
=2D------------------------------------------------------------------------=
=2D-

    /home/build_test/build_env/tmp.Yn6tGCukvG/net/batman-adv/multicast.c:12=
06:1: warning: symbol 'batadv_mcast_forw_mode_by_count' was not declared. S=
hould it be static?
    /home/build_test/build_env/tmp.Yn6tGCukvG/net/batman-adv/multicast_forw=
=2Ec:614:9: warning: statement expected after label
    /home/build_test/build_env/tmp.Yn6tGCukvG/net/batman-adv/multicast_forw=
=2Ec:861:5: warning: symbol 'batadv_mcast_forw_tracker_tvlv_handler' was no=
t declared. Should it be static?
    /home/build_test/build_env/tmp.Yn6tGCukvG/net/batman-adv/multicast_forw=
=2Ec:876:14: warning: symbol 'batadv_mcast_forw_packet_hdrlen' was not decl=
ared. Should it be static?
    /home/build_test/build_env/tmp.Yn6tGCukvG/net/batman-adv/multicast_forw=
=2Ec:933:6: warning: symbol 'batadv_mcast_forw_push' was not declared. Shou=
ld it be static?
    /home/build_test/build_env/tmp.Yn6tGCukvG/net/batman-adv/multicast_forw=
=2Ec:967:5: warning: symbol 'batadv_mcast_forw_mcsend' was not declared. Sh=
ould it be static?
    /home/build_test/build_env/tmp.Yn6tGCukvG/net/batman-adv/multicast_forw=
=2Ec:110:12: warning: context imbalance in 'batadv_mcast_forw_push_dests_li=
st' - wrong count at exit
    /home/build_test/build_env/tmp.Yn6tGCukvG/net/batman-adv/multicast_forw=
=2Ec: In function =E2=80=98batadv_mcast_forw_shrink_pack_dests=E2=80=99:
    /home/build_test/build_env/tmp.Yn6tGCukvG/net/batman-adv/multicast_forw=
=2Ec:613:1: error: label at end of compound statement
     cont_next_slot:
     ^~~~~~~~~~~~~~
    make[3]: *** [scripts/Makefile.build:277: /home/build_test/build_env/tm=
p.Yn6tGCukvG/net/batman-adv/multicast_forw.o] Error 1
    make[2]: *** [scripts/Makefile.build:492: /home/build_test/build_env/tm=
p.Yn6tGCukvG/net/batman-adv] Error 2
    make[1]: *** [Makefile:1553: _module_/home/build_test/build_env/tmp.Yn6=
tGCukvG] Error 2
    make: *** [Makefile:68: all] Error 2

ecsv/pu: sparse linux-5.0 cfg: BLA=3Dn DAT=3Dn DEBUG=3Dy TRACING=3Dn NC=3Dn=
 MCAST=3Dn BATMAN_V=3Dn
=2D------------------------------------------------------------------------=
=2D-

    /home/build_test/build_env/tmp.Yn6tGCukvG/net/batman-adv/tvlv.c:389:17:=
 error: typename in expression
    /home/build_test/build_env/tmp.Yn6tGCukvG/net/batman-adv/tvlv.c:405:17:=
 error: typename in expression
    /home/build_test/build_env/tmp.Yn6tGCukvG/net/batman-adv/tvlv.c:405:26:=
 error: Expected ; at end of statement
    /home/build_test/build_env/tmp.Yn6tGCukvG/net/batman-adv/tvlv.c:405:26:=
 error: got int
    /home/build_test/build_env/tmp.Yn6tGCukvG/net/batman-adv/tvlv.c:389:17:=
 error: undefined identifier 'u8'
    /home/build_test/build_env/tmp.Yn6tGCukvG/net/batman-adv/tvlv.c:389:21:=
 error: undefined identifier 'src'
    /home/build_test/build_env/tmp.Yn6tGCukvG/net/batman-adv/tvlv.c:398:17:=
 error: undefined identifier 'src'
    /home/build_test/build_env/tmp.Yn6tGCukvG/net/batman-adv/tvlv.c:401:64:=
 error: undefined identifier 'src'
    /home/build_test/build_env/tmp.Yn6tGCukvG/net/batman-adv/tvlv.c:405:17:=
 error: undefined identifier 'unsigned'
    /home/build_test/build_env/tmp.Yn6tGCukvG/net/batman-adv/tvlv.c:413:17:=
 error: undefined identifier 'tvlv_offset'
    /home/build_test/build_env/tmp.Yn6tGCukvG/net/batman-adv/tvlv.c:414:45:=
 error: undefined identifier 'tvlv_offset'
    /home/build_test/build_env/tmp.Yn6tGCukvG/net/batman-adv/tvlv.c:415:47:=
 error: undefined identifier 'tvlv_offset'
    /home/build_test/build_env/tmp.Yn6tGCukvG/net/batman-adv/tvlv.c: In fun=
ction =E2=80=98batadv_tvlv_call_handler=E2=80=99:
    /home/build_test/build_env/tmp.Yn6tGCukvG/net/batman-adv/tvlv.c:389:3: =
error: a label can only be part of a statement and a declaration is not a s=
tatement
       u8 *src;
       ^~
    /home/build_test/build_env/tmp.Yn6tGCukvG/net/batman-adv/tvlv.c:390:3: =
error: expected expression before =E2=80=98u8=E2=80=99
       u8 *dst;
       ^~
    /home/build_test/build_env/tmp.Yn6tGCukvG/net/batman-adv/tvlv.c:399:3: =
error: =E2=80=98dst=E2=80=99 undeclared (first use in this function)
       dst =3D ((struct batadv_unicast_tvlv_packet *)skb->data)->dst;
       ^~~
    /home/build_test/build_env/tmp.Yn6tGCukvG/net/batman-adv/tvlv.c:399:3: =
note: each undeclared identifier is reported only once for each function it=
 appears in
    /home/build_test/build_env/tmp.Yn6tGCukvG/net/batman-adv/tvlv.c:405:3: =
error: a label can only be part of a statement and a declaration is not a s=
tatement
       unsigned int tvlv_offset;
       ^~~~~~~~
    make[3]: *** [scripts/Makefile.build:277: /home/build_test/build_env/tm=
p.Yn6tGCukvG/net/batman-adv/tvlv.o] Error 1
    make[2]: *** [scripts/Makefile.build:492: /home/build_test/build_env/tm=
p.Yn6tGCukvG/net/batman-adv] Error 2
    make[1]: *** [Makefile:1553: _module_/home/build_test/build_env/tmp.Yn6=
tGCukvG] Error 2
    make: *** [Makefile:68: all] Error 2

ecsv/pu: sparse linux-5.1 cfg: BLA=3Dn DAT=3Dn DEBUG=3Dn TRACING=3Dn NC=3Dn=
 MCAST=3Dy BATMAN_V=3Dy
=2D------------------------------------------------------------------------=
=2D-

    /home/build_test/build_env/tmp.Yn6tGCukvG/net/batman-adv/multicast.c:12=
06:1: warning: symbol 'batadv_mcast_forw_mode_by_count' was not declared. S=
hould it be static?
    /home/build_test/build_env/tmp.Yn6tGCukvG/net/batman-adv/multicast_forw=
=2Ec:614:9: warning: statement expected after label
    /home/build_test/build_env/tmp.Yn6tGCukvG/net/batman-adv/multicast_forw=
=2Ec:861:5: warning: symbol 'batadv_mcast_forw_tracker_tvlv_handler' was no=
t declared. Should it be static?
    /home/build_test/build_env/tmp.Yn6tGCukvG/net/batman-adv/multicast_forw=
=2Ec:876:14: warning: symbol 'batadv_mcast_forw_packet_hdrlen' was not decl=
ared. Should it be static?
    /home/build_test/build_env/tmp.Yn6tGCukvG/net/batman-adv/multicast_forw=
=2Ec:933:6: warning: symbol 'batadv_mcast_forw_push' was not declared. Shou=
ld it be static?
    /home/build_test/build_env/tmp.Yn6tGCukvG/net/batman-adv/multicast_forw=
=2Ec:967:5: warning: symbol 'batadv_mcast_forw_mcsend' was not declared. Sh=
ould it be static?
    /home/build_test/build_env/tmp.Yn6tGCukvG/net/batman-adv/multicast_forw=
=2Ec:110:12: warning: context imbalance in 'batadv_mcast_forw_push_dests_li=
st' - wrong count at exit
    /home/build_test/build_env/tmp.Yn6tGCukvG/net/batman-adv/multicast_forw=
=2Ec: In function =E2=80=98batadv_mcast_forw_shrink_pack_dests=E2=80=99:
    /home/build_test/build_env/tmp.Yn6tGCukvG/net/batman-adv/multicast_forw=
=2Ec:613:1: error: label at end of compound statement
     cont_next_slot:
     ^~~~~~~~~~~~~~
    make[3]: *** [scripts/Makefile.build:276: /home/build_test/build_env/tm=
p.Yn6tGCukvG/net/batman-adv/multicast_forw.o] Error 1
    make[2]: *** [scripts/Makefile.build:486: /home/build_test/build_env/tm=
p.Yn6tGCukvG/net/batman-adv] Error 2
    make[1]: *** [Makefile:1571: _module_/home/build_test/build_env/tmp.Yn6=
tGCukvG] Error 2
    make: *** [Makefile:68: all] Error 2

ecsv/pu: sparse linux-5.10 cfg: BLA=3Dy DAT=3Dn DEBUG=3Dn TRACING=3Dy NC=3D=
n MCAST=3Dn BATMAN_V=3Dy
=2D------------------------------------------------------------------------=
=2D-

    /home/build_test/build_env/tmp.Yn6tGCukvG/net/batman-adv/tvlv.c: In fun=
ction =E2=80=98batadv_tvlv_call_handler=E2=80=99:
    /home/build_test/build_env/tmp.Yn6tGCukvG/net/batman-adv/tvlv.c:389:3: =
error: a label can only be part of a statement and a declaration is not a s=
tatement
       u8 *src;
       ^~
    /home/build_test/build_env/tmp.Yn6tGCukvG/net/batman-adv/tvlv.c:390:3: =
error: expected expression before =E2=80=98u8=E2=80=99
       u8 *dst;
       ^~
    /home/build_test/build_env/tmp.Yn6tGCukvG/net/batman-adv/tvlv.c:399:3: =
error: =E2=80=98dst=E2=80=99 undeclared (first use in this function)
       dst =3D ((struct batadv_unicast_tvlv_packet *)skb->data)->dst;
       ^~~
    /home/build_test/build_env/tmp.Yn6tGCukvG/net/batman-adv/tvlv.c:399:3: =
note: each undeclared identifier is reported only once for each function it=
 appears in
    /home/build_test/build_env/tmp.Yn6tGCukvG/net/batman-adv/tvlv.c:405:3: =
error: a label can only be part of a statement and a declaration is not a s=
tatement
       unsigned int tvlv_offset;
       ^~~~~~~~
    /home/build_test/build_env/tmp.Yn6tGCukvG/net/batman-adv/tvlv.c:398:7: =
warning: this statement may fall through [-Wimplicit-fallthrough=3D]
       src =3D ((struct batadv_unicast_tvlv_packet *)skb->data)->src;
       ~~~~^~~~~~~~~~~~~~~~~~~~~~~~~~~~~~~~~~~~~~~~~~~~~~~~~~~~~~~
    /home/build_test/build_env/tmp.Yn6tGCukvG/net/batman-adv/tvlv.c:404:2: =
note: here
      case BATADV_MCAST:
      ^~~~
    make[3]: *** [scripts/Makefile.build:279: /home/build_test/build_env/tm=
p.Yn6tGCukvG/net/batman-adv/tvlv.o] Error 1
    make[2]: *** [scripts/Makefile.build:496: /home/build_test/build_env/tm=
p.Yn6tGCukvG/net/batman-adv] Error 2
    make[1]: *** [Makefile:1805: /home/build_test/build_env/tmp.Yn6tGCukvG]=
 Error 2
    make: *** [Makefile:68: all] Error 2

ecsv/pu: sparse linux-5.10 cfg: BLA=3Dy DAT=3Dn DEBUG=3Dy TRACING=3Dy NC=3D=
n MCAST=3Dy BATMAN_V=3Dy
=2D------------------------------------------------------------------------=
=2D-

    /home/build_test/build_env/tmp.Yn6tGCukvG/net/batman-adv/multicast.c:12=
06:1: warning: symbol 'batadv_mcast_forw_mode_by_count' was not declared. S=
hould it be static?
    /home/build_test/build_env/tmp.Yn6tGCukvG/net/batman-adv/multicast_forw=
=2Ec: In function =E2=80=98batadv_mcast_forw_shrink_pack_dests=E2=80=99:
    /home/build_test/build_env/tmp.Yn6tGCukvG/net/batman-adv/multicast_forw=
=2Ec:613:1: error: label at end of compound statement
     cont_next_slot:
     ^~~~~~~~~~~~~~
    make[3]: *** [scripts/Makefile.build:279: /home/build_test/build_env/tm=
p.Yn6tGCukvG/net/batman-adv/multicast_forw.o] Error 1
    make[2]: *** [scripts/Makefile.build:496: /home/build_test/build_env/tm=
p.Yn6tGCukvG/net/batman-adv] Error 2
    make[1]: *** [Makefile:1805: /home/build_test/build_env/tmp.Yn6tGCukvG]=
 Error 2
    make: *** [Makefile:68: all] Error 2

ecsv/pu: sparse linux-5.10.159 cfg: BLA=3Dy DAT=3Dy DEBUG=3Dn TRACING=3Dy N=
C=3Dy MCAST=3Dy BATMAN_V=3Dy
=2D------------------------------------------------------------------------=
=2D-

    /home/build_test/build_env/tmp.Yn6tGCukvG/net/batman-adv/multicast.c:12=
06:1: warning: symbol 'batadv_mcast_forw_mode_by_count' was not declared. S=
hould it be static?
    /home/build_test/build_env/tmp.Yn6tGCukvG/net/batman-adv/multicast_forw=
=2Ec: In function =E2=80=98batadv_mcast_forw_shrink_pack_dests=E2=80=99:
    /home/build_test/build_env/tmp.Yn6tGCukvG/net/batman-adv/multicast_forw=
=2Ec:613:1: error: label at end of compound statement
     cont_next_slot:
     ^~~~~~~~~~~~~~
    make[3]: *** [scripts/Makefile.build:286: /home/build_test/build_env/tm=
p.Yn6tGCukvG/net/batman-adv/multicast_forw.o] Error 1
    make[2]: *** [scripts/Makefile.build:503: /home/build_test/build_env/tm=
p.Yn6tGCukvG/net/batman-adv] Error 2
    make[1]: *** [Makefile:1837: /home/build_test/build_env/tmp.Yn6tGCukvG]=
 Error 2
    make: *** [Makefile:68: all] Error 2

ecsv/pu: sparse linux-5.11 cfg: BLA=3Dn DAT=3Dy DEBUG=3Dy TRACING=3Dy NC=3D=
y MCAST=3Dy BATMAN_V=3Dn
=2D------------------------------------------------------------------------=
=2D-

    /home/build_test/build_env/tmp.Yn6tGCukvG/net/batman-adv/multicast.c:12=
06:1: warning: symbol 'batadv_mcast_forw_mode_by_count' was not declared. S=
hould it be static?
    /home/build_test/build_env/tmp.Yn6tGCukvG/net/batman-adv/multicast_forw=
=2Ec: In function =E2=80=98batadv_mcast_forw_shrink_pack_dests=E2=80=99:
    /home/build_test/build_env/tmp.Yn6tGCukvG/net/batman-adv/multicast_forw=
=2Ec:613:1: error: label at end of compound statement
     cont_next_slot:
     ^~~~~~~~~~~~~~
    make[3]: *** [scripts/Makefile.build:279: /home/build_test/build_env/tm=
p.Yn6tGCukvG/net/batman-adv/multicast_forw.o] Error 1
    make[2]: *** [scripts/Makefile.build:496: /home/build_test/build_env/tm=
p.Yn6tGCukvG/net/batman-adv] Error 2
    make[1]: *** [Makefile:1800: /home/build_test/build_env/tmp.Yn6tGCukvG]=
 Error 2
    make: *** [Makefile:68: all] Error 2

ecsv/pu: sparse linux-5.11 cfg: BLA=3Dy DAT=3Dn DEBUG=3Dn TRACING=3Dn NC=3D=
n MCAST=3Dn BATMAN_V=3Dy
=2D------------------------------------------------------------------------=
=2D-

    /home/build_test/build_env/tmp.Yn6tGCukvG/net/batman-adv/tvlv.c: In fun=
ction =E2=80=98batadv_tvlv_call_handler=E2=80=99:
    /home/build_test/build_env/tmp.Yn6tGCukvG/net/batman-adv/tvlv.c:389:3: =
error: a label can only be part of a statement and a declaration is not a s=
tatement
       u8 *src;
       ^~
    /home/build_test/build_env/tmp.Yn6tGCukvG/net/batman-adv/tvlv.c:390:3: =
error: expected expression before =E2=80=98u8=E2=80=99
       u8 *dst;
       ^~
    /home/build_test/build_env/tmp.Yn6tGCukvG/net/batman-adv/tvlv.c:399:3: =
error: =E2=80=98dst=E2=80=99 undeclared (first use in this function)
       dst =3D ((struct batadv_unicast_tvlv_packet *)skb->data)->dst;
       ^~~
    /home/build_test/build_env/tmp.Yn6tGCukvG/net/batman-adv/tvlv.c:399:3: =
note: each undeclared identifier is reported only once for each function it=
 appears in
    /home/build_test/build_env/tmp.Yn6tGCukvG/net/batman-adv/tvlv.c:405:3: =
error: a label can only be part of a statement and a declaration is not a s=
tatement
       unsigned int tvlv_offset;
       ^~~~~~~~
    /home/build_test/build_env/tmp.Yn6tGCukvG/net/batman-adv/tvlv.c:398:7: =
warning: this statement may fall through [-Wimplicit-fallthrough=3D]
       src =3D ((struct batadv_unicast_tvlv_packet *)skb->data)->src;
       ~~~~^~~~~~~~~~~~~~~~~~~~~~~~~~~~~~~~~~~~~~~~~~~~~~~~~~~~~~~
    /home/build_test/build_env/tmp.Yn6tGCukvG/net/batman-adv/tvlv.c:404:2: =
note: here
      case BATADV_MCAST:
      ^~~~
    make[3]: *** [scripts/Makefile.build:279: /home/build_test/build_env/tm=
p.Yn6tGCukvG/net/batman-adv/tvlv.o] Error 1
    make[2]: *** [scripts/Makefile.build:496: /home/build_test/build_env/tm=
p.Yn6tGCukvG/net/batman-adv] Error 2
    make[1]: *** [Makefile:1800: /home/build_test/build_env/tmp.Yn6tGCukvG]=
 Error 2
    make: *** [Makefile:68: all] Error 2

ecsv/pu: sparse linux-5.11 cfg: BLA=3Dy DAT=3Dn DEBUG=3Dn TRACING=3Dy NC=3D=
y MCAST=3Dn BATMAN_V=3Dn
=2D------------------------------------------------------------------------=
=2D-

    /home/build_test/build_env/tmp.Yn6tGCukvG/net/batman-adv/network-coding=
=2Ec: In function =E2=80=98batadv_nc_mesh_init=E2=80=99:
    /home/build_test/build_env/tmp.Yn6tGCukvG/net/batman-adv/network-coding=
=2Ec:163:16: warning: passing argument 4 of =E2=80=98batadv_tvlv_handler_re=
gister=E2=80=99 makes pointer from integer without a cast [-Wint-conversion]
              NULL, BATADV_TVLV_NC, 1,
                    ^~~~~~~~~~~~~~
    In file included from /home/build_test/build_env/tmp.Yn6tGCukvG/net/bat=
man-adv/network-coding.c:45:
    /home/build_test/build_env/tmp.Yn6tGCukvG/net/batman-adv/tvlv.h:37:13: =
note: expected =E2=80=98int (*)(struct batadv_priv *, struct sk_buff *)=E2=
=80=99 but argument is of type =E2=80=98int=E2=80=99
           int (*mptr)(struct batadv_priv *bat_priv,
           ~~~~~~^~~~~~~~~~~~~~~~~~~~~~~~~~~~~~~~~~~
                struct sk_buff *skb),
                ~~~~~~~~~~~~~~~~~~~~
    /home/build_test/build_env/tmp.Yn6tGCukvG/net/batman-adv/network-coding=
=2Ec:162:2: error: too few arguments to function =E2=80=98batadv_tvlv_handl=
er_register=E2=80=99
      batadv_tvlv_handler_register(bat_priv, batadv_nc_tvlv_ogm_handler_v1,
      ^~~~~~~~~~~~~~~~~~~~~~~~~~~~
    In file included from /home/build_test/build_env/tmp.Yn6tGCukvG/net/bat=
man-adv/network-coding.c:45:
    /home/build_test/build_env/tmp.Yn6tGCukvG/net/batman-adv/tvlv.h:27:6: n=
ote: declared here
     void batadv_tvlv_handler_register(struct batadv_priv *bat_priv,
          ^~~~~~~~~~~~~~~~~~~~~~~~~~~~
    make[3]: *** [scripts/Makefile.build:279: /home/build_test/build_env/tm=
p.Yn6tGCukvG/net/batman-adv/network-coding.o] Error 1
    make[2]: *** [scripts/Makefile.build:496: /home/build_test/build_env/tm=
p.Yn6tGCukvG/net/batman-adv] Error 2
    make[1]: *** [Makefile:1800: /home/build_test/build_env/tmp.Yn6tGCukvG]=
 Error 2
    make: *** [Makefile:68: all] Error 2

ecsv/pu: sparse linux-5.12 cfg: BLA=3Dn DAT=3Dy DEBUG=3Dn TRACING=3Dn NC=3D=
y MCAST=3Dy BATMAN_V=3Dn
=2D------------------------------------------------------------------------=
=2D-

    /home/build_test/build_env/tmp.Yn6tGCukvG/net/batman-adv/multicast.c:12=
06:1: warning: symbol 'batadv_mcast_forw_mode_by_count' was not declared. S=
hould it be static?
    /home/build_test/build_env/tmp.Yn6tGCukvG/net/batman-adv/multicast_forw=
=2Ec: In function =E2=80=98batadv_mcast_forw_shrink_pack_dests=E2=80=99:
    /home/build_test/build_env/tmp.Yn6tGCukvG/net/batman-adv/multicast_forw=
=2Ec:613:1: error: label at end of compound statement
     cont_next_slot:
     ^~~~~~~~~~~~~~
    make[3]: *** [scripts/Makefile.build:271: /home/build_test/build_env/tm=
p.Yn6tGCukvG/net/batman-adv/multicast_forw.o] Error 1
    make[2]: *** [scripts/Makefile.build:514: /home/build_test/build_env/tm=
p.Yn6tGCukvG/net/batman-adv] Error 2
    make[1]: *** [Makefile:1851: /home/build_test/build_env/tmp.Yn6tGCukvG]=
 Error 2
    make: *** [Makefile:68: all] Error 2

ecsv/pu: sparse linux-5.12 cfg: BLA=3Dy DAT=3Dn DEBUG=3Dn TRACING=3Dy NC=3D=
n MCAST=3Dn BATMAN_V=3Dy
=2D------------------------------------------------------------------------=
=2D-

    /home/build_test/build_env/tmp.Yn6tGCukvG/net/batman-adv/tvlv.c: In fun=
ction =E2=80=98batadv_tvlv_call_handler=E2=80=99:
    /home/build_test/build_env/tmp.Yn6tGCukvG/net/batman-adv/tvlv.c:389:3: =
error: a label can only be part of a statement and a declaration is not a s=
tatement
       u8 *src;
       ^~
    /home/build_test/build_env/tmp.Yn6tGCukvG/net/batman-adv/tvlv.c:390:3: =
error: expected expression before =E2=80=98u8=E2=80=99
       u8 *dst;
       ^~
    /home/build_test/build_env/tmp.Yn6tGCukvG/net/batman-adv/tvlv.c:399:3: =
error: =E2=80=98dst=E2=80=99 undeclared (first use in this function)
       dst =3D ((struct batadv_unicast_tvlv_packet *)skb->data)->dst;
       ^~~
    /home/build_test/build_env/tmp.Yn6tGCukvG/net/batman-adv/tvlv.c:399:3: =
note: each undeclared identifier is reported only once for each function it=
 appears in
    /home/build_test/build_env/tmp.Yn6tGCukvG/net/batman-adv/tvlv.c:405:3: =
error: a label can only be part of a statement and a declaration is not a s=
tatement
       unsigned int tvlv_offset;
       ^~~~~~~~
    /home/build_test/build_env/tmp.Yn6tGCukvG/net/batman-adv/tvlv.c:398:7: =
warning: this statement may fall through [-Wimplicit-fallthrough=3D]
       src =3D ((struct batadv_unicast_tvlv_packet *)skb->data)->src;
       ~~~~^~~~~~~~~~~~~~~~~~~~~~~~~~~~~~~~~~~~~~~~~~~~~~~~~~~~~~~
    /home/build_test/build_env/tmp.Yn6tGCukvG/net/batman-adv/tvlv.c:404:2: =
note: here
      case BATADV_MCAST:
      ^~~~
    make[3]: *** [scripts/Makefile.build:271: /home/build_test/build_env/tm=
p.Yn6tGCukvG/net/batman-adv/tvlv.o] Error 1
    make[2]: *** [scripts/Makefile.build:514: /home/build_test/build_env/tm=
p.Yn6tGCukvG/net/batman-adv] Error 2
    make[1]: *** [Makefile:1851: /home/build_test/build_env/tmp.Yn6tGCukvG]=
 Error 2
    make: *** [Makefile:68: all] Error 2

ecsv/pu: sparse linux-5.13 cfg: BLA=3Dn DAT=3Dn DEBUG=3Dn TRACING=3Dn NC=3D=
y MCAST=3Dn BATMAN_V=3Dy
=2D------------------------------------------------------------------------=
=2D-

    /home/build_test/build_env/tmp.Yn6tGCukvG/net/batman-adv/network-coding=
=2Ec: In function =E2=80=98batadv_nc_mesh_init=E2=80=99:
    /home/build_test/build_env/tmp.Yn6tGCukvG/net/batman-adv/network-coding=
=2Ec:163:16: warning: passing argument 4 of =E2=80=98batadv_tvlv_handler_re=
gister=E2=80=99 makes pointer from integer without a cast [-Wint-conversion]
              NULL, BATADV_TVLV_NC, 1,
                    ^~~~~~~~~~~~~~
    In file included from /home/build_test/build_env/tmp.Yn6tGCukvG/net/bat=
man-adv/network-coding.c:45:
    /home/build_test/build_env/tmp.Yn6tGCukvG/net/batman-adv/tvlv.h:37:13: =
note: expected =E2=80=98int (*)(struct batadv_priv *, struct sk_buff *)=E2=
=80=99 but argument is of type =E2=80=98int=E2=80=99
           int (*mptr)(struct batadv_priv *bat_priv,
           ~~~~~~^~~~~~~~~~~~~~~~~~~~~~~~~~~~~~~~~~~
                struct sk_buff *skb),
                ~~~~~~~~~~~~~~~~~~~~
    /home/build_test/build_env/tmp.Yn6tGCukvG/net/batman-adv/network-coding=
=2Ec:162:2: error: too few arguments to function =E2=80=98batadv_tvlv_handl=
er_register=E2=80=99
      batadv_tvlv_handler_register(bat_priv, batadv_nc_tvlv_ogm_handler_v1,
      ^~~~~~~~~~~~~~~~~~~~~~~~~~~~
    In file included from /home/build_test/build_env/tmp.Yn6tGCukvG/net/bat=
man-adv/network-coding.c:45:
    /home/build_test/build_env/tmp.Yn6tGCukvG/net/batman-adv/tvlv.h:27:6: n=
ote: declared here
     void batadv_tvlv_handler_register(struct batadv_priv *bat_priv,
          ^~~~~~~~~~~~~~~~~~~~~~~~~~~~
    make[3]: *** [scripts/Makefile.build:272: /home/build_test/build_env/tm=
p.Yn6tGCukvG/net/batman-adv/network-coding.o] Error 1
    make[2]: *** [scripts/Makefile.build:515: /home/build_test/build_env/tm=
p.Yn6tGCukvG/net/batman-adv] Error 2
    make[1]: *** [Makefile:1847: /home/build_test/build_env/tmp.Yn6tGCukvG]=
 Error 2
    make: *** [Makefile:68: all] Error 2

ecsv/pu: sparse linux-5.13 cfg: BLA=3Dn DAT=3Dy DEBUG=3Dy TRACING=3Dy NC=3D=
n MCAST=3Dn BATMAN_V=3Dy
=2D------------------------------------------------------------------------=
=2D-

    /home/build_test/build_env/tmp.Yn6tGCukvG/net/batman-adv/tvlv.c: In fun=
ction =E2=80=98batadv_tvlv_call_handler=E2=80=99:
    /home/build_test/build_env/tmp.Yn6tGCukvG/net/batman-adv/tvlv.c:389:3: =
error: a label can only be part of a statement and a declaration is not a s=
tatement
       u8 *src;
       ^~
    /home/build_test/build_env/tmp.Yn6tGCukvG/net/batman-adv/tvlv.c:390:3: =
error: expected expression before =E2=80=98u8=E2=80=99
       u8 *dst;
       ^~
    /home/build_test/build_env/tmp.Yn6tGCukvG/net/batman-adv/tvlv.c:399:3: =
error: =E2=80=98dst=E2=80=99 undeclared (first use in this function)
       dst =3D ((struct batadv_unicast_tvlv_packet *)skb->data)->dst;
       ^~~
    /home/build_test/build_env/tmp.Yn6tGCukvG/net/batman-adv/tvlv.c:399:3: =
note: each undeclared identifier is reported only once for each function it=
 appears in
    /home/build_test/build_env/tmp.Yn6tGCukvG/net/batman-adv/tvlv.c:405:3: =
error: a label can only be part of a statement and a declaration is not a s=
tatement
       unsigned int tvlv_offset;
       ^~~~~~~~
    /home/build_test/build_env/tmp.Yn6tGCukvG/net/batman-adv/tvlv.c:398:7: =
warning: this statement may fall through [-Wimplicit-fallthrough=3D]
       src =3D ((struct batadv_unicast_tvlv_packet *)skb->data)->src;
       ~~~~^~~~~~~~~~~~~~~~~~~~~~~~~~~~~~~~~~~~~~~~~~~~~~~~~~~~~~~
    /home/build_test/build_env/tmp.Yn6tGCukvG/net/batman-adv/tvlv.c:404:2: =
note: here
      case BATADV_MCAST:
      ^~~~
    make[3]: *** [scripts/Makefile.build:272: /home/build_test/build_env/tm=
p.Yn6tGCukvG/net/batman-adv/tvlv.o] Error 1
    make[2]: *** [scripts/Makefile.build:515: /home/build_test/build_env/tm=
p.Yn6tGCukvG/net/batman-adv] Error 2
    make[1]: *** [Makefile:1847: /home/build_test/build_env/tmp.Yn6tGCukvG]=
 Error 2
    make: *** [Makefile:68: all] Error 2

ecsv/pu: sparse linux-5.14 cfg: BLA=3Dn DAT=3Dy DEBUG=3Dy TRACING=3Dn NC=3D=
y MCAST=3Dn BATMAN_V=3Dy
=2D------------------------------------------------------------------------=
=2D-

    /home/build_test/build_env/tmp.Yn6tGCukvG/net/batman-adv/network-coding=
=2Ec: In function =E2=80=98batadv_nc_mesh_init=E2=80=99:
    /home/build_test/build_env/tmp.Yn6tGCukvG/net/batman-adv/network-coding=
=2Ec:163:16: warning: passing argument 4 of =E2=80=98batadv_tvlv_handler_re=
gister=E2=80=99 makes pointer from integer without a cast [-Wint-conversion]
              NULL, BATADV_TVLV_NC, 1,
                    ^~~~~~~~~~~~~~
    In file included from /home/build_test/build_env/tmp.Yn6tGCukvG/net/bat=
man-adv/network-coding.c:45:
    /home/build_test/build_env/tmp.Yn6tGCukvG/net/batman-adv/tvlv.h:37:13: =
note: expected =E2=80=98int (*)(struct batadv_priv *, struct sk_buff *)=E2=
=80=99 but argument is of type =E2=80=98int=E2=80=99
           int (*mptr)(struct batadv_priv *bat_priv,
           ~~~~~~^~~~~~~~~~~~~~~~~~~~~~~~~~~~~~~~~~~
                struct sk_buff *skb),
                ~~~~~~~~~~~~~~~~~~~~
    /home/build_test/build_env/tmp.Yn6tGCukvG/net/batman-adv/network-coding=
=2Ec:162:2: error: too few arguments to function =E2=80=98batadv_tvlv_handl=
er_register=E2=80=99
      batadv_tvlv_handler_register(bat_priv, batadv_nc_tvlv_ogm_handler_v1,
      ^~~~~~~~~~~~~~~~~~~~~~~~~~~~
    In file included from /home/build_test/build_env/tmp.Yn6tGCukvG/net/bat=
man-adv/network-coding.c:45:
    /home/build_test/build_env/tmp.Yn6tGCukvG/net/batman-adv/tvlv.h:27:6: n=
ote: declared here
     void batadv_tvlv_handler_register(struct batadv_priv *bat_priv,
          ^~~~~~~~~~~~~~~~~~~~~~~~~~~~
    make[3]: *** [scripts/Makefile.build:271: /home/build_test/build_env/tm=
p.Yn6tGCukvG/net/batman-adv/network-coding.o] Error 1
    make[2]: *** [scripts/Makefile.build:514: /home/build_test/build_env/tm=
p.Yn6tGCukvG/net/batman-adv] Error 2
    make[1]: *** [Makefile:1851: /home/build_test/build_env/tmp.Yn6tGCukvG]=
 Error 2
    make: *** [Makefile:68: all] Error 2

ecsv/pu: sparse linux-5.15 cfg: BLA=3Dn DAT=3Dy DEBUG=3Dy TRACING=3Dy NC=3D=
y MCAST=3Dy BATMAN_V=3Dn
=2D------------------------------------------------------------------------=
=2D-

    /home/build_test/build_env/tmp.Yn6tGCukvG/net/batman-adv/multicast.c:12=
06:1: warning: symbol 'batadv_mcast_forw_mode_by_count' was not declared. S=
hould it be static?
    /home/build_test/build_env/tmp.Yn6tGCukvG/net/batman-adv/multicast_forw=
=2Ec: In function =E2=80=98batadv_mcast_forw_shrink_pack_dests=E2=80=99:
    /home/build_test/build_env/tmp.Yn6tGCukvG/net/batman-adv/multicast_forw=
=2Ec:613:1: error: label at end of compound statement
     cont_next_slot:
     ^~~~~~~~~~~~~~
    make[3]: *** [scripts/Makefile.build:277: /home/build_test/build_env/tm=
p.Yn6tGCukvG/net/batman-adv/multicast_forw.o] Error 1
    make[2]: *** [scripts/Makefile.build:540: /home/build_test/build_env/tm=
p.Yn6tGCukvG/net/batman-adv] Error 2
    make[1]: *** [Makefile:1868: /home/build_test/build_env/tmp.Yn6tGCukvG]=
 Error 2
    make: *** [Makefile:68: all] Error 2

ecsv/pu: sparse linux-5.15.83 cfg: BLA=3Dn DAT=3Dy DEBUG=3Dn TRACING=3Dy NC=
=3Dy MCAST=3Dy BATMAN_V=3Dn
=2D------------------------------------------------------------------------=
=2D-

    /home/build_test/build_env/tmp.Yn6tGCukvG/net/batman-adv/multicast.c:12=
06:1: warning: symbol 'batadv_mcast_forw_mode_by_count' was not declared. S=
hould it be static?
    /home/build_test/build_env/tmp.Yn6tGCukvG/net/batman-adv/multicast_forw=
=2Ec: In function =E2=80=98batadv_mcast_forw_shrink_pack_dests=E2=80=99:
    /home/build_test/build_env/tmp.Yn6tGCukvG/net/batman-adv/multicast_forw=
=2Ec:613:1: error: label at end of compound statement
     cont_next_slot:
     ^~~~~~~~~~~~~~
    make[3]: *** [scripts/Makefile.build:289: /home/build_test/build_env/tm=
p.Yn6tGCukvG/net/batman-adv/multicast_forw.o] Error 1
    make[2]: *** [scripts/Makefile.build:552: /home/build_test/build_env/tm=
p.Yn6tGCukvG/net/batman-adv] Error 2
    make[1]: *** [Makefile:1902: /home/build_test/build_env/tmp.Yn6tGCukvG]=
 Error 2
    make: *** [Makefile:68: all] Error 2

ecsv/pu: sparse linux-5.16 cfg: BLA=3Dy DAT=3Dn DEBUG=3Dn TRACING=3Dn NC=3D=
n MCAST=3Dn BATMAN_V=3Dn
=2D------------------------------------------------------------------------=
=2D-

    /home/build_test/build_env/tmp.Yn6tGCukvG/net/batman-adv/tvlv.c: In fun=
ction =E2=80=98batadv_tvlv_call_handler=E2=80=99:
    /home/build_test/build_env/tmp.Yn6tGCukvG/net/batman-adv/tvlv.c:389:3: =
error: a label can only be part of a statement and a declaration is not a s=
tatement
       u8 *src;
       ^~
    /home/build_test/build_env/tmp.Yn6tGCukvG/net/batman-adv/tvlv.c:390:3: =
error: expected expression before =E2=80=98u8=E2=80=99
       u8 *dst;
       ^~
    /home/build_test/build_env/tmp.Yn6tGCukvG/net/batman-adv/tvlv.c:399:3: =
error: =E2=80=98dst=E2=80=99 undeclared (first use in this function)
       dst =3D ((struct batadv_unicast_tvlv_packet *)skb->data)->dst;
       ^~~
    /home/build_test/build_env/tmp.Yn6tGCukvG/net/batman-adv/tvlv.c:399:3: =
note: each undeclared identifier is reported only once for each function it=
 appears in
    /home/build_test/build_env/tmp.Yn6tGCukvG/net/batman-adv/tvlv.c:405:3: =
error: a label can only be part of a statement and a declaration is not a s=
tatement
       unsigned int tvlv_offset;
       ^~~~~~~~
    /home/build_test/build_env/tmp.Yn6tGCukvG/net/batman-adv/tvlv.c:398:7: =
warning: this statement may fall through [-Wimplicit-fallthrough=3D]
       src =3D ((struct batadv_unicast_tvlv_packet *)skb->data)->src;
       ~~~~^~~~~~~~~~~~~~~~~~~~~~~~~~~~~~~~~~~~~~~~~~~~~~~~~~~~~~~
    /home/build_test/build_env/tmp.Yn6tGCukvG/net/batman-adv/tvlv.c:404:2: =
note: here
      case BATADV_MCAST:
      ^~~~
    make[3]: *** [scripts/Makefile.build:287: /home/build_test/build_env/tm=
p.Yn6tGCukvG/net/batman-adv/tvlv.o] Error 1
    make[2]: *** [scripts/Makefile.build:549: /home/build_test/build_env/tm=
p.Yn6tGCukvG/net/batman-adv] Error 2
    make[1]: *** [Makefile:1846: /home/build_test/build_env/tmp.Yn6tGCukvG]=
 Error 2
    make: *** [Makefile:68: all] Error 2

ecsv/pu: sparse linux-5.16 cfg: BLA=3Dy DAT=3Dn DEBUG=3Dn TRACING=3Dn NC=3D=
y MCAST=3Dn BATMAN_V=3Dy
=2D------------------------------------------------------------------------=
=2D-

    /home/build_test/build_env/tmp.Yn6tGCukvG/net/batman-adv/network-coding=
=2Ec: In function =E2=80=98batadv_nc_mesh_init=E2=80=99:
    /home/build_test/build_env/tmp.Yn6tGCukvG/net/batman-adv/network-coding=
=2Ec:163:16: warning: passing argument 4 of =E2=80=98batadv_tvlv_handler_re=
gister=E2=80=99 makes pointer from integer without a cast [-Wint-conversion]
              NULL, BATADV_TVLV_NC, 1,
                    ^~~~~~~~~~~~~~
    In file included from /home/build_test/build_env/tmp.Yn6tGCukvG/net/bat=
man-adv/network-coding.c:45:
    /home/build_test/build_env/tmp.Yn6tGCukvG/net/batman-adv/tvlv.h:37:13: =
note: expected =E2=80=98int (*)(struct batadv_priv *, struct sk_buff *)=E2=
=80=99 but argument is of type =E2=80=98int=E2=80=99
           int (*mptr)(struct batadv_priv *bat_priv,
           ~~~~~~^~~~~~~~~~~~~~~~~~~~~~~~~~~~~~~~~~~
                struct sk_buff *skb),
                ~~~~~~~~~~~~~~~~~~~~
    /home/build_test/build_env/tmp.Yn6tGCukvG/net/batman-adv/network-coding=
=2Ec:162:2: error: too few arguments to function =E2=80=98batadv_tvlv_handl=
er_register=E2=80=99
      batadv_tvlv_handler_register(bat_priv, batadv_nc_tvlv_ogm_handler_v1,
      ^~~~~~~~~~~~~~~~~~~~~~~~~~~~
    In file included from /home/build_test/build_env/tmp.Yn6tGCukvG/net/bat=
man-adv/network-coding.c:45:
    /home/build_test/build_env/tmp.Yn6tGCukvG/net/batman-adv/tvlv.h:27:6: n=
ote: declared here
     void batadv_tvlv_handler_register(struct batadv_priv *bat_priv,
          ^~~~~~~~~~~~~~~~~~~~~~~~~~~~
    make[3]: *** [scripts/Makefile.build:287: /home/build_test/build_env/tm=
p.Yn6tGCukvG/net/batman-adv/network-coding.o] Error 1
    make[2]: *** [scripts/Makefile.build:549: /home/build_test/build_env/tm=
p.Yn6tGCukvG/net/batman-adv] Error 2
    make[1]: *** [Makefile:1846: /home/build_test/build_env/tmp.Yn6tGCukvG]=
 Error 2
    make: *** [Makefile:68: all] Error 2

ecsv/pu: sparse linux-5.16 cfg: BLA=3Dy DAT=3Dy DEBUG=3Dy TRACING=3Dy NC=3D=
n MCAST=3Dy BATMAN_V=3Dy
=2D------------------------------------------------------------------------=
=2D-

    /home/build_test/build_env/tmp.Yn6tGCukvG/net/batman-adv/multicast.c:12=
06:1: warning: symbol 'batadv_mcast_forw_mode_by_count' was not declared. S=
hould it be static?
    /home/build_test/build_env/tmp.Yn6tGCukvG/net/batman-adv/multicast_forw=
=2Ec: In function =E2=80=98batadv_mcast_forw_shrink_pack_dests=E2=80=99:
    /home/build_test/build_env/tmp.Yn6tGCukvG/net/batman-adv/multicast_forw=
=2Ec:613:1: error: label at end of compound statement
     cont_next_slot:
     ^~~~~~~~~~~~~~
    make[3]: *** [scripts/Makefile.build:287: /home/build_test/build_env/tm=
p.Yn6tGCukvG/net/batman-adv/multicast_forw.o] Error 1
    make[2]: *** [scripts/Makefile.build:549: /home/build_test/build_env/tm=
p.Yn6tGCukvG/net/batman-adv] Error 2
    make[1]: *** [Makefile:1846: /home/build_test/build_env/tmp.Yn6tGCukvG]=
 Error 2
    make: *** [Makefile:68: all] Error 2

ecsv/pu: sparse linux-5.17 cfg: BLA=3Dy DAT=3Dy DEBUG=3Dy TRACING=3Dn NC=3D=
y MCAST=3Dn BATMAN_V=3Dy
=2D------------------------------------------------------------------------=
=2D-

    /home/build_test/build_env/tmp.Yn6tGCukvG/net/batman-adv/network-coding=
=2Ec: In function =E2=80=98batadv_nc_mesh_init=E2=80=99:
    /home/build_test/build_env/tmp.Yn6tGCukvG/net/batman-adv/network-coding=
=2Ec:163:16: warning: passing argument 4 of =E2=80=98batadv_tvlv_handler_re=
gister=E2=80=99 makes pointer from integer without a cast [-Wint-conversion]
              NULL, BATADV_TVLV_NC, 1,
                    ^~~~~~~~~~~~~~
    In file included from /home/build_test/build_env/tmp.Yn6tGCukvG/net/bat=
man-adv/network-coding.c:45:
    /home/build_test/build_env/tmp.Yn6tGCukvG/net/batman-adv/tvlv.h:37:13: =
note: expected =E2=80=98int (*)(struct batadv_priv *, struct sk_buff *)=E2=
=80=99 but argument is of type =E2=80=98int=E2=80=99
           int (*mptr)(struct batadv_priv *bat_priv,
           ~~~~~~^~~~~~~~~~~~~~~~~~~~~~~~~~~~~~~~~~~
                struct sk_buff *skb),
                ~~~~~~~~~~~~~~~~~~~~
    /home/build_test/build_env/tmp.Yn6tGCukvG/net/batman-adv/network-coding=
=2Ec:162:2: error: too few arguments to function =E2=80=98batadv_tvlv_handl=
er_register=E2=80=99
      batadv_tvlv_handler_register(bat_priv, batadv_nc_tvlv_ogm_handler_v1,
      ^~~~~~~~~~~~~~~~~~~~~~~~~~~~
    In file included from /home/build_test/build_env/tmp.Yn6tGCukvG/net/bat=
man-adv/network-coding.c:45:
    /home/build_test/build_env/tmp.Yn6tGCukvG/net/batman-adv/tvlv.h:27:6: n=
ote: declared here
     void batadv_tvlv_handler_register(struct batadv_priv *bat_priv,
          ^~~~~~~~~~~~~~~~~~~~~~~~~~~~
    make[3]: *** [scripts/Makefile.build:288: /home/build_test/build_env/tm=
p.Yn6tGCukvG/net/batman-adv/network-coding.o] Error 1
    make[2]: *** [scripts/Makefile.build:550: /home/build_test/build_env/tm=
p.Yn6tGCukvG/net/batman-adv] Error 2
    make[1]: *** [Makefile:1831: /home/build_test/build_env/tmp.Yn6tGCukvG]=
 Error 2
    make: *** [Makefile:68: all] Error 2

ecsv/pu: sparse linux-5.18 cfg: BLA=3Dn DAT=3Dn DEBUG=3Dn TRACING=3Dn NC=3D=
n MCAST=3Dn BATMAN_V=3Dn
=2D------------------------------------------------------------------------=
=2D-

    /home/build_test/build_env/tmp.Yn6tGCukvG/net/batman-adv/tvlv.c: In fun=
ction =E2=80=98batadv_tvlv_call_handler=E2=80=99:
    /home/build_test/build_env/tmp.Yn6tGCukvG/net/batman-adv/tvlv.c:389:3: =
error: a label can only be part of a statement and a declaration is not a s=
tatement
       u8 *src;
       ^~
    /home/build_test/build_env/tmp.Yn6tGCukvG/net/batman-adv/tvlv.c:390:3: =
error: expected expression before =E2=80=98u8=E2=80=99
       u8 *dst;
       ^~
    /home/build_test/build_env/tmp.Yn6tGCukvG/net/batman-adv/tvlv.c:399:3: =
error: =E2=80=98dst=E2=80=99 undeclared (first use in this function)
       dst =3D ((struct batadv_unicast_tvlv_packet *)skb->data)->dst;
       ^~~
    /home/build_test/build_env/tmp.Yn6tGCukvG/net/batman-adv/tvlv.c:399:3: =
note: each undeclared identifier is reported only once for each function it=
 appears in
    /home/build_test/build_env/tmp.Yn6tGCukvG/net/batman-adv/tvlv.c:405:3: =
error: a label can only be part of a statement and a declaration is not a s=
tatement
       unsigned int tvlv_offset;
       ^~~~~~~~
    /home/build_test/build_env/tmp.Yn6tGCukvG/net/batman-adv/tvlv.c:398:7: =
warning: this statement may fall through [-Wimplicit-fallthrough=3D]
       src =3D ((struct batadv_unicast_tvlv_packet *)skb->data)->src;
       ~~~~^~~~~~~~~~~~~~~~~~~~~~~~~~~~~~~~~~~~~~~~~~~~~~~~~~~~~~~
    /home/build_test/build_env/tmp.Yn6tGCukvG/net/batman-adv/tvlv.c:404:2: =
note: here
      case BATADV_MCAST:
      ^~~~
    make[3]: *** [scripts/Makefile.build:288: /home/build_test/build_env/tm=
p.Yn6tGCukvG/net/batman-adv/tvlv.o] Error 1
    make[2]: *** [scripts/Makefile.build:550: /home/build_test/build_env/tm=
p.Yn6tGCukvG/net/batman-adv] Error 2
    make[1]: *** [Makefile:1834: /home/build_test/build_env/tmp.Yn6tGCukvG]=
 Error 2
    make: *** [Makefile:68: all] Error 2

ecsv/pu: sparse linux-5.18 cfg: BLA=3Dn DAT=3Dy DEBUG=3Dy TRACING=3Dy NC=3D=
y MCAST=3Dn BATMAN_V=3Dy
=2D------------------------------------------------------------------------=
=2D-

    /home/build_test/build_env/tmp.Yn6tGCukvG/net/batman-adv/network-coding=
=2Ec: In function =E2=80=98batadv_nc_mesh_init=E2=80=99:
    /home/build_test/build_env/tmp.Yn6tGCukvG/net/batman-adv/network-coding=
=2Ec:163:16: warning: passing argument 4 of =E2=80=98batadv_tvlv_handler_re=
gister=E2=80=99 makes pointer from integer without a cast [-Wint-conversion]
              NULL, BATADV_TVLV_NC, 1,
                    ^~~~~~~~~~~~~~
    In file included from /home/build_test/build_env/tmp.Yn6tGCukvG/net/bat=
man-adv/network-coding.c:45:
    /home/build_test/build_env/tmp.Yn6tGCukvG/net/batman-adv/tvlv.h:37:13: =
note: expected =E2=80=98int (*)(struct batadv_priv *, struct sk_buff *)=E2=
=80=99 but argument is of type =E2=80=98int=E2=80=99
           int (*mptr)(struct batadv_priv *bat_priv,
           ~~~~~~^~~~~~~~~~~~~~~~~~~~~~~~~~~~~~~~~~~
                struct sk_buff *skb),
                ~~~~~~~~~~~~~~~~~~~~
    /home/build_test/build_env/tmp.Yn6tGCukvG/net/batman-adv/network-coding=
=2Ec:162:2: error: too few arguments to function =E2=80=98batadv_tvlv_handl=
er_register=E2=80=99
      batadv_tvlv_handler_register(bat_priv, batadv_nc_tvlv_ogm_handler_v1,
      ^~~~~~~~~~~~~~~~~~~~~~~~~~~~
    In file included from /home/build_test/build_env/tmp.Yn6tGCukvG/net/bat=
man-adv/network-coding.c:45:
    /home/build_test/build_env/tmp.Yn6tGCukvG/net/batman-adv/tvlv.h:27:6: n=
ote: declared here
     void batadv_tvlv_handler_register(struct batadv_priv *bat_priv,
          ^~~~~~~~~~~~~~~~~~~~~~~~~~~~
    make[3]: *** [scripts/Makefile.build:288: /home/build_test/build_env/tm=
p.Yn6tGCukvG/net/batman-adv/network-coding.o] Error 1
    make[2]: *** [scripts/Makefile.build:550: /home/build_test/build_env/tm=
p.Yn6tGCukvG/net/batman-adv] Error 2
    make[1]: *** [Makefile:1834: /home/build_test/build_env/tmp.Yn6tGCukvG]=
 Error 2
    make: *** [Makefile:68: all] Error 2

ecsv/pu: sparse linux-5.2 cfg: BLA=3Dy DAT=3Dn DEBUG=3Dy TRACING=3Dy NC=3Dn=
 MCAST=3Dn BATMAN_V=3Dy
=2D------------------------------------------------------------------------=
=2D-

    /home/build_test/build_env/tmp.Yn6tGCukvG/net/batman-adv/tvlv.c:389:17:=
 error: typename in expression
    /home/build_test/build_env/tmp.Yn6tGCukvG/net/batman-adv/tvlv.c:405:17:=
 error: typename in expression
    /home/build_test/build_env/tmp.Yn6tGCukvG/net/batman-adv/tvlv.c:405:26:=
 error: Expected ; at end of statement
    /home/build_test/build_env/tmp.Yn6tGCukvG/net/batman-adv/tvlv.c:405:26:=
 error: got int
    /home/build_test/build_env/tmp.Yn6tGCukvG/net/batman-adv/tvlv.c:389:17:=
 error: undefined identifier 'u8'
    /home/build_test/build_env/tmp.Yn6tGCukvG/net/batman-adv/tvlv.c:389:21:=
 error: undefined identifier 'src'
    /home/build_test/build_env/tmp.Yn6tGCukvG/net/batman-adv/tvlv.c:398:17:=
 error: undefined identifier 'src'
    /home/build_test/build_env/tmp.Yn6tGCukvG/net/batman-adv/tvlv.c:401:64:=
 error: undefined identifier 'src'
    /home/build_test/build_env/tmp.Yn6tGCukvG/net/batman-adv/tvlv.c:405:17:=
 error: undefined identifier 'unsigned'
    /home/build_test/build_env/tmp.Yn6tGCukvG/net/batman-adv/tvlv.c:413:17:=
 error: undefined identifier 'tvlv_offset'
    /home/build_test/build_env/tmp.Yn6tGCukvG/net/batman-adv/tvlv.c:414:45:=
 error: undefined identifier 'tvlv_offset'
    /home/build_test/build_env/tmp.Yn6tGCukvG/net/batman-adv/tvlv.c:415:47:=
 error: undefined identifier 'tvlv_offset'
    /home/build_test/build_env/tmp.Yn6tGCukvG/net/batman-adv/tvlv.c: In fun=
ction =E2=80=98batadv_tvlv_call_handler=E2=80=99:
    /home/build_test/build_env/tmp.Yn6tGCukvG/net/batman-adv/tvlv.c:389:3: =
error: a label can only be part of a statement and a declaration is not a s=
tatement
       u8 *src;
       ^~
    /home/build_test/build_env/tmp.Yn6tGCukvG/net/batman-adv/tvlv.c:390:3: =
error: expected expression before =E2=80=98u8=E2=80=99
       u8 *dst;
       ^~
    /home/build_test/build_env/tmp.Yn6tGCukvG/net/batman-adv/tvlv.c:399:3: =
error: =E2=80=98dst=E2=80=99 undeclared (first use in this function)
       dst =3D ((struct batadv_unicast_tvlv_packet *)skb->data)->dst;
       ^~~
    /home/build_test/build_env/tmp.Yn6tGCukvG/net/batman-adv/tvlv.c:399:3: =
note: each undeclared identifier is reported only once for each function it=
 appears in
    /home/build_test/build_env/tmp.Yn6tGCukvG/net/batman-adv/tvlv.c:405:3: =
error: a label can only be part of a statement and a declaration is not a s=
tatement
       unsigned int tvlv_offset;
       ^~~~~~~~
    make[3]: *** [scripts/Makefile.build:279: /home/build_test/build_env/tm=
p.Yn6tGCukvG/net/batman-adv/tvlv.o] Error 1
    make[2]: *** [scripts/Makefile.build:489: /home/build_test/build_env/tm=
p.Yn6tGCukvG/net/batman-adv] Error 2
    make[1]: *** [Makefile:1595: _module_/home/build_test/build_env/tmp.Yn6=
tGCukvG] Error 2
    make: *** [Makefile:68: all] Error 2

ecsv/pu: sparse linux-5.2 cfg: BLA=3Dy DAT=3Dy DEBUG=3Dn TRACING=3Dy NC=3Dn=
 MCAST=3Dy BATMAN_V=3Dn
=2D------------------------------------------------------------------------=
=2D-

    /home/build_test/build_env/tmp.Yn6tGCukvG/net/batman-adv/multicast.c:12=
06:1: warning: symbol 'batadv_mcast_forw_mode_by_count' was not declared. S=
hould it be static?
    /home/build_test/build_env/tmp.Yn6tGCukvG/net/batman-adv/multicast_forw=
=2Ec:614:9: warning: statement expected after label
    /home/build_test/build_env/tmp.Yn6tGCukvG/net/batman-adv/multicast_forw=
=2Ec:861:5: warning: symbol 'batadv_mcast_forw_tracker_tvlv_handler' was no=
t declared. Should it be static?
    /home/build_test/build_env/tmp.Yn6tGCukvG/net/batman-adv/multicast_forw=
=2Ec:876:14: warning: symbol 'batadv_mcast_forw_packet_hdrlen' was not decl=
ared. Should it be static?
    /home/build_test/build_env/tmp.Yn6tGCukvG/net/batman-adv/multicast_forw=
=2Ec:933:6: warning: symbol 'batadv_mcast_forw_push' was not declared. Shou=
ld it be static?
    /home/build_test/build_env/tmp.Yn6tGCukvG/net/batman-adv/multicast_forw=
=2Ec:967:5: warning: symbol 'batadv_mcast_forw_mcsend' was not declared. Sh=
ould it be static?
    /home/build_test/build_env/tmp.Yn6tGCukvG/net/batman-adv/multicast_forw=
=2Ec:110:12: warning: context imbalance in 'batadv_mcast_forw_push_dests_li=
st' - wrong count at exit
    /home/build_test/build_env/tmp.Yn6tGCukvG/net/batman-adv/multicast_forw=
=2Ec: In function =E2=80=98batadv_mcast_forw_shrink_pack_dests=E2=80=99:
    /home/build_test/build_env/tmp.Yn6tGCukvG/net/batman-adv/multicast_forw=
=2Ec:613:1: error: label at end of compound statement
     cont_next_slot:
     ^~~~~~~~~~~~~~
    make[3]: *** [scripts/Makefile.build:279: /home/build_test/build_env/tm=
p.Yn6tGCukvG/net/batman-adv/multicast_forw.o] Error 1
    make[2]: *** [scripts/Makefile.build:489: /home/build_test/build_env/tm=
p.Yn6tGCukvG/net/batman-adv] Error 2
    make[1]: *** [Makefile:1595: _module_/home/build_test/build_env/tmp.Yn6=
tGCukvG] Error 2
    make: *** [Makefile:68: all] Error 2

ecsv/pu: sparse linux-5.2 cfg: BLA=3Dy DAT=3Dy DEBUG=3Dn TRACING=3Dy NC=3Dy=
 MCAST=3Dn BATMAN_V=3Dn
=2D------------------------------------------------------------------------=
=2D-

    /home/build_test/build_env/tmp.Yn6tGCukvG/net/batman-adv/network-coding=
=2Ec:163:44: warning: incorrect type in argument 4 (different base types)
    /home/build_test/build_env/tmp.Yn6tGCukvG/net/batman-adv/network-coding=
=2Ec:163:44:    expected int ( *mptr )( ... )
    /home/build_test/build_env/tmp.Yn6tGCukvG/net/batman-adv/network-coding=
=2Ec:163:44:    got int
    /home/build_test/build_env/tmp.Yn6tGCukvG/net/batman-adv/network-coding=
=2Ec:162:37: error: not enough arguments for function batadv_tvlv_handler_r=
egister
    /home/build_test/build_env/tmp.Yn6tGCukvG/net/batman-adv/network-coding=
=2Ec: In function =E2=80=98batadv_nc_mesh_init=E2=80=99:
    /home/build_test/build_env/tmp.Yn6tGCukvG/net/batman-adv/network-coding=
=2Ec:163:16: warning: passing argument 4 of =E2=80=98batadv_tvlv_handler_re=
gister=E2=80=99 makes pointer from integer without a cast [-Wint-conversion]
              NULL, BATADV_TVLV_NC, 1,
                    ^~~~~~~~~~~~~~
    In file included from /home/build_test/build_env/tmp.Yn6tGCukvG/net/bat=
man-adv/network-coding.c:45:
    /home/build_test/build_env/tmp.Yn6tGCukvG/net/batman-adv/tvlv.h:37:13: =
note: expected =E2=80=98int (*)(struct batadv_priv *, struct sk_buff *)=E2=
=80=99 but argument is of type =E2=80=98int=E2=80=99
           int (*mptr)(struct batadv_priv *bat_priv,
           ~~~~~~^~~~~~~~~~~~~~~~~~~~~~~~~~~~~~~~~~~
                struct sk_buff *skb),
                ~~~~~~~~~~~~~~~~~~~~
    /home/build_test/build_env/tmp.Yn6tGCukvG/net/batman-adv/network-coding=
=2Ec:162:2: error: too few arguments to function =E2=80=98batadv_tvlv_handl=
er_register=E2=80=99
      batadv_tvlv_handler_register(bat_priv, batadv_nc_tvlv_ogm_handler_v1,
      ^~~~~~~~~~~~~~~~~~~~~~~~~~~~
    In file included from /home/build_test/build_env/tmp.Yn6tGCukvG/net/bat=
man-adv/network-coding.c:45:
    /home/build_test/build_env/tmp.Yn6tGCukvG/net/batman-adv/tvlv.h:27:6: n=
ote: declared here
     void batadv_tvlv_handler_register(struct batadv_priv *bat_priv,
          ^~~~~~~~~~~~~~~~~~~~~~~~~~~~
    make[3]: *** [scripts/Makefile.build:279: /home/build_test/build_env/tm=
p.Yn6tGCukvG/net/batman-adv/network-coding.o] Error 1
    make[2]: *** [scripts/Makefile.build:489: /home/build_test/build_env/tm=
p.Yn6tGCukvG/net/batman-adv] Error 2
    make[1]: *** [Makefile:1595: _module_/home/build_test/build_env/tmp.Yn6=
tGCukvG] Error 2
    make: *** [Makefile:68: all] Error 2

ecsv/pu: sparse linux-5.3 cfg: BLA=3Dn DAT=3Dn DEBUG=3Dn TRACING=3Dn NC=3Dn=
 MCAST=3Dn BATMAN_V=3Dn
=2D------------------------------------------------------------------------=
=2D-

    /home/build_test/build_env/tmp.Yn6tGCukvG/net/batman-adv/tvlv.c:389:17:=
 error: typename in expression
    /home/build_test/build_env/tmp.Yn6tGCukvG/net/batman-adv/tvlv.c:405:17:=
 error: typename in expression
    /home/build_test/build_env/tmp.Yn6tGCukvG/net/batman-adv/tvlv.c:405:26:=
 error: Expected ; at end of statement
    /home/build_test/build_env/tmp.Yn6tGCukvG/net/batman-adv/tvlv.c:405:26:=
 error: got int
    /home/build_test/build_env/tmp.Yn6tGCukvG/net/batman-adv/tvlv.c:389:17:=
 error: undefined identifier 'u8'
    /home/build_test/build_env/tmp.Yn6tGCukvG/net/batman-adv/tvlv.c:389:21:=
 error: undefined identifier 'src'
    /home/build_test/build_env/tmp.Yn6tGCukvG/net/batman-adv/tvlv.c:398:17:=
 error: undefined identifier 'src'
    /home/build_test/build_env/tmp.Yn6tGCukvG/net/batman-adv/tvlv.c:401:64:=
 error: undefined identifier 'src'
    /home/build_test/build_env/tmp.Yn6tGCukvG/net/batman-adv/tvlv.c:405:17:=
 error: undefined identifier 'unsigned'
    /home/build_test/build_env/tmp.Yn6tGCukvG/net/batman-adv/tvlv.c:413:17:=
 error: undefined identifier 'tvlv_offset'
    /home/build_test/build_env/tmp.Yn6tGCukvG/net/batman-adv/tvlv.c:414:45:=
 error: undefined identifier 'tvlv_offset'
    /home/build_test/build_env/tmp.Yn6tGCukvG/net/batman-adv/tvlv.c:415:47:=
 error: undefined identifier 'tvlv_offset'
    /home/build_test/build_env/tmp.Yn6tGCukvG/net/batman-adv/tvlv.c: In fun=
ction =E2=80=98batadv_tvlv_call_handler=E2=80=99:
    /home/build_test/build_env/tmp.Yn6tGCukvG/net/batman-adv/tvlv.c:389:3: =
error: a label can only be part of a statement and a declaration is not a s=
tatement
       u8 *src;
       ^~
    /home/build_test/build_env/tmp.Yn6tGCukvG/net/batman-adv/tvlv.c:390:3: =
error: expected expression before =E2=80=98u8=E2=80=99
       u8 *dst;
       ^~
    /home/build_test/build_env/tmp.Yn6tGCukvG/net/batman-adv/tvlv.c:399:3: =
error: =E2=80=98dst=E2=80=99 undeclared (first use in this function)
       dst =3D ((struct batadv_unicast_tvlv_packet *)skb->data)->dst;
       ^~~
    /home/build_test/build_env/tmp.Yn6tGCukvG/net/batman-adv/tvlv.c:399:3: =
note: each undeclared identifier is reported only once for each function it=
 appears in
    /home/build_test/build_env/tmp.Yn6tGCukvG/net/batman-adv/tvlv.c:405:3: =
error: a label can only be part of a statement and a declaration is not a s=
tatement
       unsigned int tvlv_offset;
       ^~~~~~~~
    /home/build_test/build_env/tmp.Yn6tGCukvG/net/batman-adv/tvlv.c:398:7: =
warning: this statement may fall through [-Wimplicit-fallthrough=3D]
       src =3D ((struct batadv_unicast_tvlv_packet *)skb->data)->src;
       ~~~~^~~~~~~~~~~~~~~~~~~~~~~~~~~~~~~~~~~~~~~~~~~~~~~~~~~~~~~
    /home/build_test/build_env/tmp.Yn6tGCukvG/net/batman-adv/tvlv.c:404:2: =
note: here
      case BATADV_MCAST:
      ^~~~
    make[3]: *** [scripts/Makefile.build:281: /home/build_test/build_env/tm=
p.Yn6tGCukvG/net/batman-adv/tvlv.o] Error 1
    make[2]: *** [scripts/Makefile.build:497: /home/build_test/build_env/tm=
p.Yn6tGCukvG/net/batman-adv] Error 2
    make[1]: *** [Makefile:1624: _module_/home/build_test/build_env/tmp.Yn6=
tGCukvG] Error 2
    make: *** [Makefile:68: all] Error 2

ecsv/pu: sparse linux-5.4 cfg: BLA=3Dy DAT=3Dn DEBUG=3Dn TRACING=3Dn NC=3Dn=
 MCAST=3Dn BATMAN_V=3Dn
=2D------------------------------------------------------------------------=
=2D-

    /home/build_test/build_env/tmp.Yn6tGCukvG/net/batman-adv/tvlv.c:389:17:=
 error: typename in expression
    /home/build_test/build_env/tmp.Yn6tGCukvG/net/batman-adv/tvlv.c:405:17:=
 error: typename in expression
    /home/build_test/build_env/tmp.Yn6tGCukvG/net/batman-adv/tvlv.c:405:26:=
 error: Expected ; at end of statement
    /home/build_test/build_env/tmp.Yn6tGCukvG/net/batman-adv/tvlv.c:405:26:=
 error: got int
    /home/build_test/build_env/tmp.Yn6tGCukvG/net/batman-adv/tvlv.c:389:17:=
 error: undefined identifier 'u8'
    /home/build_test/build_env/tmp.Yn6tGCukvG/net/batman-adv/tvlv.c:389:21:=
 error: undefined identifier 'src'
    /home/build_test/build_env/tmp.Yn6tGCukvG/net/batman-adv/tvlv.c:398:17:=
 error: undefined identifier 'src'
    /home/build_test/build_env/tmp.Yn6tGCukvG/net/batman-adv/tvlv.c:401:64:=
 error: undefined identifier 'src'
    /home/build_test/build_env/tmp.Yn6tGCukvG/net/batman-adv/tvlv.c:405:17:=
 error: undefined identifier 'unsigned'
    /home/build_test/build_env/tmp.Yn6tGCukvG/net/batman-adv/tvlv.c:413:17:=
 error: undefined identifier 'tvlv_offset'
    /home/build_test/build_env/tmp.Yn6tGCukvG/net/batman-adv/tvlv.c:414:45:=
 error: undefined identifier 'tvlv_offset'
    /home/build_test/build_env/tmp.Yn6tGCukvG/net/batman-adv/tvlv.c:415:47:=
 error: undefined identifier 'tvlv_offset'
    /home/build_test/build_env/tmp.Yn6tGCukvG/net/batman-adv/tvlv.c: In fun=
ction =E2=80=98batadv_tvlv_call_handler=E2=80=99:
    /home/build_test/build_env/tmp.Yn6tGCukvG/net/batman-adv/tvlv.c:389:3: =
error: a label can only be part of a statement and a declaration is not a s=
tatement
       u8 *src;
       ^~
    /home/build_test/build_env/tmp.Yn6tGCukvG/net/batman-adv/tvlv.c:390:3: =
error: expected expression before =E2=80=98u8=E2=80=99
       u8 *dst;
       ^~
    /home/build_test/build_env/tmp.Yn6tGCukvG/net/batman-adv/tvlv.c:399:3: =
error: =E2=80=98dst=E2=80=99 undeclared (first use in this function)
       dst =3D ((struct batadv_unicast_tvlv_packet *)skb->data)->dst;
       ^~~
    /home/build_test/build_env/tmp.Yn6tGCukvG/net/batman-adv/tvlv.c:399:3: =
note: each undeclared identifier is reported only once for each function it=
 appears in
    /home/build_test/build_env/tmp.Yn6tGCukvG/net/batman-adv/tvlv.c:405:3: =
error: a label can only be part of a statement and a declaration is not a s=
tatement
       unsigned int tvlv_offset;
       ^~~~~~~~
    /home/build_test/build_env/tmp.Yn6tGCukvG/net/batman-adv/tvlv.c:398:7: =
warning: this statement may fall through [-Wimplicit-fallthrough=3D]
       src =3D ((struct batadv_unicast_tvlv_packet *)skb->data)->src;
       ~~~~^~~~~~~~~~~~~~~~~~~~~~~~~~~~~~~~~~~~~~~~~~~~~~~~~~~~~~~
    /home/build_test/build_env/tmp.Yn6tGCukvG/net/batman-adv/tvlv.c:404:2: =
note: here
      case BATADV_MCAST:
      ^~~~
    make[3]: *** [scripts/Makefile.build:266: /home/build_test/build_env/tm=
p.Yn6tGCukvG/net/batman-adv/tvlv.o] Error 1
    make[2]: *** [scripts/Makefile.build:509: /home/build_test/build_env/tm=
p.Yn6tGCukvG/net/batman-adv] Error 2
    make[1]: *** [Makefile:1652: /home/build_test/build_env/tmp.Yn6tGCukvG]=
 Error 2
    make: *** [Makefile:68: all] Error 2

ecsv/pu: sparse linux-5.4 cfg: BLA=3Dy DAT=3Dy DEBUG=3Dy TRACING=3Dn NC=3Dn=
 MCAST=3Dy BATMAN_V=3Dy
=2D------------------------------------------------------------------------=
=2D-

    /home/build_test/build_env/tmp.Yn6tGCukvG/net/batman-adv/multicast.c:12=
06:1: warning: symbol 'batadv_mcast_forw_mode_by_count' was not declared. S=
hould it be static?
    /home/build_test/build_env/tmp.Yn6tGCukvG/net/batman-adv/multicast_forw=
=2Ec:614:9: warning: statement expected after label
    /home/build_test/build_env/tmp.Yn6tGCukvG/net/batman-adv/multicast_forw=
=2Ec:861:5: warning: symbol 'batadv_mcast_forw_tracker_tvlv_handler' was no=
t declared. Should it be static?
    /home/build_test/build_env/tmp.Yn6tGCukvG/net/batman-adv/multicast_forw=
=2Ec:876:14: warning: symbol 'batadv_mcast_forw_packet_hdrlen' was not decl=
ared. Should it be static?
    /home/build_test/build_env/tmp.Yn6tGCukvG/net/batman-adv/multicast_forw=
=2Ec:933:6: warning: symbol 'batadv_mcast_forw_push' was not declared. Shou=
ld it be static?
    /home/build_test/build_env/tmp.Yn6tGCukvG/net/batman-adv/multicast_forw=
=2Ec:967:5: warning: symbol 'batadv_mcast_forw_mcsend' was not declared. Sh=
ould it be static?
    /home/build_test/build_env/tmp.Yn6tGCukvG/net/batman-adv/multicast_forw=
=2Ec:110:12: warning: context imbalance in 'batadv_mcast_forw_push_dests_li=
st' - wrong count at exit
    /home/build_test/build_env/tmp.Yn6tGCukvG/net/batman-adv/multicast_forw=
=2Ec: In function =E2=80=98batadv_mcast_forw_shrink_pack_dests=E2=80=99:
    /home/build_test/build_env/tmp.Yn6tGCukvG/net/batman-adv/multicast_forw=
=2Ec:613:1: error: label at end of compound statement
     cont_next_slot:
     ^~~~~~~~~~~~~~
    make[3]: *** [scripts/Makefile.build:266: /home/build_test/build_env/tm=
p.Yn6tGCukvG/net/batman-adv/multicast_forw.o] Error 1
    make[2]: *** [scripts/Makefile.build:509: /home/build_test/build_env/tm=
p.Yn6tGCukvG/net/batman-adv] Error 2
    make[1]: *** [Makefile:1652: /home/build_test/build_env/tmp.Yn6tGCukvG]=
 Error 2
    make: *** [Makefile:68: all] Error 2

ecsv/pu: sparse linux-5.4.227 cfg: BLA=3Dn DAT=3Dn DEBUG=3Dy TRACING=3Dn NC=
=3Dn MCAST=3Dn BATMAN_V=3Dy
=2D------------------------------------------------------------------------=
=2D-

    /home/build_test/build_env/tmp.Yn6tGCukvG/net/batman-adv/tvlv.c: In fun=
ction =E2=80=98batadv_tvlv_call_handler=E2=80=99:
    /home/build_test/build_env/tmp.Yn6tGCukvG/net/batman-adv/tvlv.c:389:3: =
error: a label can only be part of a statement and a declaration is not a s=
tatement
       u8 *src;
       ^~
    /home/build_test/build_env/tmp.Yn6tGCukvG/net/batman-adv/tvlv.c:390:3: =
error: expected expression before =E2=80=98u8=E2=80=99
       u8 *dst;
       ^~
    /home/build_test/build_env/tmp.Yn6tGCukvG/net/batman-adv/tvlv.c:399:3: =
error: =E2=80=98dst=E2=80=99 undeclared (first use in this function)
       dst =3D ((struct batadv_unicast_tvlv_packet *)skb->data)->dst;
       ^~~
    /home/build_test/build_env/tmp.Yn6tGCukvG/net/batman-adv/tvlv.c:399:3: =
note: each undeclared identifier is reported only once for each function it=
 appears in
    /home/build_test/build_env/tmp.Yn6tGCukvG/net/batman-adv/tvlv.c:405:3: =
error: a label can only be part of a statement and a declaration is not a s=
tatement
       unsigned int tvlv_offset;
       ^~~~~~~~
    /home/build_test/build_env/tmp.Yn6tGCukvG/net/batman-adv/tvlv.c:398:7: =
warning: this statement may fall through [-Wimplicit-fallthrough=3D]
       src =3D ((struct batadv_unicast_tvlv_packet *)skb->data)->src;
       ~~~~^~~~~~~~~~~~~~~~~~~~~~~~~~~~~~~~~~~~~~~~~~~~~~~~~~~~~~~
    /home/build_test/build_env/tmp.Yn6tGCukvG/net/batman-adv/tvlv.c:404:2: =
note: here
      case BATADV_MCAST:
      ^~~~
    make[3]: *** [scripts/Makefile.build:262: /home/build_test/build_env/tm=
p.Yn6tGCukvG/net/batman-adv/tvlv.o] Error 1
    make[2]: *** [scripts/Makefile.build:497: /home/build_test/build_env/tm=
p.Yn6tGCukvG/net/batman-adv] Error 2
    make[1]: *** [Makefile:1739: /home/build_test/build_env/tmp.Yn6tGCukvG]=
 Error 2
    make: *** [Makefile:68: all] Error 2

ecsv/pu: sparse linux-5.4.227 cfg: BLA=3Dn DAT=3Dn DEBUG=3Dy TRACING=3Dn NC=
=3Dy MCAST=3Dy BATMAN_V=3Dy
=2D------------------------------------------------------------------------=
=2D-

    /home/build_test/build_env/tmp.Yn6tGCukvG/net/batman-adv/multicast.c:12=
06:1: warning: symbol 'batadv_mcast_forw_mode_by_count' was not declared. S=
hould it be static?
    /home/build_test/build_env/tmp.Yn6tGCukvG/net/batman-adv/multicast_forw=
=2Ec: In function =E2=80=98batadv_mcast_forw_shrink_pack_dests=E2=80=99:
    /home/build_test/build_env/tmp.Yn6tGCukvG/net/batman-adv/multicast_forw=
=2Ec:613:1: error: label at end of compound statement
     cont_next_slot:
     ^~~~~~~~~~~~~~
    make[3]: *** [scripts/Makefile.build:262: /home/build_test/build_env/tm=
p.Yn6tGCukvG/net/batman-adv/multicast_forw.o] Error 1
    make[2]: *** [scripts/Makefile.build:497: /home/build_test/build_env/tm=
p.Yn6tGCukvG/net/batman-adv] Error 2
    make[1]: *** [Makefile:1739: /home/build_test/build_env/tmp.Yn6tGCukvG]=
 Error 2
    make: *** [Makefile:68: all] Error 2

ecsv/pu: sparse linux-5.5 cfg: BLA=3Dn DAT=3Dn DEBUG=3Dn TRACING=3Dy NC=3Dn=
 MCAST=3Dy BATMAN_V=3Dn
=2D------------------------------------------------------------------------=
=2D-

    /home/build_test/build_env/tmp.Yn6tGCukvG/net/batman-adv/multicast.c:12=
06:1: warning: symbol 'batadv_mcast_forw_mode_by_count' was not declared. S=
hould it be static?
    /home/build_test/build_env/tmp.Yn6tGCukvG/net/batman-adv/multicast_forw=
=2Ec:614:9: warning: statement expected after label
    /home/build_test/build_env/tmp.Yn6tGCukvG/net/batman-adv/multicast_forw=
=2Ec:861:5: warning: symbol 'batadv_mcast_forw_tracker_tvlv_handler' was no=
t declared. Should it be static?
    /home/build_test/build_env/tmp.Yn6tGCukvG/net/batman-adv/multicast_forw=
=2Ec:876:14: warning: symbol 'batadv_mcast_forw_packet_hdrlen' was not decl=
ared. Should it be static?
    /home/build_test/build_env/tmp.Yn6tGCukvG/net/batman-adv/multicast_forw=
=2Ec:933:6: warning: symbol 'batadv_mcast_forw_push' was not declared. Shou=
ld it be static?
    /home/build_test/build_env/tmp.Yn6tGCukvG/net/batman-adv/multicast_forw=
=2Ec:967:5: warning: symbol 'batadv_mcast_forw_mcsend' was not declared. Sh=
ould it be static?
    /home/build_test/build_env/tmp.Yn6tGCukvG/net/batman-adv/multicast_forw=
=2Ec:110:12: warning: context imbalance in 'batadv_mcast_forw_push_dests_li=
st' - wrong count at exit
    /home/build_test/build_env/tmp.Yn6tGCukvG/net/batman-adv/multicast_forw=
=2Ec: In function =E2=80=98batadv_mcast_forw_shrink_pack_dests=E2=80=99:
    /home/build_test/build_env/tmp.Yn6tGCukvG/net/batman-adv/multicast_forw=
=2Ec:613:1: error: label at end of compound statement
     cont_next_slot:
     ^~~~~~~~~~~~~~
    make[3]: *** [scripts/Makefile.build:266: /home/build_test/build_env/tm=
p.Yn6tGCukvG/net/batman-adv/multicast_forw.o] Error 1
    make[2]: *** [scripts/Makefile.build:503: /home/build_test/build_env/tm=
p.Yn6tGCukvG/net/batman-adv] Error 2
    make[1]: *** [Makefile:1693: /home/build_test/build_env/tmp.Yn6tGCukvG]=
 Error 2
    make: *** [Makefile:68: all] Error 2

ecsv/pu: sparse linux-5.6 cfg: BLA=3Dy DAT=3Dy DEBUG=3Dn TRACING=3Dy NC=3Dn=
 MCAST=3Dy BATMAN_V=3Dn
=2D------------------------------------------------------------------------=
=2D-

    /home/build_test/build_env/tmp.Yn6tGCukvG/net/batman-adv/multicast.c:12=
06:1: warning: symbol 'batadv_mcast_forw_mode_by_count' was not declared. S=
hould it be static?
    /home/build_test/build_env/tmp.Yn6tGCukvG/net/batman-adv/multicast_forw=
=2Ec:614:9: warning: statement expected after label
    /home/build_test/build_env/tmp.Yn6tGCukvG/net/batman-adv/multicast_forw=
=2Ec:861:5: warning: symbol 'batadv_mcast_forw_tracker_tvlv_handler' was no=
t declared. Should it be static?
    /home/build_test/build_env/tmp.Yn6tGCukvG/net/batman-adv/multicast_forw=
=2Ec:876:14: warning: symbol 'batadv_mcast_forw_packet_hdrlen' was not decl=
ared. Should it be static?
    /home/build_test/build_env/tmp.Yn6tGCukvG/net/batman-adv/multicast_forw=
=2Ec:933:6: warning: symbol 'batadv_mcast_forw_push' was not declared. Shou=
ld it be static?
    /home/build_test/build_env/tmp.Yn6tGCukvG/net/batman-adv/multicast_forw=
=2Ec:967:5: warning: symbol 'batadv_mcast_forw_mcsend' was not declared. Sh=
ould it be static?
    /home/build_test/build_env/tmp.Yn6tGCukvG/net/batman-adv/multicast_forw=
=2Ec:110:12: warning: context imbalance in 'batadv_mcast_forw_push_dests_li=
st' - wrong count at exit
    /home/build_test/build_env/tmp.Yn6tGCukvG/net/batman-adv/multicast_forw=
=2Ec: In function =E2=80=98batadv_mcast_forw_shrink_pack_dests=E2=80=99:
    /home/build_test/build_env/tmp.Yn6tGCukvG/net/batman-adv/multicast_forw=
=2Ec:613:1: error: label at end of compound statement
     cont_next_slot:
     ^~~~~~~~~~~~~~
    make[3]: *** [scripts/Makefile.build:268: /home/build_test/build_env/tm=
p.Yn6tGCukvG/net/batman-adv/multicast_forw.o] Error 1
    make[2]: *** [scripts/Makefile.build:505: /home/build_test/build_env/tm=
p.Yn6tGCukvG/net/batman-adv] Error 2
    make[1]: *** [Makefile:1683: /home/build_test/build_env/tmp.Yn6tGCukvG]=
 Error 2
    make: *** [Makefile:68: all] Error 2

ecsv/pu: sparse linux-5.7 cfg: BLA=3Dn DAT=3Dn DEBUG=3Dy TRACING=3Dy NC=3Dy=
 MCAST=3Dy BATMAN_V=3Dy
=2D------------------------------------------------------------------------=
=2D-

    /home/build_test/build_env/tmp.Yn6tGCukvG/net/batman-adv/multicast.c:12=
06:1: warning: symbol 'batadv_mcast_forw_mode_by_count' was not declared. S=
hould it be static?
    /home/build_test/build_env/tmp.Yn6tGCukvG/net/batman-adv/multicast_forw=
=2Ec:614:9: warning: statement expected after label
    /home/build_test/build_env/tmp.Yn6tGCukvG/net/batman-adv/multicast_forw=
=2Ec:861:5: warning: symbol 'batadv_mcast_forw_tracker_tvlv_handler' was no=
t declared. Should it be static?
    /home/build_test/build_env/tmp.Yn6tGCukvG/net/batman-adv/multicast_forw=
=2Ec:876:14: warning: symbol 'batadv_mcast_forw_packet_hdrlen' was not decl=
ared. Should it be static?
    /home/build_test/build_env/tmp.Yn6tGCukvG/net/batman-adv/multicast_forw=
=2Ec:933:6: warning: symbol 'batadv_mcast_forw_push' was not declared. Shou=
ld it be static?
    /home/build_test/build_env/tmp.Yn6tGCukvG/net/batman-adv/multicast_forw=
=2Ec:967:5: warning: symbol 'batadv_mcast_forw_mcsend' was not declared. Sh=
ould it be static?
    /home/build_test/build_env/tmp.Yn6tGCukvG/net/batman-adv/multicast_forw=
=2Ec:110:12: warning: context imbalance in 'batadv_mcast_forw_push_dests_li=
st' - wrong count at exit
    /home/build_test/build_env/tmp.Yn6tGCukvG/net/batman-adv/multicast_forw=
=2Ec: In function =E2=80=98batadv_mcast_forw_shrink_pack_dests=E2=80=99:
    /home/build_test/build_env/tmp.Yn6tGCukvG/net/batman-adv/multicast_forw=
=2Ec:613:1: error: label at end of compound statement
     cont_next_slot:
     ^~~~~~~~~~~~~~
    make[3]: *** [scripts/Makefile.build:267: /home/build_test/build_env/tm=
p.Yn6tGCukvG/net/batman-adv/multicast_forw.o] Error 1
    make[2]: *** [scripts/Makefile.build:488: /home/build_test/build_env/tm=
p.Yn6tGCukvG/net/batman-adv] Error 2
    make[1]: *** [Makefile:1729: /home/build_test/build_env/tmp.Yn6tGCukvG]=
 Error 2
    make: *** [Makefile:68: all] Error 2

ecsv/pu: sparse linux-5.7 cfg: BLA=3Dy DAT=3Dn DEBUG=3Dn TRACING=3Dy NC=3Dy=
 MCAST=3Dn BATMAN_V=3Dy
=2D------------------------------------------------------------------------=
=2D-

    /home/build_test/build_env/tmp.Yn6tGCukvG/net/batman-adv/network-coding=
=2Ec:163:44: warning: incorrect type in argument 4 (different base types)
    /home/build_test/build_env/tmp.Yn6tGCukvG/net/batman-adv/network-coding=
=2Ec:163:44:    expected int ( *mptr )( ... )
    /home/build_test/build_env/tmp.Yn6tGCukvG/net/batman-adv/network-coding=
=2Ec:163:44:    got int
    /home/build_test/build_env/tmp.Yn6tGCukvG/net/batman-adv/network-coding=
=2Ec:162:37: error: not enough arguments for function batadv_tvlv_handler_r=
egister
    /home/build_test/build_env/tmp.Yn6tGCukvG/net/batman-adv/network-coding=
=2Ec: In function =E2=80=98batadv_nc_mesh_init=E2=80=99:
    /home/build_test/build_env/tmp.Yn6tGCukvG/net/batman-adv/network-coding=
=2Ec:163:16: warning: passing argument 4 of =E2=80=98batadv_tvlv_handler_re=
gister=E2=80=99 makes pointer from integer without a cast [-Wint-conversion]
              NULL, BATADV_TVLV_NC, 1,
                    ^~~~~~~~~~~~~~
    In file included from /home/build_test/build_env/tmp.Yn6tGCukvG/net/bat=
man-adv/network-coding.c:45:
    /home/build_test/build_env/tmp.Yn6tGCukvG/net/batman-adv/tvlv.h:37:13: =
note: expected =E2=80=98int (*)(struct batadv_priv *, struct sk_buff *)=E2=
=80=99 but argument is of type =E2=80=98int=E2=80=99
           int (*mptr)(struct batadv_priv *bat_priv,
           ~~~~~~^~~~~~~~~~~~~~~~~~~~~~~~~~~~~~~~~~~
                struct sk_buff *skb),
                ~~~~~~~~~~~~~~~~~~~~
    /home/build_test/build_env/tmp.Yn6tGCukvG/net/batman-adv/network-coding=
=2Ec:162:2: error: too few arguments to function =E2=80=98batadv_tvlv_handl=
er_register=E2=80=99
      batadv_tvlv_handler_register(bat_priv, batadv_nc_tvlv_ogm_handler_v1,
      ^~~~~~~~~~~~~~~~~~~~~~~~~~~~
    In file included from /home/build_test/build_env/tmp.Yn6tGCukvG/net/bat=
man-adv/network-coding.c:45:
    /home/build_test/build_env/tmp.Yn6tGCukvG/net/batman-adv/tvlv.h:27:6: n=
ote: declared here
     void batadv_tvlv_handler_register(struct batadv_priv *bat_priv,
          ^~~~~~~~~~~~~~~~~~~~~~~~~~~~
    make[3]: *** [scripts/Makefile.build:267: /home/build_test/build_env/tm=
p.Yn6tGCukvG/net/batman-adv/network-coding.o] Error 1
    make[2]: *** [scripts/Makefile.build:488: /home/build_test/build_env/tm=
p.Yn6tGCukvG/net/batman-adv] Error 2
    make[1]: *** [Makefile:1729: /home/build_test/build_env/tmp.Yn6tGCukvG]=
 Error 2
    make: *** [Makefile:68: all] Error 2

ecsv/pu: sparse linux-5.8 cfg: BLA=3Dn DAT=3Dn DEBUG=3Dn TRACING=3Dn NC=3Dn=
 MCAST=3Dy BATMAN_V=3Dn
=2D------------------------------------------------------------------------=
=2D-

    /home/build_test/build_env/tmp.Yn6tGCukvG/net/batman-adv/multicast.c:12=
06:1: warning: symbol 'batadv_mcast_forw_mode_by_count' was not declared. S=
hould it be static?
    /home/build_test/build_env/tmp.Yn6tGCukvG/net/batman-adv/multicast_forw=
=2Ec:614:9: warning: statement expected after label
    /home/build_test/build_env/tmp.Yn6tGCukvG/net/batman-adv/multicast_forw=
=2Ec:861:5: warning: symbol 'batadv_mcast_forw_tracker_tvlv_handler' was no=
t declared. Should it be static?
    /home/build_test/build_env/tmp.Yn6tGCukvG/net/batman-adv/multicast_forw=
=2Ec:876:14: warning: symbol 'batadv_mcast_forw_packet_hdrlen' was not decl=
ared. Should it be static?
    /home/build_test/build_env/tmp.Yn6tGCukvG/net/batman-adv/multicast_forw=
=2Ec:933:6: warning: symbol 'batadv_mcast_forw_push' was not declared. Shou=
ld it be static?
    /home/build_test/build_env/tmp.Yn6tGCukvG/net/batman-adv/multicast_forw=
=2Ec:967:5: warning: symbol 'batadv_mcast_forw_mcsend' was not declared. Sh=
ould it be static?
    /home/build_test/build_env/tmp.Yn6tGCukvG/net/batman-adv/multicast_forw=
=2Ec:110:12: warning: context imbalance in 'batadv_mcast_forw_push_dests_li=
st' - wrong count at exit
    /home/build_test/build_env/tmp.Yn6tGCukvG/net/batman-adv/multicast_forw=
=2Ec: In function =E2=80=98batadv_mcast_forw_shrink_pack_dests=E2=80=99:
    /home/build_test/build_env/tmp.Yn6tGCukvG/net/batman-adv/multicast_forw=
=2Ec:613:1: error: label at end of compound statement
     cont_next_slot:
     ^~~~~~~~~~~~~~
    make[3]: *** [scripts/Makefile.build:281: /home/build_test/build_env/tm=
p.Yn6tGCukvG/net/batman-adv/multicast_forw.o] Error 1
    make[2]: *** [scripts/Makefile.build:497: /home/build_test/build_env/tm=
p.Yn6tGCukvG/net/batman-adv] Error 2
    make[1]: *** [Makefile:1756: /home/build_test/build_env/tmp.Yn6tGCukvG]=
 Error 2
    make: *** [Makefile:68: all] Error 2

ecsv/pu: sparse linux-5.8 cfg: BLA=3Dn DAT=3Dy DEBUG=3Dy TRACING=3Dn NC=3Dy=
 MCAST=3Dn BATMAN_V=3Dn
=2D------------------------------------------------------------------------=
=2D-

    /home/build_test/build_env/tmp.Yn6tGCukvG/net/batman-adv/network-coding=
=2Ec:163:44: warning: incorrect type in argument 4 (different base types)
    /home/build_test/build_env/tmp.Yn6tGCukvG/net/batman-adv/network-coding=
=2Ec:163:44:    expected int ( *mptr )( ... )
    /home/build_test/build_env/tmp.Yn6tGCukvG/net/batman-adv/network-coding=
=2Ec:163:44:    got int
    /home/build_test/build_env/tmp.Yn6tGCukvG/net/batman-adv/network-coding=
=2Ec:162:37: error: not enough arguments for function batadv_tvlv_handler_r=
egister
    /home/build_test/build_env/tmp.Yn6tGCukvG/net/batman-adv/network-coding=
=2Ec: In function =E2=80=98batadv_nc_mesh_init=E2=80=99:
    /home/build_test/build_env/tmp.Yn6tGCukvG/net/batman-adv/network-coding=
=2Ec:163:16: warning: passing argument 4 of =E2=80=98batadv_tvlv_handler_re=
gister=E2=80=99 makes pointer from integer without a cast [-Wint-conversion]
              NULL, BATADV_TVLV_NC, 1,
                    ^~~~~~~~~~~~~~
    In file included from /home/build_test/build_env/tmp.Yn6tGCukvG/net/bat=
man-adv/network-coding.c:45:
    /home/build_test/build_env/tmp.Yn6tGCukvG/net/batman-adv/tvlv.h:37:13: =
note: expected =E2=80=98int (*)(struct batadv_priv *, struct sk_buff *)=E2=
=80=99 but argument is of type =E2=80=98int=E2=80=99
           int (*mptr)(struct batadv_priv *bat_priv,
           ~~~~~~^~~~~~~~~~~~~~~~~~~~~~~~~~~~~~~~~~~
                struct sk_buff *skb),
                ~~~~~~~~~~~~~~~~~~~~
    /home/build_test/build_env/tmp.Yn6tGCukvG/net/batman-adv/network-coding=
=2Ec:162:2: error: too few arguments to function =E2=80=98batadv_tvlv_handl=
er_register=E2=80=99
      batadv_tvlv_handler_register(bat_priv, batadv_nc_tvlv_ogm_handler_v1,
      ^~~~~~~~~~~~~~~~~~~~~~~~~~~~
    In file included from /home/build_test/build_env/tmp.Yn6tGCukvG/net/bat=
man-adv/network-coding.c:45:
    /home/build_test/build_env/tmp.Yn6tGCukvG/net/batman-adv/tvlv.h:27:6: n=
ote: declared here
     void batadv_tvlv_handler_register(struct batadv_priv *bat_priv,
          ^~~~~~~~~~~~~~~~~~~~~~~~~~~~
    make[3]: *** [scripts/Makefile.build:281: /home/build_test/build_env/tm=
p.Yn6tGCukvG/net/batman-adv/network-coding.o] Error 1
    make[2]: *** [scripts/Makefile.build:497: /home/build_test/build_env/tm=
p.Yn6tGCukvG/net/batman-adv] Error 2
    make[1]: *** [Makefile:1756: /home/build_test/build_env/tmp.Yn6tGCukvG]=
 Error 2
    make: *** [Makefile:68: all] Error 2

ecsv/pu: sparse linux-5.8 cfg: BLA=3Dy DAT=3Dn DEBUG=3Dn TRACING=3Dn NC=3Dn=
 MCAST=3Dn BATMAN_V=3Dn
=2D------------------------------------------------------------------------=
=2D-

    /home/build_test/build_env/tmp.Yn6tGCukvG/net/batman-adv/tvlv.c:389:17:=
 error: typename in expression
    /home/build_test/build_env/tmp.Yn6tGCukvG/net/batman-adv/tvlv.c:405:17:=
 error: typename in expression
    /home/build_test/build_env/tmp.Yn6tGCukvG/net/batman-adv/tvlv.c:405:26:=
 error: Expected ; at end of statement
    /home/build_test/build_env/tmp.Yn6tGCukvG/net/batman-adv/tvlv.c:405:26:=
 error: got int
    /home/build_test/build_env/tmp.Yn6tGCukvG/net/batman-adv/tvlv.c:389:17:=
 error: undefined identifier 'u8'
    /home/build_test/build_env/tmp.Yn6tGCukvG/net/batman-adv/tvlv.c:389:21:=
 error: undefined identifier 'src'
    /home/build_test/build_env/tmp.Yn6tGCukvG/net/batman-adv/tvlv.c:398:17:=
 error: undefined identifier 'src'
    /home/build_test/build_env/tmp.Yn6tGCukvG/net/batman-adv/tvlv.c:401:64:=
 error: undefined identifier 'src'
    /home/build_test/build_env/tmp.Yn6tGCukvG/net/batman-adv/tvlv.c:405:17:=
 error: undefined identifier 'unsigned'
    /home/build_test/build_env/tmp.Yn6tGCukvG/net/batman-adv/tvlv.c:413:17:=
 error: undefined identifier 'tvlv_offset'
    /home/build_test/build_env/tmp.Yn6tGCukvG/net/batman-adv/tvlv.c:414:45:=
 error: undefined identifier 'tvlv_offset'
    /home/build_test/build_env/tmp.Yn6tGCukvG/net/batman-adv/tvlv.c:415:47:=
 error: undefined identifier 'tvlv_offset'
    /home/build_test/build_env/tmp.Yn6tGCukvG/net/batman-adv/tvlv.c: In fun=
ction =E2=80=98batadv_tvlv_call_handler=E2=80=99:
    /home/build_test/build_env/tmp.Yn6tGCukvG/net/batman-adv/tvlv.c:389:3: =
error: a label can only be part of a statement and a declaration is not a s=
tatement
       u8 *src;
       ^~
    /home/build_test/build_env/tmp.Yn6tGCukvG/net/batman-adv/tvlv.c:390:3: =
error: expected expression before =E2=80=98u8=E2=80=99
       u8 *dst;
       ^~
    /home/build_test/build_env/tmp.Yn6tGCukvG/net/batman-adv/tvlv.c:399:3: =
error: =E2=80=98dst=E2=80=99 undeclared (first use in this function)
       dst =3D ((struct batadv_unicast_tvlv_packet *)skb->data)->dst;
       ^~~
    /home/build_test/build_env/tmp.Yn6tGCukvG/net/batman-adv/tvlv.c:399:3: =
note: each undeclared identifier is reported only once for each function it=
 appears in
    /home/build_test/build_env/tmp.Yn6tGCukvG/net/batman-adv/tvlv.c:405:3: =
error: a label can only be part of a statement and a declaration is not a s=
tatement
       unsigned int tvlv_offset;
       ^~~~~~~~
    /home/build_test/build_env/tmp.Yn6tGCukvG/net/batman-adv/tvlv.c:398:7: =
warning: this statement may fall through [-Wimplicit-fallthrough=3D]
       src =3D ((struct batadv_unicast_tvlv_packet *)skb->data)->src;
       ~~~~^~~~~~~~~~~~~~~~~~~~~~~~~~~~~~~~~~~~~~~~~~~~~~~~~~~~~~~
    /home/build_test/build_env/tmp.Yn6tGCukvG/net/batman-adv/tvlv.c:404:2: =
note: here
      case BATADV_MCAST:
      ^~~~
    make[3]: *** [scripts/Makefile.build:281: /home/build_test/build_env/tm=
p.Yn6tGCukvG/net/batman-adv/tvlv.o] Error 1
    make[2]: *** [scripts/Makefile.build:497: /home/build_test/build_env/tm=
p.Yn6tGCukvG/net/batman-adv] Error 2
    make[1]: *** [Makefile:1756: /home/build_test/build_env/tmp.Yn6tGCukvG]=
 Error 2
    make: *** [Makefile:68: all] Error 2

ecsv/pu: sparse linux-5.9 cfg: BLA=3Dy DAT=3Dn DEBUG=3Dn TRACING=3Dn NC=3Dn=
 MCAST=3Dy BATMAN_V=3Dy
=2D------------------------------------------------------------------------=
=2D-

    /home/build_test/build_env/tmp.Yn6tGCukvG/net/batman-adv/multicast.c:12=
06:1: warning: symbol 'batadv_mcast_forw_mode_by_count' was not declared. S=
hould it be static?
    /home/build_test/build_env/tmp.Yn6tGCukvG/net/batman-adv/multicast_forw=
=2Ec: In function =E2=80=98batadv_mcast_forw_shrink_pack_dests=E2=80=99:
    /home/build_test/build_env/tmp.Yn6tGCukvG/net/batman-adv/multicast_forw=
=2Ec:613:1: error: label at end of compound statement
     cont_next_slot:
     ^~~~~~~~~~~~~~
    make[3]: *** [scripts/Makefile.build:283: /home/build_test/build_env/tm=
p.Yn6tGCukvG/net/batman-adv/multicast_forw.o] Error 1
    make[2]: *** [scripts/Makefile.build:500: /home/build_test/build_env/tm=
p.Yn6tGCukvG/net/batman-adv] Error 2
    make[1]: *** [Makefile:1784: /home/build_test/build_env/tmp.Yn6tGCukvG]=
 Error 2
    make: *** [Makefile:68: all] Error 2

ecsv/pu: sparse linux-5.9 cfg: BLA=3Dy DAT=3Dy DEBUG=3Dy TRACING=3Dn NC=3Dn=
 MCAST=3Dn BATMAN_V=3Dy
=2D------------------------------------------------------------------------=
=2D-

    /home/build_test/build_env/tmp.Yn6tGCukvG/net/batman-adv/tvlv.c: In fun=
ction =E2=80=98batadv_tvlv_call_handler=E2=80=99:
    /home/build_test/build_env/tmp.Yn6tGCukvG/net/batman-adv/tvlv.c:389:3: =
error: a label can only be part of a statement and a declaration is not a s=
tatement
       u8 *src;
       ^~
    /home/build_test/build_env/tmp.Yn6tGCukvG/net/batman-adv/tvlv.c:390:3: =
error: expected expression before =E2=80=98u8=E2=80=99
       u8 *dst;
       ^~
    /home/build_test/build_env/tmp.Yn6tGCukvG/net/batman-adv/tvlv.c:399:3: =
error: =E2=80=98dst=E2=80=99 undeclared (first use in this function)
       dst =3D ((struct batadv_unicast_tvlv_packet *)skb->data)->dst;
       ^~~
    /home/build_test/build_env/tmp.Yn6tGCukvG/net/batman-adv/tvlv.c:399:3: =
note: each undeclared identifier is reported only once for each function it=
 appears in
    /home/build_test/build_env/tmp.Yn6tGCukvG/net/batman-adv/tvlv.c:405:3: =
error: a label can only be part of a statement and a declaration is not a s=
tatement
       unsigned int tvlv_offset;
       ^~~~~~~~
    /home/build_test/build_env/tmp.Yn6tGCukvG/net/batman-adv/tvlv.c:398:7: =
warning: this statement may fall through [-Wimplicit-fallthrough=3D]
       src =3D ((struct batadv_unicast_tvlv_packet *)skb->data)->src;
       ~~~~^~~~~~~~~~~~~~~~~~~~~~~~~~~~~~~~~~~~~~~~~~~~~~~~~~~~~~~
    /home/build_test/build_env/tmp.Yn6tGCukvG/net/batman-adv/tvlv.c:404:2: =
note: here
      case BATADV_MCAST:
      ^~~~
    make[3]: *** [scripts/Makefile.build:283: /home/build_test/build_env/tm=
p.Yn6tGCukvG/net/batman-adv/tvlv.o] Error 1
    make[2]: *** [scripts/Makefile.build:500: /home/build_test/build_env/tm=
p.Yn6tGCukvG/net/batman-adv] Error 2
    make[1]: *** [Makefile:1784: /home/build_test/build_env/tmp.Yn6tGCukvG]=
 Error 2
    make: *** [Makefile:68: all] Error 2

ecsv/pu: sparse linux-6.0 cfg: BLA=3Dn DAT=3Dn DEBUG=3Dn TRACING=3Dn NC=3Dy=
 MCAST=3Dn BATMAN_V=3Dn
=2D------------------------------------------------------------------------=
=2D-

    /home/build_test/build_env/tmp.Yn6tGCukvG/net/batman-adv/network-coding=
=2Ec: In function =E2=80=98batadv_nc_mesh_init=E2=80=99:
    /home/build_test/build_env/tmp.Yn6tGCukvG/net/batman-adv/network-coding=
=2Ec:163:16: warning: passing argument 4 of =E2=80=98batadv_tvlv_handler_re=
gister=E2=80=99 makes pointer from integer without a cast [-Wint-conversion]
              NULL, BATADV_TVLV_NC, 1,
                    ^~~~~~~~~~~~~~
    In file included from /home/build_test/build_env/tmp.Yn6tGCukvG/net/bat=
man-adv/network-coding.c:45:
    /home/build_test/build_env/tmp.Yn6tGCukvG/net/batman-adv/tvlv.h:37:13: =
note: expected =E2=80=98int (*)(struct batadv_priv *, struct sk_buff *)=E2=
=80=99 but argument is of type =E2=80=98int=E2=80=99
           int (*mptr)(struct batadv_priv *bat_priv,
           ~~~~~~^~~~~~~~~~~~~~~~~~~~~~~~~~~~~~~~~~~
                struct sk_buff *skb),
                ~~~~~~~~~~~~~~~~~~~~
    /home/build_test/build_env/tmp.Yn6tGCukvG/net/batman-adv/network-coding=
=2Ec:162:2: error: too few arguments to function =E2=80=98batadv_tvlv_handl=
er_register=E2=80=99
      batadv_tvlv_handler_register(bat_priv, batadv_nc_tvlv_ogm_handler_v1,
      ^~~~~~~~~~~~~~~~~~~~~~~~~~~~
    In file included from /home/build_test/build_env/tmp.Yn6tGCukvG/net/bat=
man-adv/network-coding.c:45:
    /home/build_test/build_env/tmp.Yn6tGCukvG/net/batman-adv/tvlv.h:27:6: n=
ote: declared here
     void batadv_tvlv_handler_register(struct batadv_priv *bat_priv,
          ^~~~~~~~~~~~~~~~~~~~~~~~~~~~
    make[3]: *** [scripts/Makefile.build:249: /home/build_test/build_env/tm=
p.Yn6tGCukvG/net/batman-adv/network-coding.o] Error 1
    make[2]: *** [scripts/Makefile.build:465: /home/build_test/build_env/tm=
p.Yn6tGCukvG/net/batman-adv] Error 2
    make[1]: *** [Makefile:1852: /home/build_test/build_env/tmp.Yn6tGCukvG]=
 Error 2
    make: *** [Makefile:68: all] Error 2

ecsv/pu: sparse linux-6.0.13 cfg: BLA=3Dn DAT=3Dn DEBUG=3Dy TRACING=3Dy NC=
=3Dn MCAST=3Dn BATMAN_V=3Dn
=2D------------------------------------------------------------------------=
=2D-

    /home/build_test/build_env/tmp.Yn6tGCukvG/net/batman-adv/tvlv.c: In fun=
ction =E2=80=98batadv_tvlv_call_handler=E2=80=99:
    /home/build_test/build_env/tmp.Yn6tGCukvG/net/batman-adv/tvlv.c:389:3: =
error: a label can only be part of a statement and a declaration is not a s=
tatement
       u8 *src;
       ^~
    /home/build_test/build_env/tmp.Yn6tGCukvG/net/batman-adv/tvlv.c:390:3: =
error: expected expression before =E2=80=98u8=E2=80=99
       u8 *dst;
       ^~
    /home/build_test/build_env/tmp.Yn6tGCukvG/net/batman-adv/tvlv.c:399:3: =
error: =E2=80=98dst=E2=80=99 undeclared (first use in this function)
       dst =3D ((struct batadv_unicast_tvlv_packet *)skb->data)->dst;
       ^~~
    /home/build_test/build_env/tmp.Yn6tGCukvG/net/batman-adv/tvlv.c:399:3: =
note: each undeclared identifier is reported only once for each function it=
 appears in
    /home/build_test/build_env/tmp.Yn6tGCukvG/net/batman-adv/tvlv.c:405:3: =
error: a label can only be part of a statement and a declaration is not a s=
tatement
       unsigned int tvlv_offset;
       ^~~~~~~~
    /home/build_test/build_env/tmp.Yn6tGCukvG/net/batman-adv/tvlv.c:398:7: =
warning: this statement may fall through [-Wimplicit-fallthrough=3D]
       src =3D ((struct batadv_unicast_tvlv_packet *)skb->data)->src;
       ~~~~^~~~~~~~~~~~~~~~~~~~~~~~~~~~~~~~~~~~~~~~~~~~~~~~~~~~~~~
    /home/build_test/build_env/tmp.Yn6tGCukvG/net/batman-adv/tvlv.c:404:2: =
note: here
      case BATADV_MCAST:
      ^~~~
    make[3]: *** [scripts/Makefile.build:249: /home/build_test/build_env/tm=
p.Yn6tGCukvG/net/batman-adv/tvlv.o] Error 1
    make[2]: *** [scripts/Makefile.build:465: /home/build_test/build_env/tm=
p.Yn6tGCukvG/net/batman-adv] Error 2
    make[1]: *** [Makefile:1852: /home/build_test/build_env/tmp.Yn6tGCukvG]=
 Error 2
    make: *** [Makefile:68: all] Error 2

ecsv/pu: sparse linux-6.1 cfg: BLA=3Dy DAT=3Dn DEBUG=3Dy TRACING=3Dn NC=3Dy=
 MCAST=3Dy BATMAN_V=3Dy
=2D------------------------------------------------------------------------=
=2D-

    /home/build_test/build_env/tmp.Yn6tGCukvG/net/batman-adv/multicast.c:12=
06:1: warning: symbol 'batadv_mcast_forw_mode_by_count' was not declared. S=
hould it be static?
    /home/build_test/build_env/tmp.Yn6tGCukvG/net/batman-adv/multicast_forw=
=2Ec: In function =E2=80=98batadv_mcast_forw_shrink_pack_dests=E2=80=99:
    /home/build_test/build_env/tmp.Yn6tGCukvG/net/batman-adv/multicast_forw=
=2Ec:613:1: error: label at end of compound statement
     cont_next_slot:
     ^~~~~~~~~~~~~~
    make[3]: *** [scripts/Makefile.build:250: /home/build_test/build_env/tm=
p.Yn6tGCukvG/net/batman-adv/multicast_forw.o] Error 1
    make[2]: *** [scripts/Makefile.build:500: /home/build_test/build_env/tm=
p.Yn6tGCukvG/net/batman-adv] Error 2
    make[1]: *** [Makefile:1992: /home/build_test/build_env/tmp.Yn6tGCukvG]=
 Error 2
    make: *** [Makefile:68: all] Error 2

ecsv/pu: sparse linux-6.1 cfg: BLA=3Dy DAT=3Dn DEBUG=3Dy TRACING=3Dy NC=3Dn=
 MCAST=3Dn BATMAN_V=3Dn
=2D------------------------------------------------------------------------=
=2D-

    /home/build_test/build_env/tmp.Yn6tGCukvG/net/batman-adv/tvlv.c: In fun=
ction =E2=80=98batadv_tvlv_call_handler=E2=80=99:
    /home/build_test/build_env/tmp.Yn6tGCukvG/net/batman-adv/tvlv.c:389:3: =
error: a label can only be part of a statement and a declaration is not a s=
tatement
       u8 *src;
       ^~
    /home/build_test/build_env/tmp.Yn6tGCukvG/net/batman-adv/tvlv.c:390:3: =
error: expected expression before =E2=80=98u8=E2=80=99
       u8 *dst;
       ^~
    /home/build_test/build_env/tmp.Yn6tGCukvG/net/batman-adv/tvlv.c:399:3: =
error: =E2=80=98dst=E2=80=99 undeclared (first use in this function)
       dst =3D ((struct batadv_unicast_tvlv_packet *)skb->data)->dst;
       ^~~
    /home/build_test/build_env/tmp.Yn6tGCukvG/net/batman-adv/tvlv.c:399:3: =
note: each undeclared identifier is reported only once for each function it=
 appears in
    /home/build_test/build_env/tmp.Yn6tGCukvG/net/batman-adv/tvlv.c:405:3: =
error: a label can only be part of a statement and a declaration is not a s=
tatement
       unsigned int tvlv_offset;
       ^~~~~~~~
    /home/build_test/build_env/tmp.Yn6tGCukvG/net/batman-adv/tvlv.c:398:7: =
warning: this statement may fall through [-Wimplicit-fallthrough=3D]
       src =3D ((struct batadv_unicast_tvlv_packet *)skb->data)->src;
       ~~~~^~~~~~~~~~~~~~~~~~~~~~~~~~~~~~~~~~~~~~~~~~~~~~~~~~~~~~~
    /home/build_test/build_env/tmp.Yn6tGCukvG/net/batman-adv/tvlv.c:404:2: =
note: here
      case BATADV_MCAST:
      ^~~~
    make[3]: *** [scripts/Makefile.build:250: /home/build_test/build_env/tm=
p.Yn6tGCukvG/net/batman-adv/tvlv.o] Error 1
    make[2]: *** [scripts/Makefile.build:500: /home/build_test/build_env/tm=
p.Yn6tGCukvG/net/batman-adv] Error 2
    make[1]: *** [Makefile:1992: /home/build_test/build_env/tmp.Yn6tGCukvG]=
 Error 2
    make: *** [Makefile:68: all] Error 2

ecsv/pu: sparse linux-6.1 cfg: BLA=3Dy DAT=3Dy DEBUG=3Dy TRACING=3Dy NC=3Dy=
 MCAST=3Dn BATMAN_V=3Dy
=2D------------------------------------------------------------------------=
=2D-

    /home/build_test/build_env/tmp.Yn6tGCukvG/net/batman-adv/network-coding=
=2Ec: In function =E2=80=98batadv_nc_mesh_init=E2=80=99:
    /home/build_test/build_env/tmp.Yn6tGCukvG/net/batman-adv/network-coding=
=2Ec:163:16: warning: passing argument 4 of =E2=80=98batadv_tvlv_handler_re=
gister=E2=80=99 makes pointer from integer without a cast [-Wint-conversion]
              NULL, BATADV_TVLV_NC, 1,
                    ^~~~~~~~~~~~~~
    In file included from /home/build_test/build_env/tmp.Yn6tGCukvG/net/bat=
man-adv/network-coding.c:45:
    /home/build_test/build_env/tmp.Yn6tGCukvG/net/batman-adv/tvlv.h:37:13: =
note: expected =E2=80=98int (*)(struct batadv_priv *, struct sk_buff *)=E2=
=80=99 but argument is of type =E2=80=98int=E2=80=99
           int (*mptr)(struct batadv_priv *bat_priv,
           ~~~~~~^~~~~~~~~~~~~~~~~~~~~~~~~~~~~~~~~~~
                struct sk_buff *skb),
                ~~~~~~~~~~~~~~~~~~~~
    /home/build_test/build_env/tmp.Yn6tGCukvG/net/batman-adv/network-coding=
=2Ec:162:2: error: too few arguments to function =E2=80=98batadv_tvlv_handl=
er_register=E2=80=99
      batadv_tvlv_handler_register(bat_priv, batadv_nc_tvlv_ogm_handler_v1,
      ^~~~~~~~~~~~~~~~~~~~~~~~~~~~
    In file included from /home/build_test/build_env/tmp.Yn6tGCukvG/net/bat=
man-adv/network-coding.c:45:
    /home/build_test/build_env/tmp.Yn6tGCukvG/net/batman-adv/tvlv.h:27:6: n=
ote: declared here
     void batadv_tvlv_handler_register(struct batadv_priv *bat_priv,
          ^~~~~~~~~~~~~~~~~~~~~~~~~~~~
    make[3]: *** [scripts/Makefile.build:250: /home/build_test/build_env/tm=
p.Yn6tGCukvG/net/batman-adv/network-coding.o] Error 1
    make[2]: *** [scripts/Makefile.build:500: /home/build_test/build_env/tm=
p.Yn6tGCukvG/net/batman-adv] Error 2
    make[1]: *** [Makefile:1992: /home/build_test/build_env/tmp.Yn6tGCukvG]=
 Error 2
    make: *** [Makefile:68: all] Error 2

ecsv/pu: unused_symbols linux-4.11 cfg: BLA=3Dn DAT=3Dy DEBUG=3Dn TRACING=
=3Dy NC=3Dy MCAST=3Dn BATMAN_V=3Dy
=2D------------------------------------------------------------------------=
=2D-

    batadv_algo_get
    batadv_algo_select
    batadv_broadcast_addr
    batadv_dat_drop_broadcast_packet
    batadv_dat_snoop_incoming_arp_reply
    batadv_dat_snoop_incoming_arp_request
    batadv_dat_snoop_incoming_dhcp_ack
    batadv_dat_snoop_outgoing_arp_reply
    batadv_dat_snoop_outgoing_arp_request
    batadv_dat_snoop_outgoing_dhcp_ack
    batadv_frag_purge_orig
    batadv_frag_send_packet
    batadv_frag_skb_buffer
    batadv_frag_skb_fwd
    batadv_gw_dhcp_recipient_get
    batadv_gw_election
    batadv_gw_get_selected_orig
    batadv_gw_node_delete
    batadv_gw_out_of_range
    batadv_hardif_disable_interface
    batadv_hardif_enable_interface
    batadv_hardif_min_mtu
    batadv_hash_set_lock_class
    batadv_mesh_free
    batadv_mesh_init
    batadv_netlink_tpmeter_notify
    batadv_routing_algo
    batadv_skb_set_priority
    batadv_vlan_ap_isola_get

ecsv/pu: unused_symbols linux-4.11 cfg: BLA=3Dy DAT=3Dn DEBUG=3Dn TRACING=
=3Dn NC=3Dy MCAST=3Dn BATMAN_V=3Dn
=2D------------------------------------------------------------------------=
=2D-

    batadv_algo_get
    batadv_algo_select
    batadv_bla_check_bcast_duplist
    batadv_bla_is_backbone_gw
    batadv_bla_is_backbone_gw_orig
    batadv_bla_rx
    batadv_bla_tx
    batadv_broadcast_addr
    batadv_frag_purge_orig
    batadv_frag_send_packet
    batadv_frag_skb_buffer
    batadv_frag_skb_fwd
    batadv_gw_dhcp_recipient_get
    batadv_gw_election
    batadv_gw_get_selected_orig
    batadv_gw_node_delete
    batadv_gw_out_of_range
    batadv_hardif_disable_interface
    batadv_hardif_enable_interface
    batadv_hardif_min_mtu
    batadv_hardif_no_broadcast
    batadv_is_my_mac
    batadv_mesh_free
    batadv_mesh_init
    batadv_netlink_tpmeter_notify
    batadv_routing_algo
    batadv_skb_set_priority
    batadv_vlan_ap_isola_get

ecsv/pu: unused_symbols linux-4.17 cfg: BLA=3Dn DAT=3Dy DEBUG=3Dn TRACING=
=3Dy NC=3Dy MCAST=3Dn BATMAN_V=3Dn
=2D------------------------------------------------------------------------=
=2D-

    batadv_algo_get
    batadv_algo_select
    batadv_broadcast_addr
    batadv_dat_drop_broadcast_packet
    batadv_dat_snoop_incoming_arp_reply
    batadv_dat_snoop_incoming_arp_request
    batadv_dat_snoop_incoming_dhcp_ack
    batadv_dat_snoop_outgoing_arp_reply
    batadv_dat_snoop_outgoing_arp_request
    batadv_dat_snoop_outgoing_dhcp_ack
    batadv_frag_purge_orig
    batadv_frag_send_packet
    batadv_frag_skb_buffer
    batadv_frag_skb_fwd
    batadv_gw_dhcp_recipient_get
    batadv_gw_election
    batadv_gw_get_selected_orig
    batadv_gw_node_delete
    batadv_gw_out_of_range
    batadv_hardif_disable_interface
    batadv_hardif_enable_interface
    batadv_hardif_min_mtu
    batadv_hardif_no_broadcast
    batadv_hash_set_lock_class
    batadv_is_my_mac
    batadv_mesh_free
    batadv_mesh_init
    batadv_netlink_tpmeter_notify
    batadv_routing_algo
    batadv_skb_set_priority
    batadv_vlan_ap_isola_get

ecsv/pu: unused_symbols linux-4.17 cfg: BLA=3Dy DAT=3Dn DEBUG=3Dn TRACING=
=3Dn NC=3Dn MCAST=3Dy BATMAN_V=3Dn
=2D------------------------------------------------------------------------=
=2D-

    batadv_algo_dump
    batadv_algo_get
    batadv_algo_select
    batadv_bla_backbone_dump
    batadv_bla_check_bcast_duplist
    batadv_bla_claim_dump
    batadv_bla_is_backbone_gw
    batadv_bla_rx
    batadv_bla_status_update
    batadv_bla_tx
    batadv_broadcast_addr
    batadv_frag_purge_orig
    batadv_frag_send_packet
    batadv_frag_skb_buffer
    batadv_frag_skb_fwd
    batadv_gw_dhcp_recipient_get
    batadv_gw_dump
    batadv_gw_election
    batadv_gw_get_selected_orig
    batadv_gw_node_delete
    batadv_gw_out_of_range
    batadv_gw_tvlv_container_update
    batadv_hardif_disable_interface
    batadv_hardif_enable_interface
    batadv_hardif_get_by_netdev
    batadv_hardif_min_mtu
    batadv_hardif_no_broadcast
    batadv_is_my_mac
    batadv_mcast_flags_dump
    batadv_mcast_forw_mode
    batadv_mcast_forw_mode_by_count
    batadv_mcast_forw_send
    batadv_mcast_mesh_info_put
    batadv_mcast_purge_orig
    batadv_mesh_free
    batadv_mesh_init
    batadv_routing_algo
    batadv_skb_set_priority
    batadv_update_min_mtu
    batadv_vlan_ap_isola_get

ecsv/pu: unused_symbols linux-4.17 cfg: BLA=3Dy DAT=3Dn DEBUG=3Dy TRACING=
=3Dn NC=3Dy MCAST=3Dy BATMAN_V=3Dy
=2D------------------------------------------------------------------------=
=2D-

    batadv_algo_dump
    batadv_algo_get
    batadv_algo_select
    batadv_bla_backbone_dump
    batadv_bla_check_bcast_duplist
    batadv_bla_claim_dump
    batadv_bla_is_backbone_gw
    batadv_bla_rx
    batadv_bla_status_update
    batadv_bla_tx
    batadv_broadcast_addr
    batadv_frag_purge_orig
    batadv_frag_send_packet
    batadv_frag_skb_buffer
    batadv_frag_skb_fwd
    batadv_gw_dhcp_recipient_get
    batadv_gw_dump
    batadv_gw_election
    batadv_gw_get_selected_orig
    batadv_gw_node_delete
    batadv_gw_out_of_range
    batadv_gw_tvlv_container_update
    batadv_hardif_disable_interface
    batadv_hardif_enable_interface
    batadv_hardif_get_by_netdev
    batadv_hardif_min_mtu
    batadv_mcast_flags_dump
    batadv_mcast_forw_mode
    batadv_mcast_forw_mode_by_count
    batadv_mcast_forw_send
    batadv_mcast_mesh_info_put
    batadv_mcast_purge_orig
    batadv_mesh_free
    batadv_mesh_init
    batadv_routing_algo
    batadv_skb_set_priority
    batadv_update_min_mtu
    batadv_vlan_ap_isola_get

ecsv/pu: unused_symbols linux-4.18 cfg: BLA=3Dy DAT=3Dn DEBUG=3Dn TRACING=
=3Dn NC=3Dy MCAST=3Dn BATMAN_V=3Dy
=2D------------------------------------------------------------------------=
=2D-

    batadv_algo_get
    batadv_algo_select
    batadv_bla_check_bcast_duplist
    batadv_bla_is_backbone_gw
    batadv_bla_is_backbone_gw_orig
    batadv_bla_rx
    batadv_bla_tx
    batadv_broadcast_addr
    batadv_frag_purge_orig
    batadv_frag_send_packet
    batadv_frag_skb_buffer
    batadv_frag_skb_fwd
    batadv_gw_dhcp_recipient_get
    batadv_gw_election
    batadv_gw_get_selected_orig
    batadv_gw_node_delete
    batadv_gw_out_of_range
    batadv_hardif_disable_interface
    batadv_hardif_enable_interface
    batadv_hardif_min_mtu
    batadv_mesh_free
    batadv_mesh_init
    batadv_netlink_tpmeter_notify
    batadv_routing_algo
    batadv_skb_set_priority
    batadv_vlan_ap_isola_get

ecsv/pu: unused_symbols linux-4.19 cfg: BLA=3Dy DAT=3Dy DEBUG=3Dn TRACING=
=3Dy NC=3Dy MCAST=3Dy BATMAN_V=3Dy
=2D------------------------------------------------------------------------=
=2D-

    batadv_algo_dump
    batadv_algo_get
    batadv_algo_select
    batadv_bla_backbone_dump
    batadv_bla_check_bcast_duplist
    batadv_bla_claim_dump
    batadv_bla_is_backbone_gw
    batadv_bla_rx
    batadv_bla_status_update
    batadv_bla_tx
    batadv_broadcast_addr
    batadv_dat_cache_dump
    batadv_dat_drop_broadcast_packet
    batadv_dat_snoop_incoming_arp_reply
    batadv_dat_snoop_incoming_arp_request
    batadv_dat_snoop_incoming_dhcp_ack
    batadv_dat_snoop_outgoing_arp_reply
    batadv_dat_snoop_outgoing_arp_request
    batadv_dat_snoop_outgoing_dhcp_ack
    batadv_dat_status_update
    batadv_frag_purge_orig
    batadv_frag_send_packet
    batadv_frag_skb_buffer
    batadv_frag_skb_fwd
    batadv_gw_dhcp_recipient_get
    batadv_gw_dump
    batadv_gw_election
    batadv_gw_get_selected_orig
    batadv_gw_node_delete
    batadv_gw_out_of_range
    batadv_gw_tvlv_container_update
    batadv_hardif_disable_interface
    batadv_hardif_enable_interface
    batadv_hardif_get_by_netdev
    batadv_hardif_min_mtu
    batadv_mcast_flags_dump
    batadv_mcast_forw_mode
    batadv_mcast_forw_mode_by_count
    batadv_mcast_forw_send
    batadv_mcast_mesh_info_put
    batadv_mcast_purge_orig
    batadv_mesh_free
    batadv_mesh_init
    batadv_routing_algo
    batadv_skb_set_priority
    batadv_update_min_mtu
    batadv_vlan_ap_isola_get

ecsv/pu: unused_symbols linux-5.10.159 cfg: BLA=3Dn DAT=3Dy DEBUG=3Dy TRACI=
NG=3Dy NC=3Dy MCAST=3Dy BATMAN_V=3Dy
=2D------------------------------------------------------------------------=
=2D-

    batadv_algo_dump
    batadv_algo_get
    batadv_algo_select
    batadv_broadcast_addr
    batadv_dat_cache_dump
    batadv_dat_drop_broadcast_packet
    batadv_dat_snoop_incoming_arp_reply
    batadv_dat_snoop_incoming_arp_request
    batadv_dat_snoop_incoming_dhcp_ack
    batadv_dat_snoop_outgoing_arp_reply
    batadv_dat_snoop_outgoing_arp_request
    batadv_dat_snoop_outgoing_dhcp_ack
    batadv_dat_status_update
    batadv_frag_purge_orig
    batadv_frag_send_packet
    batadv_frag_skb_buffer
    batadv_frag_skb_fwd
    batadv_gw_dhcp_recipient_get
    batadv_gw_dump
    batadv_gw_election
    batadv_gw_get_selected_orig
    batadv_gw_node_delete
    batadv_gw_out_of_range
    batadv_gw_tvlv_container_update
    batadv_hardif_disable_interface
    batadv_hardif_enable_interface
    batadv_hardif_get_by_netdev
    batadv_hardif_min_mtu
    batadv_hash_set_lock_class
    batadv_mcast_flags_dump
    batadv_mcast_forw_mode
    batadv_mcast_forw_mode_by_count
    batadv_mcast_forw_send
    batadv_mcast_mesh_info_put
    batadv_mcast_purge_orig
    batadv_mesh_free
    batadv_mesh_init
    batadv_routing_algo
    batadv_skb_set_priority
    batadv_update_min_mtu
    batadv_vlan_ap_isola_get

ecsv/pu: unused_symbols linux-5.12 cfg: BLA=3Dn DAT=3Dy DEBUG=3Dn TRACING=
=3Dn NC=3Dy MCAST=3Dy BATMAN_V=3Dn
=2D------------------------------------------------------------------------=
=2D-

    batadv_algo_dump
    batadv_algo_get
    batadv_algo_select
    batadv_broadcast_addr
    batadv_dat_cache_dump
    batadv_dat_drop_broadcast_packet
    batadv_dat_snoop_incoming_arp_reply
    batadv_dat_snoop_incoming_arp_request
    batadv_dat_snoop_incoming_dhcp_ack
    batadv_dat_snoop_outgoing_arp_reply
    batadv_dat_snoop_outgoing_arp_request
    batadv_dat_snoop_outgoing_dhcp_ack
    batadv_dat_status_update
    batadv_frag_purge_orig
    batadv_frag_send_packet
    batadv_frag_skb_buffer
    batadv_frag_skb_fwd
    batadv_gw_dhcp_recipient_get
    batadv_gw_dump
    batadv_gw_election
    batadv_gw_get_selected_orig
    batadv_gw_node_delete
    batadv_gw_out_of_range
    batadv_gw_tvlv_container_update
    batadv_hardif_disable_interface
    batadv_hardif_enable_interface
    batadv_hardif_get_by_netdev
    batadv_hardif_min_mtu
    batadv_hardif_no_broadcast
    batadv_hash_set_lock_class
    batadv_is_my_mac
    batadv_mcast_flags_dump
    batadv_mcast_forw_mode
    batadv_mcast_forw_mode_by_count
    batadv_mcast_forw_send
    batadv_mcast_mesh_info_put
    batadv_mcast_purge_orig
    batadv_mesh_free
    batadv_mesh_init
    batadv_routing_algo
    batadv_skb_set_priority
    batadv_update_min_mtu
    batadv_vlan_ap_isola_get

ecsv/pu: unused_symbols linux-5.17 cfg: BLA=3Dn DAT=3Dn DEBUG=3Dy TRACING=
=3Dy NC=3Dy MCAST=3Dn BATMAN_V=3Dy
=2D------------------------------------------------------------------------=
=2D-

    batadv_algo_get
    batadv_algo_select
    batadv_broadcast_addr
    batadv_frag_purge_orig
    batadv_frag_send_packet
    batadv_frag_skb_buffer
    batadv_frag_skb_fwd
    batadv_gw_dhcp_recipient_get
    batadv_gw_election
    batadv_gw_get_selected_orig
    batadv_gw_node_delete
    batadv_gw_out_of_range
    batadv_hardif_disable_interface
    batadv_hardif_enable_interface
    batadv_hardif_min_mtu
    batadv_hash_destroy
    batadv_hash_new
    batadv_hash_set_lock_class
    batadv_mesh_free
    batadv_mesh_init
    batadv_netlink_tpmeter_notify
    batadv_routing_algo
    batadv_skb_set_priority
    batadv_vlan_ap_isola_get

ecsv/pu: unused_symbols linux-5.17 cfg: BLA=3Dy DAT=3Dy DEBUG=3Dy TRACING=
=3Dn NC=3Dy MCAST=3Dn BATMAN_V=3Dy
=2D------------------------------------------------------------------------=
=2D-

    batadv_algo_get
    batadv_algo_select
    batadv_bla_check_bcast_duplist
    batadv_bla_is_backbone_gw
    batadv_bla_is_backbone_gw_orig
    batadv_bla_rx
    batadv_bla_tx
    batadv_broadcast_addr
    batadv_dat_drop_broadcast_packet
    batadv_dat_snoop_incoming_arp_reply
    batadv_dat_snoop_incoming_arp_request
    batadv_dat_snoop_incoming_dhcp_ack
    batadv_dat_snoop_outgoing_arp_reply
    batadv_dat_snoop_outgoing_arp_request
    batadv_dat_snoop_outgoing_dhcp_ack
    batadv_frag_purge_orig
    batadv_frag_send_packet
    batadv_frag_skb_buffer
    batadv_frag_skb_fwd
    batadv_gw_dhcp_recipient_get
    batadv_gw_election
    batadv_gw_get_selected_orig
    batadv_gw_node_delete
    batadv_gw_out_of_range
    batadv_hardif_disable_interface
    batadv_hardif_enable_interface
    batadv_hardif_min_mtu
    batadv_mesh_free
    batadv_mesh_init
    batadv_netlink_tpmeter_notify
    batadv_routing_algo
    batadv_skb_set_priority
    batadv_vlan_ap_isola_get

ecsv/pu: unused_symbols linux-5.2 cfg: BLA=3Dy DAT=3Dy DEBUG=3Dn TRACING=3D=
y NC=3Dy MCAST=3Dn BATMAN_V=3Dn
=2D------------------------------------------------------------------------=
=2D-

    batadv_algo_get
    batadv_algo_select
    batadv_bla_check_bcast_duplist
    batadv_bla_is_backbone_gw
    batadv_bla_is_backbone_gw_orig
    batadv_bla_rx
    batadv_bla_tx
    batadv_broadcast_addr
    batadv_dat_drop_broadcast_packet
    batadv_dat_snoop_incoming_arp_reply
    batadv_dat_snoop_incoming_arp_request
    batadv_dat_snoop_incoming_dhcp_ack
    batadv_dat_snoop_outgoing_arp_reply
    batadv_dat_snoop_outgoing_arp_request
    batadv_dat_snoop_outgoing_dhcp_ack
    batadv_frag_purge_orig
    batadv_frag_send_packet
    batadv_frag_skb_buffer
    batadv_frag_skb_fwd
    batadv_gw_dhcp_recipient_get
    batadv_gw_election
    batadv_gw_get_selected_orig
    batadv_gw_node_delete
    batadv_gw_out_of_range
    batadv_hardif_disable_interface
    batadv_hardif_enable_interface
    batadv_hardif_min_mtu
    batadv_hardif_no_broadcast
    batadv_is_my_mac
    batadv_mesh_free
    batadv_mesh_init
    batadv_netlink_tpmeter_notify
    batadv_routing_algo
    batadv_skb_set_priority
    batadv_vlan_ap_isola_get

ecsv/pu: unused_symbols linux-5.5 cfg: BLA=3Dn DAT=3Dn DEBUG=3Dn TRACING=3D=
y NC=3Dn MCAST=3Dy BATMAN_V=3Dn
=2D------------------------------------------------------------------------=
=2D-

    batadv_algo_dump
    batadv_algo_get
    batadv_algo_select
    batadv_broadcast_addr
    batadv_frag_purge_orig
    batadv_frag_send_packet
    batadv_frag_skb_buffer
    batadv_frag_skb_fwd
    batadv_gw_dhcp_recipient_get
    batadv_gw_dump
    batadv_gw_election
    batadv_gw_get_selected_orig
    batadv_gw_node_delete
    batadv_gw_out_of_range
    batadv_gw_tvlv_container_update
    batadv_hardif_disable_interface
    batadv_hardif_enable_interface
    batadv_hardif_get_by_netdev
    batadv_hardif_min_mtu
    batadv_hardif_no_broadcast
    batadv_hash_destroy
    batadv_hash_new
    batadv_hash_set_lock_class
    batadv_is_my_mac
    batadv_mcast_flags_dump
    batadv_mcast_forw_mode
    batadv_mcast_forw_mode_by_count
    batadv_mcast_forw_send
    batadv_mcast_mesh_info_put
    batadv_mcast_purge_orig
    batadv_mesh_free
    batadv_mesh_init
    batadv_routing_algo
    batadv_skb_set_priority
    batadv_update_min_mtu
    batadv_vlan_ap_isola_get

ecsv/pu: unused_symbols linux-5.6 cfg: BLA=3Dy DAT=3Dy DEBUG=3Dn TRACING=3D=
y NC=3Dn MCAST=3Dy BATMAN_V=3Dn
=2D------------------------------------------------------------------------=
=2D-

    batadv_algo_dump
    batadv_algo_get
    batadv_algo_select
    batadv_bla_backbone_dump
    batadv_bla_check_bcast_duplist
    batadv_bla_claim_dump
    batadv_bla_is_backbone_gw
    batadv_bla_rx
    batadv_bla_status_update
    batadv_bla_tx
    batadv_broadcast_addr
    batadv_dat_cache_dump
    batadv_dat_drop_broadcast_packet
    batadv_dat_snoop_incoming_arp_reply
    batadv_dat_snoop_incoming_arp_request
    batadv_dat_snoop_incoming_dhcp_ack
    batadv_dat_snoop_outgoing_arp_reply
    batadv_dat_snoop_outgoing_arp_request
    batadv_dat_snoop_outgoing_dhcp_ack
    batadv_dat_status_update
    batadv_frag_purge_orig
    batadv_frag_send_packet
    batadv_frag_skb_buffer
    batadv_frag_skb_fwd
    batadv_gw_dhcp_recipient_get
    batadv_gw_dump
    batadv_gw_election
    batadv_gw_get_selected_orig
    batadv_gw_node_delete
    batadv_gw_out_of_range
    batadv_gw_tvlv_container_update
    batadv_hardif_disable_interface
    batadv_hardif_enable_interface
    batadv_hardif_get_by_netdev
    batadv_hardif_min_mtu
    batadv_hardif_no_broadcast
    batadv_is_my_mac
    batadv_mcast_flags_dump
    batadv_mcast_forw_mode
    batadv_mcast_forw_mode_by_count
    batadv_mcast_forw_send
    batadv_mcast_mesh_info_put
    batadv_mcast_purge_orig
    batadv_mesh_free
    batadv_mesh_init
    batadv_routing_algo
    batadv_skb_set_priority
    batadv_update_min_mtu
    batadv_vlan_ap_isola_get

ecsv/pu: unused_symbols linux-5.7 cfg: BLA=3Dn DAT=3Dn DEBUG=3Dy TRACING=3D=
y NC=3Dy MCAST=3Dy BATMAN_V=3Dy
=2D------------------------------------------------------------------------=
=2D-

    batadv_algo_dump
    batadv_algo_get
    batadv_algo_select
    batadv_broadcast_addr
    batadv_frag_purge_orig
    batadv_frag_send_packet
    batadv_frag_skb_buffer
    batadv_frag_skb_fwd
    batadv_gw_dhcp_recipient_get
    batadv_gw_dump
    batadv_gw_election
    batadv_gw_get_selected_orig
    batadv_gw_node_delete
    batadv_gw_out_of_range
    batadv_gw_tvlv_container_update
    batadv_hardif_disable_interface
    batadv_hardif_enable_interface
    batadv_hardif_get_by_netdev
    batadv_hardif_min_mtu
    batadv_hash_destroy
    batadv_hash_new
    batadv_hash_set_lock_class
    batadv_mcast_flags_dump
    batadv_mcast_forw_mode
    batadv_mcast_forw_mode_by_count
    batadv_mcast_forw_send
    batadv_mcast_mesh_info_put
    batadv_mcast_purge_orig
    batadv_mesh_free
    batadv_mesh_init
    batadv_routing_algo
    batadv_skb_set_priority
    batadv_update_min_mtu
    batadv_vlan_ap_isola_get

ecsv/pu: unused_symbols linux-6.0 cfg: BLA=3Dn DAT=3Dn DEBUG=3Dn TRACING=3D=
n NC=3Dy MCAST=3Dn BATMAN_V=3Dn
=2D------------------------------------------------------------------------=
=2D-

    batadv_algo_get
    batadv_algo_select
    batadv_broadcast_addr
    batadv_event_workqueue
    batadv_frag_purge_orig
    batadv_frag_send_packet
    batadv_frag_skb_buffer
    batadv_frag_skb_fwd
    batadv_gw_dhcp_recipient_get
    batadv_gw_election
    batadv_gw_get_selected_orig
    batadv_gw_node_delete
    batadv_gw_out_of_range
    batadv_hardif_disable_interface
    batadv_hardif_enable_interface
    batadv_hardif_min_mtu
    batadv_hardif_no_broadcast
    batadv_hash_destroy
    batadv_hash_new
    batadv_hash_set_lock_class
    batadv_is_my_mac
    batadv_mesh_free
    batadv_mesh_init
    batadv_netlink_tpmeter_notify
    batadv_routing_algo
    batadv_skb_set_priority
    batadv_vlan_ap_isola_get


Statistics
=3D=3D=3D=3D=3D=3D=3D=3D=3D=3D

ecsv/pu
=2D------

=46ailed tests:               214
Started build tests:        121
Tested Linux versions:       38
Tested configs:              84

--nextPart5988489.MhkbZ0Pkbq
Content-Type: application/pgp-signature; name="signature.asc"
Content-Description: This is a digitally signed message part.
Content-Transfer-Encoding: 7Bit

-----BEGIN PGP SIGNATURE-----

iQIzBAABCgAdFiEEF10rh2Elc9zjMuACXYcKB8Eme0YFAmOp7NkACgkQXYcKB8Em
e0ZibRAAgej/VWVsX//nTE0DPQ5znbn6hhtra5miSWXlbZ1Gz+XMNkZxvuGxLneA
oHw5UlnPok0zDgpmZLOet1BpR0hXBQrzesvsIiJMS29wwwPKUWZKPUXmi5GTAj/b
Dh7luUd+uMqkTxOebpu9ZmUVjfp6Wncrcf74uoSIeSNsv3CzBZTUnZiOeOIGplOj
Aytw42SlNDFXst4mdyeSycOe6qiqPKm3ibexl4me7KlHsMncL+ZRK1yRZ1ayTtZj
NPxZ/dpcys3hhsL1nRlLBfj9Z1ExP1Gh/DTAN8JSKr5w/iiNYRsUP49BqpDNhzuX
XFCs0BmKNS9tu3Cy0gi5SMybOB+gXgYpXnwhDNNh8jQ9q7R0rZIjRwOuhq5bLuQM
btySt5bia86EUv9ov9y7UJMtFhkSBcuaTUuvV6xYhXcLuUkd7gnrIRoR8C9mZnME
nzyEecfRt6S9TFWhhkKOvB+pdOPqKrb5KDkyns/zGEjM/w9bCK65wVhkMbYbTHs2
5luSFoRyM03Gu24Ob832p3xod+TpQcLR/PANeH+SaWdbMuxUkMe4wpJwnnQdjs0o
bmCZLuYJKH8w/t84LBMOW43WoXx0ziOEHeZ9xNCK7TwAFeUaXaCnuTEFxtb5uceg
awmwTXoexDqQOrwTJ+us2o9ehBzZw0nOjg6T6nkQx1zrWZdtfrY=
=OCna
-----END PGP SIGNATURE-----

--nextPart5988489.MhkbZ0Pkbq--


